<ValueSet xmlns="http://hl7.org/fhir" xmlns:xsi="http://www.w3.org/2001/XMLSchema-instance" xsi:schemaLocation="http://hl7.org/fhir ../../schema/conformance.xsd">
  <id value="test-ig-vs"/>
  <url value="http://hl7.org/fhir/test-ig-10/ValueSet/test-ig-vs"/>
  <version value="0.1"/>
  <name value="Test IG Value Set"/>
  <status value="draft"/>
  <experimental value="true"/>
  <publisher value="HL7 International"/>
  <contact>
    <name value="FHIR project team"/>
    <telecom>
      <system value="other"/>
      <value value="http://hl7.org/fhir"/>
    </telecom>
  </contact>
  <date value="2016-01-28"/>
  <description value="Example value set for testing IG publication issues"/>

  <codeSystem>
    <system value="http://hl7.org/fhir/test/CodeSystem/test-ig-cs"/>
    <version value="0.1"/>
    <caseSensitive value="true"/>
    <concept>
      <code value="code 1"/>
      <display value="Test Code 1"/>
      <definition value="Definition for Test Code 1"/>
    </concept>
    <concept>
      <code value="code 2"/>
      <display value="Test Code 2"/>
      <definition value="Definition for Test Code 2"/>
      <concept>
        <code value="code 3"/>
        <display value="Test Code 3"/>
        <definition value="Definition for Test Code 3"/>
      </concept>
    </concept>
  </codeSystem>
</ValueSet>
