<StructureDefinition xmlns="http://hl7.org/fhir"> 
 <id value="test-ig-sd"/>
 <url value="http://hl7.org/fhir/test/StructureDefinition/test-ig-sd"/>
 <name value="Test Profile"/>
 <title value="Test Patient"/>
 <status value="draft"/>
 <experimental value="true"/>
 <publisher value="FHIR Project"/>
 <date value="2016-06-21T17:44:00+10:00"/>
 <description value="Test Profile to test publishing"/>
 <fhirVersion value="1.4.0"/>
 <mapping>  
  <identity value="tst"/>
  <uri value="http://testuri.org/"/>
  <name value="Test Mapping"/>
  <comment value="Test Mapping Details"/>
 </mapping>
 <kind value="resource"/>
 <abstract value="false"/>
 <type value="Patient"/>
 <baseDefinition value="http://hl7.org/fhir/StructureDefinition/Patient"/>
 <derivation value="constraint"/>
 <differential>  
  <!-- 
    make active required
    fix the type for deceased
    fix the value for gender
    constrain birthdate
  -->
  <element>
    <path value="Patient.active"/>
    <min value="1"/>
  </element>
  <element>
    <path value="Patient.gender"/>
    <fixedCode value="female"/>
  </element>
  <element>
    <path value="Patient.birthDate"/>
    <constraint>
      <key value="tst-1"/>
      <severity value="error"/>
      <human value="A full date is required"/>
      <expression value="length() = 8"/>
    </constraint>
  </element>
  <element>
    <path value="Patient.deceased[x]"/>
    <type>
      <code value="dateTime"/>
    </type>
    <mustSupport value="true"/>
  </element>
  <element>
    <path value="Patient.generalPractitioner"/>
    <type>
      <code value="Reference"/>
      <profile value="http://hl7.org/fhir/StructureDefinition/Organization"/>
      <aggregation value="contained"/>
    </type>
    <mustSupport value="true"/>
  </element>
  
 </differential>
</StructureDefinition>
