<?xml version="1.0" encoding="UTF-8"?>

<ImplementationGuide xmlns="http://hl7.org/fhir">
  <id value="test-ig"/>
  <url value="http://hl7.org/fhir/test/ImplementationGuide/test-ig"/>
  <name value="Test Implementation Guide"/>
  <status value="draft"/>
  <experimental value="true"/>
  <publisher value="FHIR Project"/>
  <package>
    <name value="base"/>

    <resource>
      <example value="false"/>
      <sourceReference>
        <reference value="CodeSystem/test-ig-cs"/>
      </sourceReference>
    </resource>

    <resource>
      <example value="false"/>
      <sourceReference>
        <reference value="ValueSet/test-ig-vs"/>
      </sourceReference>
    </resource>
    <resource>
      <example value="false"/>
      <sourceReference>
        <reference value="ValueSet/test-ig-vsint"/>
      </sourceReference>
    </resource>
    <resource>
      <example value="false"/>
      <sourceReference>
        <reference value="ValueSet/test-ig-vsext"/>
      </sourceReference>
    </resource>
    <resource>
      <example value="false"/>
      <sourceReference>
        <reference value="ValueSet/test-ig-bnd1"/>
      </sourceReference>
    </resource>
    <resource>
      <example value="false"/>
      <sourceReference>
        <reference value="ValueSet/test-ig-bnd2"/>
      </sourceReference>
    </resource>

    
    <!-- Profiles --> 
    <resource>
      <example value="false"/>
      <sourceReference>
        <reference value="StructureDefinition/test-ig-sd"/>
      </sourceReference>
    </resource>
    
  </package>
  <page>
    <source value="index.html"/>
    <title value="Home Page"/>
    <kind value="page"/>
  </page>
</ImplementationGuide>