<?xml version="1.0" encoding="UTF-8"?>

<CodeSystem xmlns="http://hl7.org/fhir">
  <id value="test-ig-cs"/>
  <meta>
    <profile value="http://hl7.org/fhir/StructureDefinition/codesystem-shareable-definition"/>
  </meta>
 
  
  <url value="http://hl7.org/fhir/test/CodeSystem/test-ig-cs"/>
  <version value="0.1"/>
  <name value="Test IG Code System"/>
  <status value="draft"/>
  <experimental value="true"/>
  <publisher value="HL7 International"/>
  <contact>
    <name value="FHIR project team"/>
    <telecom>
      <system value="other"/>
      <value value="http://hl7.org/fhir"/>
    </telecom>
  </contact>
  <date value="2016-01-28"/>
  <description value="Example code system for testing IG publication issues"/>
  <caseSensitive value="true"/>
  <content value="complete"/>
  <concept>
    <code value="code 1"/>
    <display value="Test Code 1"/>
    <definition value="Definition for Test Code 1"/>
    <designation>
      <language value="de"/>
      <value value="Prüfung Code 1"/>
    </designation>
  </concept>
  <concept>
    <code value="code 2"/>
    <display value="Test Code 2"/>
    <definition value="Definition for Test Code 2"/>
    <designation>
      <language value="zh"/>
      <value value="测试代码2"/>
    </designation>
    <concept>
      <code value="code 3"/>
      <display value="Test Code 3"/>
      <definition value="Definition for Test Code 3"/>
    </concept>
  </concept>
</CodeSystem>