<?xml version="1.0"?>
<?mso-application progid="Excel.Sheet"?>
<Workbook xmlns="urn:schemas-microsoft-com:office:spreadsheet"
 xmlns:o="urn:schemas-microsoft-com:office:office"
 xmlns:x="urn:schemas-microsoft-com:office:excel"
 xmlns:ss="urn:schemas-microsoft-com:office:spreadsheet"
 xmlns:html="http://www.w3.org/TR/REC-html40">
 <DocumentProperties xmlns="urn:schemas-microsoft-com:office:office">
  <Author>Grahame</Author>
  <LastAuthor>Microsoft Office User</LastAuthor>
  <Created>2012-03-19T11:12:07Z</Created>
  <LastSaved>2017-03-06T23:37:32Z</LastSaved>
  <Version>16.00</Version>
 </DocumentProperties>
 <OfficeDocumentSettings xmlns="urn:schemas-microsoft-com:office:office">
  <AllowPNG/>
 </OfficeDocumentSettings>
 <ExcelWorkbook xmlns="urn:schemas-microsoft-com:office:excel">
  <WindowHeight>13410</WindowHeight>
  <WindowWidth>28800</WindowWidth>
  <WindowTopX>0</WindowTopX>
  <WindowTopY>0</WindowTopY>
  <ActiveSheet>2</ActiveSheet>
  <RefModeR1C1/>
  <ProtectStructure>False</ProtectStructure>
  <ProtectWindows>False</ProtectWindows>
 </ExcelWorkbook>
 <Styles>
  <Style ss:ID="Default" ss:Name="Normal">
   <Alignment ss:Vertical="Bottom"/>
   <Borders/>
   <Font ss:FontName="Calibri" x:Family="Swiss" ss:Size="11" ss:Color="#000000"/>
   <Interior/>
   <NumberFormat/>
   <Protection/>
  </Style>
  <Style ss:ID="s62" ss:Name="Hyperlink">
   <Font ss:FontName="Calibri" x:Family="Swiss" ss:Size="11" ss:Color="#0000FF"
    ss:Underline="Single"/>
  </Style>
  <Style ss:ID="s63">
   <Font ss:FontName="Calibri" x:Family="Swiss" ss:Size="11" ss:Color="#000000"
    ss:Bold="1"/>
  </Style>
  <Style ss:ID="s64">
   <Alignment ss:Vertical="Bottom" ss:WrapText="1"/>
  </Style>
  <Style ss:ID="s66" ss:Parent="s62">
   <Interior/>
  </Style>
  <Style ss:ID="s68">
   <Alignment ss:Vertical="Top"/>
  </Style>
  <Style ss:ID="s69">
   <Alignment ss:Horizontal="Left" ss:Vertical="Top"/>
   <Borders>
    <Border ss:Position="Bottom" ss:LineStyle="Continuous" ss:Weight="1"/>
    <Border ss:Position="Left" ss:LineStyle="Continuous" ss:Weight="3"/>
    <Border ss:Position="Right" ss:LineStyle="Continuous" ss:Weight="1"/>
    <Border ss:Position="Top" ss:LineStyle="Continuous" ss:Weight="3"/>
   </Borders>
   <Font ss:FontName="Calibri" x:Family="Swiss" ss:Size="11" ss:Color="#000000"
    ss:Bold="1"/>
   <Interior ss:Color="#FFFFFF" ss:Pattern="Solid"/>
  </Style>
  <Style ss:ID="s70">
   <Alignment ss:Horizontal="Left" ss:Vertical="Top"/>
   <Borders>
    <Border ss:Position="Bottom" ss:LineStyle="Continuous" ss:Weight="1"/>
    <Border ss:Position="Left" ss:LineStyle="Continuous" ss:Weight="1"/>
    <Border ss:Position="Right" ss:LineStyle="Continuous" ss:Weight="3"/>
    <Border ss:Position="Top" ss:LineStyle="Continuous" ss:Weight="3"/>
   </Borders>
   <Font ss:FontName="Calibri" x:Family="Swiss" ss:Size="11" ss:Color="#000000"
    ss:Bold="1"/>
   <Interior ss:Color="#FFFFFF" ss:Pattern="Solid"/>
  </Style>
  <Style ss:ID="s71">
   <Alignment ss:Horizontal="Left" ss:Vertical="Top"/>
   <Borders>
    <Border ss:Position="Bottom" ss:LineStyle="Continuous" ss:Weight="1"
     ss:Color="#C0C0C0"/>
    <Border ss:Position="Left" ss:LineStyle="Continuous" ss:Weight="3"/>
    <Border ss:Position="Top" ss:LineStyle="Continuous" ss:Weight="1"/>
   </Borders>
   <Font ss:FontName="Calibri" x:Family="Swiss" ss:Size="11" ss:Color="#000000"
    ss:Bold="1"/>
   <Interior ss:Color="#FFFFFF" ss:Pattern="Solid"/>
  </Style>
  <Style ss:ID="s72">
   <Alignment ss:Horizontal="Left" ss:Vertical="Top"/>
   <Borders>
    <Border ss:Position="Right" ss:LineStyle="Continuous" ss:Weight="3"/>
    <Border ss:Position="Top" ss:LineStyle="Continuous" ss:Weight="1"/>
   </Borders>
   <Font ss:FontName="Calibri" x:Family="Swiss" ss:Size="11" ss:Color="#000000"
    ss:Bold="1"/>
   <Interior/>
  </Style>
  <Style ss:ID="s73">
   <Alignment ss:Horizontal="Left" ss:Vertical="Top"/>
   <Borders>
    <Border ss:Position="Bottom" ss:LineStyle="Continuous" ss:Weight="1"
     ss:Color="#C0C0C0"/>
    <Border ss:Position="Left" ss:LineStyle="Continuous" ss:Weight="3"/>
    <Border ss:Position="Top" ss:LineStyle="Continuous" ss:Weight="1"
     ss:Color="#C0C0C0"/>
   </Borders>
   <Font ss:FontName="Calibri" x:Family="Swiss" ss:Size="11" ss:Color="#000000"
    ss:Bold="1"/>
   <Interior ss:Color="#FFFFFF" ss:Pattern="Solid"/>
  </Style>
  <Style ss:ID="s74">
   <Alignment ss:Horizontal="Left" ss:Vertical="Top"/>
   <Borders>
    <Border ss:Position="Right" ss:LineStyle="Continuous" ss:Weight="3"/>
   </Borders>
   <Font ss:FontName="Calibri" x:Family="Swiss" ss:Size="11" ss:Color="#000000"
    ss:Bold="1"/>
   <Interior/>
  </Style>
  <Style ss:ID="s75" ss:Parent="s62">
   <Alignment ss:Horizontal="Left" ss:Vertical="Top"/>
   <Borders>
    <Border ss:Position="Right" ss:LineStyle="Continuous" ss:Weight="3"/>
   </Borders>
   <Interior/>
  </Style>
  <Style ss:ID="s76">
   <Alignment ss:Vertical="Top"/>
   <Borders>
    <Border ss:Position="Right" ss:LineStyle="Continuous" ss:Weight="3"/>
   </Borders>
   <Interior/>
  </Style>
  <Style ss:ID="s77">
   <Alignment ss:Horizontal="Left" ss:Vertical="Top"/>
   <Borders>
    <Border ss:Position="Right" ss:LineStyle="Continuous" ss:Weight="3"/>
   </Borders>
   <Font ss:FontName="Calibri" x:Family="Swiss" ss:Size="11" ss:Color="#000000"
    ss:Bold="1"/>
   <Interior/>
   <NumberFormat ss:Format="yyyy\-mm\-dd;@"/>
  </Style>
  <Style ss:ID="s78" ss:Parent="s62">
   <Alignment ss:Vertical="Top"/>
   <Borders>
    <Border ss:Position="Right" ss:LineStyle="Continuous" ss:Weight="3"/>
   </Borders>
   <Interior/>
  </Style>
  <Style ss:ID="s79">
   <Alignment ss:Horizontal="Left" ss:Vertical="Bottom"/>
   <Borders>
    <Border ss:Position="Bottom" ss:LineStyle="Continuous" ss:Weight="1"
     ss:Color="#C0C0C0"/>
    <Border ss:Position="Left" ss:LineStyle="Continuous" ss:Weight="3"/>
    <Border ss:Position="Top" ss:LineStyle="Continuous" ss:Weight="1"
     ss:Color="#C0C0C0"/>
   </Borders>
   <Font ss:FontName="Calibri" x:Family="Swiss" ss:Size="11" ss:Color="#000000"
    ss:Bold="1"/>
   <Interior ss:Color="#FFFFFF" ss:Pattern="Solid"/>
  </Style>
  <Style ss:ID="s80">
   <Alignment ss:Horizontal="Left" ss:Vertical="Bottom"/>
   <Borders>
    <Border ss:Position="Right" ss:LineStyle="Continuous" ss:Weight="3"/>
   </Borders>
   <Interior/>
  </Style>
  <Style ss:ID="s81">
   <Alignment ss:Horizontal="Left" ss:Vertical="Bottom"/>
   <Borders>
    <Border ss:Position="Left" ss:LineStyle="Continuous" ss:Weight="3"/>
    <Border ss:Position="Top" ss:LineStyle="Continuous" ss:Weight="1"
     ss:Color="#C0C0C0"/>
   </Borders>
   <Font ss:FontName="Calibri" x:Family="Swiss" ss:Size="11" ss:Color="#000000"
    ss:Bold="1"/>
   <Interior ss:Color="#FFFFFF" ss:Pattern="Solid"/>
  </Style>
  <Style ss:ID="s82">
   <Alignment ss:Horizontal="Left" ss:Vertical="Bottom"/>
   <Borders>
    <Border ss:Position="Bottom" ss:LineStyle="Continuous" ss:Weight="3"/>
    <Border ss:Position="Left" ss:LineStyle="Continuous" ss:Weight="3"/>
    <Border ss:Position="Top" ss:LineStyle="Continuous" ss:Weight="1"
     ss:Color="#C0C0C0"/>
   </Borders>
   <Font ss:FontName="Calibri" x:Family="Swiss" ss:Size="11" ss:Color="#000000"
    ss:Bold="1"/>
   <Interior ss:Color="#FFFFFF" ss:Pattern="Solid"/>
  </Style>
  <Style ss:ID="s83">
   <Alignment ss:Horizontal="Left" ss:Vertical="Bottom"/>
   <Borders>
    <Border ss:Position="Bottom" ss:LineStyle="Continuous" ss:Weight="3"/>
    <Border ss:Position="Right" ss:LineStyle="Continuous" ss:Weight="3"/>
   </Borders>
   <Interior/>
  </Style>
  <Style ss:ID="s84">
   <Alignment ss:Horizontal="Left" ss:Vertical="Top" ss:ShrinkToFit="1"
    ss:WrapText="1"/>
  </Style>
  <Style ss:ID="s85">
   <Alignment ss:Horizontal="Left" ss:Vertical="Top" ss:ShrinkToFit="1"
    ss:WrapText="1"/>
   <Font ss:FontName="Calibri" x:Family="Swiss" ss:Size="11" ss:Color="#000000"
    ss:Bold="1"/>
  </Style>
  <Style ss:ID="s86">
   <Alignment ss:Horizontal="Left" ss:Vertical="Top" ss:ShrinkToFit="1"
    ss:WrapText="1"/>
   <Borders>
    <Border ss:Position="Bottom" ss:LineStyle="Continuous" ss:Weight="1"/>
   </Borders>
   <Font ss:FontName="Calibri" x:Family="Swiss" ss:Size="11" ss:Color="#000000"
    ss:Bold="1"/>
   <Interior ss:Color="#FFFFFF" ss:Pattern="Solid"/>
  </Style>
  <Style ss:ID="s87">
   <Alignment ss:Horizontal="Left" ss:Vertical="Top" ss:ShrinkToFit="1"
    ss:WrapText="1"/>
   <Borders>
    <Border ss:Position="Bottom" ss:LineStyle="Continuous" ss:Weight="1"/>
    <Border ss:Position="Left" ss:LineStyle="Continuous" ss:Weight="3"/>
    <Border ss:Position="Right" ss:LineStyle="Continuous" ss:Weight="1"/>
    <Border ss:Position="Top" ss:LineStyle="Continuous" ss:Weight="3"/>
   </Borders>
   <Font ss:FontName="Calibri" x:Family="Swiss" ss:Size="11" ss:Color="#000000"
    ss:Bold="1"/>
   <Interior ss:Color="#FFFFFF" ss:Pattern="Solid"/>
  </Style>
  <Style ss:ID="s88">
   <Alignment ss:Horizontal="Left" ss:Vertical="Top" ss:ShrinkToFit="1"
    ss:WrapText="1"/>
   <Borders>
    <Border ss:Position="Bottom" ss:LineStyle="Continuous" ss:Weight="1"/>
    <Border ss:Position="Left" ss:LineStyle="Continuous" ss:Weight="1"/>
    <Border ss:Position="Right" ss:LineStyle="Continuous" ss:Weight="1"/>
    <Border ss:Position="Top" ss:LineStyle="Continuous" ss:Weight="3"/>
   </Borders>
   <Font ss:FontName="Calibri" x:Family="Swiss" ss:Size="11" ss:Color="#000000"
    ss:Bold="1"/>
   <Interior ss:Color="#FFFFFF" ss:Pattern="Solid"/>
  </Style>
  <Style ss:ID="s89">
   <Alignment ss:Horizontal="Left" ss:Vertical="Top" ss:ShrinkToFit="1"
    ss:WrapText="1"/>
   <Borders>
    <Border ss:Position="Bottom" ss:LineStyle="Continuous" ss:Weight="1"/>
    <Border ss:Position="Left" ss:LineStyle="Continuous" ss:Weight="1"/>
    <Border ss:Position="Right" ss:LineStyle="Continuous" ss:Weight="1"/>
    <Border ss:Position="Top" ss:LineStyle="Continuous" ss:Weight="3"/>
   </Borders>
   <Font ss:FontName="Calibri" x:Family="Swiss" ss:Size="11" ss:Bold="1"/>
   <Interior ss:Color="#FFFFFF" ss:Pattern="Solid"/>
  </Style>
  <Style ss:ID="s90">
   <Alignment ss:Horizontal="Left" ss:Vertical="Top" ss:ShrinkToFit="1"
    ss:WrapText="1"/>
   <Borders>
    <Border ss:Position="Bottom" ss:LineStyle="Continuous" ss:Weight="1"/>
    <Border ss:Position="Left" ss:LineStyle="Continuous" ss:Weight="1"/>
    <Border ss:Position="Right" ss:LineStyle="Continuous" ss:Weight="1"/>
    <Border ss:Position="Top" ss:LineStyle="Continuous" ss:Weight="3"/>
   </Borders>
   <Font ss:FontName="Calibri" x:Family="Swiss" ss:Size="11" ss:Color="#333399"
    ss:Bold="1"/>
   <Interior ss:Color="#FFFFFF" ss:Pattern="Solid"/>
  </Style>
  <Style ss:ID="s91">
   <Alignment ss:Horizontal="Left" ss:Vertical="Top" ss:ShrinkToFit="1"
    ss:WrapText="1"/>
   <Borders>
    <Border ss:Position="Bottom" ss:LineStyle="Continuous" ss:Weight="1"/>
    <Border ss:Position="Left" ss:LineStyle="Continuous" ss:Weight="1"/>
    <Border ss:Position="Right" ss:LineStyle="Continuous" ss:Weight="3"/>
    <Border ss:Position="Top" ss:LineStyle="Continuous" ss:Weight="3"/>
   </Borders>
   <Font ss:FontName="Calibri" x:Family="Swiss" ss:Size="11" ss:Color="#000000"
    ss:Bold="1"/>
   <Interior ss:Color="#FFFFFF" ss:Pattern="Solid"/>
  </Style>
  <Style ss:ID="s92">
   <Alignment ss:Horizontal="Left" ss:Vertical="Top" ss:ShrinkToFit="1"
    ss:WrapText="1"/>
   <Borders>
    <Border ss:Position="Left" ss:LineStyle="Continuous" ss:Weight="3"/>
    <Border ss:Position="Top" ss:LineStyle="Continuous" ss:Weight="1"/>
   </Borders>
   <Interior/>
  </Style>
  <Style ss:ID="s93">
   <Alignment ss:Horizontal="Left" ss:Vertical="Top" ss:ShrinkToFit="1"
    ss:WrapText="1"/>
   <Borders>
    <Border ss:Position="Top" ss:LineStyle="Continuous" ss:Weight="1"/>
   </Borders>
   <Font ss:FontName="Calibri" x:Family="Swiss" ss:Size="11" ss:Color="#000000"/>
   <Interior ss:Color="#C0C0C0" ss:Pattern="Solid"/>
  </Style>
  <Style ss:ID="s94">
   <Alignment ss:Horizontal="Left" ss:Vertical="Top" ss:ShrinkToFit="1"
    ss:WrapText="1"/>
   <Borders>
    <Border ss:Position="Top" ss:LineStyle="Continuous" ss:Weight="1"/>
   </Borders>
   <Font ss:FontName="Calibri" x:Family="Swiss" ss:Size="11" ss:Color="#000000"
    ss:Bold="1"/>
   <Interior/>
  </Style>
  <Style ss:ID="s95">
   <Alignment ss:Horizontal="Left" ss:Vertical="Top" ss:ShrinkToFit="1"
    ss:WrapText="1"/>
   <Borders>
    <Border ss:Position="Top" ss:LineStyle="Continuous" ss:Weight="1"/>
   </Borders>
   <Interior/>
  </Style>
  <Style ss:ID="s96">
   <Alignment ss:Horizontal="Left" ss:Vertical="Top" ss:ShrinkToFit="1"
    ss:WrapText="1"/>
   <Borders>
    <Border ss:Position="Top" ss:LineStyle="Continuous" ss:Weight="1"/>
   </Borders>
   <Interior ss:Color="#C0C0C0" ss:Pattern="Solid"/>
  </Style>
  <Style ss:ID="s97">
   <Alignment ss:Horizontal="Left" ss:Vertical="Top" ss:ShrinkToFit="1"
    ss:WrapText="1"/>
   <Borders>
    <Border ss:Position="Top" ss:LineStyle="Continuous" ss:Weight="1"/>
   </Borders>
   <Font ss:FontName="Calibri" x:Family="Swiss" ss:Size="11" ss:Color="#333399"/>
   <Interior/>
  </Style>
  <Style ss:ID="s98">
   <Alignment ss:Vertical="Top" ss:WrapText="1"/>
   <Borders>
    <Border ss:Position="Top" ss:LineStyle="Continuous" ss:Weight="1"/>
   </Borders>
   <Font ss:FontName="Calibri" x:Family="Swiss" ss:Size="11" ss:Color="#333399"/>
   <Interior/>
   <NumberFormat/>
   <Protection/>
  </Style>
  <Style ss:ID="s99">
   <Alignment ss:Vertical="Top" ss:WrapText="1"/>
   <Borders>
    <Border ss:Position="Top" ss:LineStyle="Continuous" ss:Weight="1"/>
   </Borders>
   <Interior/>
   <NumberFormat/>
   <Protection/>
  </Style>
  <Style ss:ID="s100">
   <Alignment ss:Vertical="Top" ss:WrapText="1"/>
   <Borders>
    <Border ss:Position="Top" ss:LineStyle="Continuous" ss:Weight="1"/>
   </Borders>
   <Font ss:FontName="Calibri" x:Family="Swiss" ss:Size="11" ss:Color="#000000"/>
   <Interior/>
   <NumberFormat/>
   <Protection/>
  </Style>
  <Style ss:ID="s101">
   <Alignment ss:Vertical="Top" ss:WrapText="1"/>
   <Borders>
    <Border ss:Position="Top" ss:LineStyle="Continuous" ss:Weight="1"/>
   </Borders>
   <Interior ss:Color="#969696" ss:Pattern="Solid"/>
   <NumberFormat/>
   <Protection/>
  </Style>
  <Style ss:ID="s102">
   <Alignment ss:Horizontal="Left" ss:Vertical="Top" ss:ShrinkToFit="1"
    ss:WrapText="1"/>
   <Borders>
    <Border ss:Position="Right" ss:LineStyle="Continuous" ss:Weight="3"/>
    <Border ss:Position="Top" ss:LineStyle="Continuous" ss:Weight="1"/>
   </Borders>
   <Interior/>
  </Style>
  <Style ss:ID="s103">
   <Alignment ss:Horizontal="Left" ss:Vertical="Top" ss:ShrinkToFit="1"
    ss:WrapText="1"/>
   <Borders>
    <Border ss:Position="Left" ss:LineStyle="Continuous" ss:Weight="3"/>
   </Borders>
   <Interior/>
  </Style>
  <Style ss:ID="s104">
   <Alignment ss:Horizontal="Left" ss:Vertical="Top" ss:ShrinkToFit="1"
    ss:WrapText="1"/>
   <Borders/>
   <Font ss:FontName="Calibri" x:Family="Swiss" ss:Size="11" ss:Color="#000000"/>
   <Interior/>
  </Style>
  <Style ss:ID="s105">
   <Alignment ss:Horizontal="Left" ss:Vertical="Top" ss:ShrinkToFit="1"
    ss:WrapText="1"/>
   <Borders/>
   <Font ss:FontName="Calibri" x:Family="Swiss" ss:Size="11" ss:Color="#000000"
    ss:Bold="1"/>
   <Interior/>
  </Style>
  <Style ss:ID="s106">
   <Alignment ss:Horizontal="Left" ss:Vertical="Top" ss:ShrinkToFit="1"
    ss:WrapText="1"/>
   <Borders/>
   <Interior/>
  </Style>
  <Style ss:ID="s107">
   <Alignment ss:Horizontal="Left" ss:Vertical="Top" ss:ShrinkToFit="1"
    ss:WrapText="1"/>
   <Borders/>
   <Font ss:FontName="Calibri" x:Family="Swiss" ss:Size="11" ss:Color="#333399"/>
   <Interior/>
  </Style>
  <Style ss:ID="s108">
   <Alignment ss:Vertical="Top" ss:WrapText="1"/>
   <Borders/>
   <Font ss:FontName="Calibri" x:Family="Swiss" ss:Size="11" ss:Color="#333399"/>
   <Interior/>
   <NumberFormat/>
   <Protection/>
  </Style>
  <Style ss:ID="s109">
   <Alignment ss:Vertical="Top" ss:WrapText="1"/>
   <Borders/>
   <Font ss:FontName="Calibri" x:Family="Swiss" ss:Size="11" ss:Color="#000000"/>
   <Interior/>
   <NumberFormat/>
   <Protection/>
  </Style>
  <Style ss:ID="s110">
   <Alignment ss:Horizontal="Left" ss:Vertical="Top" ss:ShrinkToFit="1"
    ss:WrapText="1"/>
   <Borders>
    <Border ss:Position="Right" ss:LineStyle="Continuous" ss:Weight="3"/>
   </Borders>
   <Interior/>
  </Style>
  <Style ss:ID="s113">
   <Alignment ss:Horizontal="Left" ss:Vertical="Top" ss:ShrinkToFit="1"
    ss:WrapText="1"/>
   <Borders>
    <Border ss:Position="Bottom" ss:LineStyle="Continuous" ss:Weight="3"/>
    <Border ss:Position="Left" ss:LineStyle="Continuous" ss:Weight="3"/>
   </Borders>
   <Interior/>
  </Style>
  <Style ss:ID="s114">
   <Alignment ss:Horizontal="Left" ss:Vertical="Top" ss:ShrinkToFit="1"
    ss:WrapText="1"/>
   <Borders>
    <Border ss:Position="Bottom" ss:LineStyle="Continuous" ss:Weight="3"/>
   </Borders>
   <Font ss:FontName="Calibri" x:Family="Swiss" ss:Size="11" ss:Color="#000000"/>
   <Interior/>
  </Style>
  <Style ss:ID="s115">
   <Alignment ss:Horizontal="Left" ss:Vertical="Top" ss:ShrinkToFit="1"
    ss:WrapText="1"/>
   <Borders>
    <Border ss:Position="Bottom" ss:LineStyle="Continuous" ss:Weight="3"/>
   </Borders>
   <Font ss:FontName="Calibri" x:Family="Swiss" ss:Size="11" ss:Color="#000000"
    ss:Bold="1"/>
   <Interior/>
  </Style>
  <Style ss:ID="s116">
   <Alignment ss:Horizontal="Left" ss:Vertical="Top" ss:ShrinkToFit="1"
    ss:WrapText="1"/>
   <Borders>
    <Border ss:Position="Bottom" ss:LineStyle="Continuous" ss:Weight="3"/>
   </Borders>
   <Interior/>
  </Style>
  <Style ss:ID="s117">
   <Alignment ss:Horizontal="Left" ss:Vertical="Top" ss:ShrinkToFit="1"
    ss:WrapText="1"/>
   <Borders>
    <Border ss:Position="Bottom" ss:LineStyle="Continuous" ss:Weight="3"/>
   </Borders>
   <Font ss:FontName="Calibri" x:Family="Swiss" ss:Size="11" ss:Color="#333399"/>
   <Interior/>
  </Style>
  <Style ss:ID="s118">
   <Alignment ss:Vertical="Top" ss:WrapText="1"/>
   <Borders>
    <Border ss:Position="Bottom" ss:LineStyle="Continuous" ss:Weight="3"/>
   </Borders>
   <Font ss:FontName="Calibri" x:Family="Swiss" ss:Size="11" ss:Color="#333399"/>
   <Interior/>
   <NumberFormat/>
   <Protection/>
  </Style>
  <Style ss:ID="s119">
   <Alignment ss:Vertical="Top" ss:WrapText="1"/>
   <Borders>
    <Border ss:Position="Bottom" ss:LineStyle="Continuous" ss:Weight="3"/>
   </Borders>
   <Font ss:FontName="Calibri" x:Family="Swiss" ss:Size="11" ss:Color="#000000"/>
   <Interior/>
   <NumberFormat/>
   <Protection/>
  </Style>
  <Style ss:ID="s120">
   <Alignment ss:Horizontal="Left" ss:Vertical="Top" ss:ShrinkToFit="1"
    ss:WrapText="1"/>
   <Borders>
    <Border ss:Position="Bottom" ss:LineStyle="Continuous" ss:Weight="3"/>
    <Border ss:Position="Right" ss:LineStyle="Continuous" ss:Weight="3"/>
   </Borders>
   <Interior/>
  </Style>
  <Style ss:ID="s121">
   <Alignment ss:Horizontal="Left" ss:Vertical="Top" ss:ShrinkToFit="1"
    ss:WrapText="1"/>
   <Borders/>
   <Font ss:FontName="Calibri" x:Family="Swiss" ss:Size="11" ss:Color="#000000"/>
   <Interior ss:Color="#C0C0C0" ss:Pattern="Solid"/>
  </Style>
  <Style ss:ID="s122">
   <Alignment ss:Horizontal="Left" ss:Vertical="Top" ss:ShrinkToFit="1"
    ss:WrapText="1"/>
   <Borders/>
   <Interior ss:Color="#C0C0C0" ss:Pattern="Solid"/>
  </Style>
  <Style ss:ID="s123">
   <Alignment ss:Vertical="Top" ss:WrapText="1"/>
   <Borders/>
   <Interior/>
   <NumberFormat/>
   <Protection/>
  </Style>
  <Style ss:ID="s124">
   <Alignment ss:Vertical="Top" ss:WrapText="1"/>
   <Borders/>
   <Interior ss:Color="#969696" ss:Pattern="Solid"/>
   <NumberFormat/>
   <Protection/>
  </Style>
 </Styles>
 <Worksheet ss:Name="Instructions">
  <Table ss:ExpandedColumnCount="1" ss:ExpandedRowCount="5" x:FullColumns="1"
   x:FullRows="1" ss:DefaultColumnWidth="54" ss:DefaultRowHeight="15">
   <Column ss:AutoFitWidth="0" ss:Width="411"/>
   <Row ss:AutoFitHeight="0">
    <Cell ss:StyleID="s63"><Data ss:Type="String">FHIR Profile-authoring Spreadsheet</Data></Cell>
   </Row>
   <Row ss:AutoFitHeight="0" ss:Height="60">
    <Cell ss:StyleID="s64"><Data ss:Type="String">This spreadsheet is used to support the definition of profiles containing structures, extension definitions and or search criteria definitions.  A complete set of instructions on the various tabs, columns and rules associated with populating this spreadsheet can be found here:</Data></Cell>
   </Row>
   <Row ss:AutoFitHeight="0">
    <Cell ss:StyleID="s66" ss:HRef="http://wiki.hl7.org/?title=FHIR_Spreadsheet_Authoring"><Data
      ss:Type="String">http://wiki.hl7.org?title=FHIR_Spreadsheet_Authoring</Data></Cell>
   </Row>
   <Row ss:AutoFitHeight="0">
    <Cell><Data ss:Type="String">As well, additional guidance on profile-creation can be found here:</Data></Cell>
   </Row>
   <Row ss:AutoFitHeight="0">
    <Cell ss:StyleID="s62" ss:HRef="http://wiki.hl7.org/?title=FHIR_Spreadsheet_Profile_Authoring"><Data
      ss:Type="String">http://wiki.hl7.org?title=FHIR_Spreadsheet_Profile_Authoring</Data></Cell>
   </Row>
  </Table>
  <WorksheetOptions xmlns="urn:schemas-microsoft-com:office:excel">
   <PageSetup>
    <Header x:Margin="0.3"/>
    <Footer x:Margin="0.3"/>
    <PageMargins x:Bottom="0.75" x:Left="0.7" x:Right="0.7" x:Top="0.75"/>
   </PageSetup>
   <Unsynced/>
   <Panes>
    <Pane>
     <Number>3</Number>
     <ActiveRow>4</ActiveRow>
     <ActiveCol>1</ActiveCol>
    </Pane>
   </Panes>
   <ProtectObjects>False</ProtectObjects>
   <ProtectScenarios>False</ProtectScenarios>
   <x:PageLayoutZoom>0</x:PageLayoutZoom>
   <x:Print>    </x:Print>
   <x:Print>    </x:Print>
   <x:Print>    </x:Print>
   <x:Print>    </x:Print>
   <x:Print>    </x:Print>
   <x:Print>    </x:Print>
   <x:Print>    </x:Print>
  </WorksheetOptions>
 </Worksheet>
 <Worksheet ss:Name="Metadata">
  <Table ss:ExpandedColumnCount="2" ss:ExpandedRowCount="19" x:FullColumns="1"
   x:FullRows="1" ss:StyleID="s68" ss:DefaultColumnWidth="54"
   ss:DefaultRowHeight="15">
   <Column ss:StyleID="s68" ss:Width="98.25"/>
   <Column ss:StyleID="s68" ss:AutoFitWidth="0" ss:Width="371.25"/>
   <Row ss:AutoFitHeight="0">
    <Cell ss:StyleID="s69"><Data ss:Type="String">Name</Data></Cell>
    <Cell ss:StyleID="s70"><Data ss:Type="String">Value</Data></Cell>
   </Row>
   <Row ss:AutoFitHeight="0">
    <Cell ss:StyleID="s71"><Data ss:Type="String">id</Data></Cell>
    <Cell ss:StyleID="s72"><Data ss:Type="String">plandefinition-order-template</Data></Cell>
   </Row>
   <Row ss:AutoFitHeight="0">
    <Cell ss:StyleID="s73"><Data ss:Type="String">name</Data></Cell>
    <Cell ss:StyleID="s74"><Data ss:Type="String">Order Template</Data></Cell>
   </Row>
   <Row ss:AutoFitHeight="0">
    <Cell ss:StyleID="s73"><Data ss:Type="String">display</Data></Cell>
    <Cell ss:StyleID="s74"><Data ss:Type="String">Order-Template</Data></Cell>
   </Row>
   <Row ss:AutoFitHeight="0">
    <Cell ss:StyleID="s73"><Data ss:Type="String">author.name</Data></Cell>
    <Cell ss:StyleID="s74"><Data ss:Type="String">Health Level Seven International (FHIR-Infrastructure)</Data></Cell>
   </Row>
   <Row ss:AutoFitHeight="0">
    <Cell ss:StyleID="s73"><Data ss:Type="String">author.reference</Data></Cell>
    <Cell ss:StyleID="s75"><Data ss:Type="String">http://www.healthit.gov</Data></Cell>
   </Row>
   <Row ss:AutoFitHeight="0">
    <Cell ss:StyleID="s73"><Data ss:Type="String">code</Data></Cell>
    <Cell ss:StyleID="s76"/>
   </Row>
   <Row ss:AutoFitHeight="0" ss:Height="69">
    <Cell ss:StyleID="s73"><Data ss:Type="String">description</Data></Cell>
    <Cell ss:StyleID="s74"><Data ss:Type="String">A simple profile to demonstrate profiling of the PlanDefinition resource</Data></Cell>
   </Row>
   <Row ss:AutoFitHeight="0">
    <Cell ss:StyleID="s73"><Data ss:Type="String">status</Data></Cell>
    <Cell ss:StyleID="s74"><Data ss:Type="String">draft</Data></Cell>
   </Row>
   <Row ss:AutoFitHeight="0">
    <Cell ss:StyleID="s73"><Data ss:Type="String">date</Data></Cell>
    <Cell ss:StyleID="s77"><Data ss:Type="DateTime">2017-03-27T00:00:00.000</Data></Cell>
   </Row>
   <Row ss:AutoFitHeight="0">
    <Cell ss:StyleID="s73"><Data ss:Type="String">published.structure</Data></Cell>
    <Cell ss:StyleID="s76"><Data ss:Type="String">Order-Template</Data></Cell>
   </Row>
   <Row ss:AutoFitHeight="0">
    <Cell ss:StyleID="s73"><Data ss:Type="String">version</Data></Cell>
    <Cell ss:StyleID="s76"><Data ss:Type="Number">0.01</Data></Cell>
   </Row>
   <Row ss:AutoFitHeight="0">
    <Cell ss:StyleID="s73"><Data ss:Type="String">fmm-level</Data></Cell>
    <Cell ss:StyleID="s76"><Data ss:Type="Number">1</Data></Cell>
   </Row>
   <Row ss:AutoFitHeight="0">
    <Cell ss:StyleID="s73"><Data ss:Type="String">workgroup</Data></Cell>
    <Cell ss:StyleID="s76"><Data ss:Type="String">USRealm</Data></Cell>
   </Row>
   <Row ss:AutoFitHeight="0">
    <Cell ss:StyleID="s73"><Data ss:Type="String">extension.uri</Data></Cell>
    <Cell ss:StyleID="s78" ss:HRef="http://example.org/fhir/StructureDefinition/"><Data
      ss:Type="String">http://example.org/fhir/StructureDefinition/</Data></Cell>
   </Row>
   <Row ss:AutoFitHeight="0">
    <Cell ss:StyleID="s79"><Data ss:Type="String">introduction</Data></Cell>
    <Cell ss:StyleID="s80"/>
   </Row>
   <Row ss:AutoFitHeight="0">
    <Cell ss:StyleID="s81"><Data ss:Type="String">publication.status</Data></Cell>
    <Cell ss:StyleID="s80"><Data ss:Type="String">STU3</Data></Cell>
   </Row>
   <Row ss:AutoFitHeight="0">
    <Cell ss:StyleID="s82"><Data ss:Type="String">notes</Data></Cell>
    <Cell ss:StyleID="s83"/>
   </Row>
   <Row ss:AutoFitHeight="0"/>
  </Table>
  <WorksheetOptions xmlns="urn:schemas-microsoft-com:office:excel">
   <PageSetup>
    <Header x:Margin="0.3"/>
    <Footer x:Margin="0.3"/>
    <PageMargins x:Bottom="0.75" x:Left="0.7" x:Right="0.7" x:Top="0.75"/>
   </PageSetup>
   <Unsynced/>
   <Print>
    <ValidPrinterInfo/>
    <HorizontalResolution>600</HorizontalResolution>
    <VerticalResolution>600</VerticalResolution>
   </Print>
   <FreezePanes/>
   <FrozenNoSplit/>
   <SplitHorizontal>1</SplitHorizontal>
   <TopRowBottomPane>1</TopRowBottomPane>
   <SplitVertical>1</SplitVertical>
   <LeftColumnRightPane>1</LeftColumnRightPane>
   <ActivePane>0</ActivePane>
   <Panes>
    <Pane>
     <Number>3</Number>
    </Pane>
    <Pane>
     <Number>1</Number>
    </Pane>
    <Pane>
     <Number>2</Number>
    </Pane>
    <Pane>
     <Number>0</Number>
     <ActiveRow>20</ActiveRow>
    </Pane>
   </Panes>
   <ProtectObjects>False</ProtectObjects>
   <ProtectScenarios>False</ProtectScenarios>
   <x:PageLayoutZoom>0</x:PageLayoutZoom>
  </WorksheetOptions>
 </Worksheet>
 <Worksheet ss:Name="Order-Template">
  <Names>
   <NamedRange ss:Name="_FilterDatabase"
    ss:RefersTo="='Order-Template'!R1C1:R59C24" ss:Hidden="1"/>
  </Names>
  <Table ss:ExpandedColumnCount="24" ss:ExpandedRowCount="60" x:FullColumns="1"
   x:FullRows="1" ss:StyleID="s84" ss:DefaultColumnWidth="54"
   ss:DefaultRowHeight="15">
   <Column ss:StyleID="s84" ss:AutoFitWidth="0" ss:Width="84.75"/>
   <Column ss:StyleID="s85" ss:AutoFitWidth="0" ss:Width="78"/>
   <Column ss:StyleID="s85" ss:AutoFitWidth="0" ss:Width="59.25"/>
   <Column ss:StyleID="s85" ss:AutoFitWidth="0" ss:Width="184.5"/>
   <Column ss:StyleID="s84" ss:AutoFitWidth="0" ss:Width="77.25"/>
   <Column ss:StyleID="s84" ss:Width="29.25"/>
   <Column ss:StyleID="s84" ss:Width="35.25"/>
   <Column ss:StyleID="s84" ss:AutoFitWidth="0" ss:Width="321.75"/>
   <Column ss:StyleID="s84" ss:AutoFitWidth="0" ss:Width="29.25"/>
   <Column ss:StyleID="s84" ss:AutoFitWidth="0" ss:Width="107.25"/>
   <Column ss:StyleID="s84" ss:AutoFitWidth="0" ss:Width="60"/>
   <Column ss:StyleID="s84" ss:AutoFitWidth="0" ss:Width="144"/>
   <Column ss:StyleID="s84" ss:AutoFitWidth="0" ss:Width="149.25"/>
   <Column ss:StyleID="s84" ss:AutoFitWidth="0" ss:Width="36.75"/>
   <Column ss:StyleID="s84" ss:AutoFitWidth="0" ss:Width="120.75"/>
   <Column ss:StyleID="s84" ss:AutoFitWidth="0" ss:Width="161.25"/>
   <Column ss:StyleID="s84" ss:AutoFitWidth="0" ss:Width="114"/>
   <Column ss:StyleID="s84" ss:AutoFitWidth="0" ss:Width="135"/>
   <Column ss:StyleID="s84" ss:AutoFitWidth="0" ss:Width="120"/>
   <Column ss:StyleID="s84" ss:AutoFitWidth="0" ss:Width="135"/>
   <Column ss:Index="22" ss:StyleID="s84" ss:AutoFitWidth="0" ss:Width="104.25"/>
   <Column ss:StyleID="s84" ss:AutoFitWidth="0" ss:Width="66"/>
   <Column ss:StyleID="s84" ss:AutoFitWidth="0" ss:Width="119.25"/>
   <Row ss:AutoFitHeight="0" ss:Height="45" ss:StyleID="s86">
    <Cell ss:StyleID="s87"><Data ss:Type="String">Profile Name</Data><Comment
      ss:Author=""><ss:Data xmlns="http://www.w3.org/TR/REC-html40">        <Font
        html:Face="Tahoma" x:Family="Swiss" html:Size="8" html:Color="#000000">The name of an element for the purposes of this profile (used for slicing, code generation, etc. (see wiki for more details)</Font>       </ss:Data></Comment><NamedCell
      ss:Name="_FilterDatabase"/></Cell>
    <Cell ss:StyleID="s88"><Data ss:Type="String">Discriminator</Data><Comment
      ss:Author=""><ss:Data xmlns="http://www.w3.org/TR/REC-html40">        <Font
        html:Face="Tahoma" x:Family="Swiss" html:Size="8" html:Color="#000000">relative path | ordered? (true/false) | rules (open/openAtEnd/closed) See wiki</Font>       </ss:Data></Comment><NamedCell
      ss:Name="_FilterDatabase"/></Cell>
    <Cell ss:StyleID="s88"><Data ss:Type="String">Slice Description</Data><Comment
      ss:Author=""><ss:Data xmlns="http://www.w3.org/TR/REC-html40">        <Font
        html:Face="Tahoma" x:Family="Swiss" html:Size="8" html:Color="#000000">Used when discriminator can't be specified to explain how to differentiate slices</Font>       </ss:Data></Comment><NamedCell
      ss:Name="_FilterDatabase"/></Cell>
    <Cell ss:StyleID="s89"><Data ss:Type="String">Element</Data><Comment
      ss:Author=""><ss:Data xmlns="http://www.w3.org/TR/REC-html40">        <Font
        html:Face="Tahoma" x:Family="Swiss" html:Size="8" html:Color="#000000">Format is ResourceName.componentName.componentName</Font>       </ss:Data></Comment><NamedCell
      ss:Name="_FilterDatabase"/></Cell>
    <Cell ss:StyleID="s88"><Data ss:Type="String">Aliases</Data><Comment
      ss:Author=""><ss:Data xmlns="http://www.w3.org/TR/REC-html40">        <Font
        html:Face="Tahoma" x:Family="Swiss" html:Size="8" html:Color="#000000">Other names - semi-colon separated</Font>       </ss:Data></Comment><NamedCell
      ss:Name="_FilterDatabase"/></Cell>
    <Cell ss:StyleID="s88"><Data ss:Type="String">Card.</Data><Comment ss:Author=""><ss:Data
       xmlns="http://www.w3.org/TR/REC-html40">        <Font html:Face="Tahoma"
        x:Family="Swiss" html:Size="8" html:Color="#000000">Min and max repetitions n..m</Font>       </ss:Data></Comment><NamedCell
      ss:Name="_FilterDatabase"/></Cell>
    <Cell ss:StyleID="s88"><Data ss:Type="String">Inv.</Data><Comment ss:Author=""><ss:Data
       xmlns="http://www.w3.org/TR/REC-html40">        <Font html:Face="Tahoma"
        x:Family="Swiss" html:Size="8" html:Color="#000000">Comma-delimited list of Ids from Invariant tab that controls appearance of this element</Font>       </ss:Data></Comment><NamedCell
      ss:Name="_FilterDatabase"/></Cell>
    <Cell ss:StyleID="s88"><Data ss:Type="String">Type</Data><Comment ss:Author=""><ss:Data
       xmlns="http://www.w3.org/TR/REC-html40">        <Font html:Face="Tahoma"
        x:Family="Swiss" html:Size="8" html:Color="#000000">Data type, resource reference, profiles, aggregations, class names, type references, etc. - see the wiki</Font>       </ss:Data></Comment><NamedCell
      ss:Name="_FilterDatabase"/></Cell>
    <Cell ss:StyleID="s88"><Data ss:Type="String">Must Support</Data><Comment
      ss:Author=""><ss:Data xmlns="http://www.w3.org/TR/REC-html40">        <Font
        html:Face="Tahoma" x:Family="Swiss" html:Size="8" html:Color="#000000">If Y, indicates the element must be supported by conformant systems.  Defaults to N</Font>       </ss:Data></Comment><NamedCell
      ss:Name="_FilterDatabase"/></Cell>
    <Cell ss:StyleID="s88"><Data ss:Type="String">Binding</Data><Comment
      ss:Author=""><ss:Data xmlns="http://www.w3.org/TR/REC-html40">        <Font
        html:Face="Tahoma" x:Family="Swiss" html:Size="8" html:Color="#000000">Binding for coded data - either from local Bindings tab or declared elsewhere</Font>       </ss:Data></Comment><NamedCell
      ss:Name="_FilterDatabase"/></Cell>
    <Cell ss:StyleID="s88"><Data ss:Type="String">Value</Data><Comment ss:Author=""><ss:Data
       xmlns="http://www.w3.org/TR/REC-html40">        <Font html:Face="Tahoma"
        x:Family="Swiss" html:Size="8" html:Color="#000000">The fixed value for this element.  XML for complex elements, string for simple data types</Font>       </ss:Data></Comment><NamedCell
      ss:Name="_FilterDatabase"/></Cell>
    <Cell ss:StyleID="s88"><Data ss:Type="String">Pattern</Data><Comment
      ss:Author=""><ss:Data xmlns="http://www.w3.org/TR/REC-html40">        <Font
        html:Face="Tahoma" x:Family="Swiss" html:Size="8" html:Color="#000000">Like 'value' however while instance values must contain the specified components, they may contain others.</Font>       </ss:Data></Comment><NamedCell
      ss:Name="_FilterDatabase"/></Cell>
    <Cell ss:StyleID="s88"><Data ss:Type="String">Example</Data><Comment
      ss:Author=""><ss:Data xmlns="http://www.w3.org/TR/REC-html40">        <Font
        html:Face="Tahoma" x:Family="Swiss" html:Size="8" html:Color="#000000">An example of the expected sort of value for this element.</Font>       </ss:Data></Comment><NamedCell
      ss:Name="_FilterDatabase"/></Cell>
    <Cell ss:StyleID="s88"><Data ss:Type="String">Max Length</Data><Comment
      ss:Author=""><ss:Data xmlns="http://www.w3.org/TR/REC-html40">        <Font
        html:Face="Tahoma" x:Family="Swiss" html:Size="8" html:Color="#000000">The maximum length for Maximum length (length all systems must support).  Only allowed for simple data types</Font>       </ss:Data></Comment><NamedCell
      ss:Name="_FilterDatabase"/></Cell>
    <Cell ss:StyleID="s88"><Data ss:Type="String">Short Name</Data><Comment
      ss:Author=""><ss:Data xmlns="http://www.w3.org/TR/REC-html40">        <Font
        html:Face="Tahoma" x:Family="Swiss" html:Size="8" html:Color="#000000">Short description or code1 | code2 | code3 +</Font>       </ss:Data></Comment><NamedCell
      ss:Name="_FilterDatabase"/></Cell>
    <Cell ss:StyleID="s90"><Data ss:Type="String">Definition</Data><Comment
      ss:Author=""><ss:Data xmlns="http://www.w3.org/TR/REC-html40">        <Font
        html:Face="Tahoma" x:Family="Swiss" html:Size="8" html:Color="#000000">Full definition - required</Font>       </ss:Data></Comment><NamedCell
      ss:Name="_FilterDatabase"/></Cell>
    <Cell ss:StyleID="s90"><Data ss:Type="String">Requirements</Data><Comment
      ss:Author=""><ss:Data xmlns="http://www.w3.org/TR/REC-html40">        <Font
        html:Face="Tahoma" x:Family="Swiss" html:Size="8" html:Color="#000000">Why element/resource is needed or why selected constraints chosen</Font>       </ss:Data></Comment><NamedCell
      ss:Name="_FilterDatabase"/></Cell>
    <Cell ss:StyleID="s90"><Data ss:Type="String">Comments</Data><Comment
      ss:Author=""><ss:Data xmlns="http://www.w3.org/TR/REC-html40">        <Font
        html:Face="Tahoma" x:Family="Swiss" html:Size="8" html:Color="#000000">Additional notes for implementers</Font>       </ss:Data></Comment><NamedCell
      ss:Name="_FilterDatabase"/></Cell>
    <Cell ss:StyleID="s90"><Data ss:Type="String">To Do</Data><Comment ss:Author=""><ss:Data
       xmlns="http://www.w3.org/TR/REC-html40">        <Font html:Face="Tahoma"
        x:Family="Swiss" html:Size="8" html:Color="#000000">Things to bug you about if they're not done :&gt;</Font>       </ss:Data></Comment><NamedCell
      ss:Name="_FilterDatabase"/></Cell>
    <Cell ss:StyleID="s88"><Data ss:Type="String">RIM Mapping</Data><Comment
      ss:Author=""><ss:Data xmlns="http://www.w3.org/TR/REC-html40">        <Font
        html:Face="Tahoma" x:Family="Swiss" html:Size="8" html:Color="#000000">E.g. RIMClass[classCode=foo,moodCode=bar].someAssociation[typeCode=code].attribute</Font>       </ss:Data></Comment><NamedCell
      ss:Name="_FilterDatabase"/></Cell>
    <Cell ss:StyleID="s88"><Data ss:Type="String">v2 Mapping</Data><Comment
      ss:Author=""><ss:Data xmlns="http://www.w3.org/TR/REC-html40">        <Font
        html:Face="Tahoma" x:Family="Swiss" html:Size="8" html:Color="#000000">E.g. SEG.1.2.3</Font>       </ss:Data></Comment><NamedCell
      ss:Name="_FilterDatabase"/></Cell>
    <Cell ss:StyleID="s88"><Data ss:Type="String">??? Mapping</Data><Comment
      ss:Author=""><ss:Data xmlns="http://www.w3.org/TR/REC-html40">        <Font
        html:Face="Tahoma" x:Family="Swiss" html:Size="8" html:Color="#000000">Change column name to one from mappingSpaces.xml.  Add more if needed</Font>       </ss:Data></Comment><NamedCell
      ss:Name="_FilterDatabase"/></Cell>
    <Cell ss:StyleID="s88"><Data ss:Type="String">Display Hint</Data><Comment
      ss:Author=""><ss:Data xmlns="http://www.w3.org/TR/REC-html40">        <Font
        html:Face="Tahoma" x:Family="Swiss" html:Size="8" html:Color="#000000">Provides guidance to narrative auto-generator.  Check Wiki documentation</Font>       </ss:Data></Comment><NamedCell
      ss:Name="_FilterDatabase"/></Cell>
    <Cell ss:StyleID="s91"><Data ss:Type="String">Committee Notes</Data><Comment
      ss:Author=""><ss:Data xmlns="http://www.w3.org/TR/REC-html40">        <Font
        html:Face="Tahoma" x:Family="Swiss" html:Size="8" html:Color="#000000">Not published</Font>       </ss:Data></Comment><NamedCell
      ss:Name="_FilterDatabase"/></Cell>
   </Row>
   <Row ss:AutoFitHeight="0">
    <Cell ss:StyleID="s92"><Data ss:Type="String">orderTemplate</Data><NamedCell
      ss:Name="_FilterDatabase"/></Cell>
    <Cell ss:StyleID="s93"><NamedCell ss:Name="_FilterDatabase"/></Cell>
    <Cell ss:StyleID="s93"><NamedCell ss:Name="_FilterDatabase"/></Cell>
    <Cell ss:StyleID="s94"><Data ss:Type="String">PlanDefinition</Data><NamedCell
      ss:Name="_FilterDatabase"/></Cell>
    <Cell ss:StyleID="s95"><NamedCell ss:Name="_FilterDatabase"/></Cell>
    <Cell ss:StyleID="s96"><NamedCell ss:Name="_FilterDatabase"/></Cell>
    <Cell ss:StyleID="s96"><NamedCell ss:Name="_FilterDatabase"/></Cell>
    <Cell ss:StyleID="s95"><Data ss:Type="String">PlanDefinition</Data><NamedCell
      ss:Name="_FilterDatabase"/></Cell>
    <Cell ss:StyleID="s96"><NamedCell ss:Name="_FilterDatabase"/></Cell>
    <Cell ss:StyleID="s96"><NamedCell ss:Name="_FilterDatabase"/></Cell>
    <Cell ss:StyleID="s96"><NamedCell ss:Name="_FilterDatabase"/></Cell>
    <Cell ss:StyleID="s96"><NamedCell ss:Name="_FilterDatabase"/></Cell>
    <Cell ss:StyleID="s96"><NamedCell ss:Name="_FilterDatabase"/></Cell>
    <Cell ss:StyleID="s96"><NamedCell ss:Name="_FilterDatabase"/></Cell>
    <Cell ss:StyleID="s95"><Data ss:Type="String">Order Template Profile</Data><NamedCell
      ss:Name="_FilterDatabase"/></Cell>
    <Cell ss:StyleID="s97"><Data ss:Type="String">The Order Template Profile is based upon the core FHIR PlanDefinition Resource.</Data><NamedCell
      ss:Name="_FilterDatabase"/></Cell>
    <Cell ss:StyleID="s98"><NamedCell ss:Name="_FilterDatabase"/></Cell>
    <Cell ss:StyleID="s97"><NamedCell ss:Name="_FilterDatabase"/></Cell>
    <Cell ss:StyleID="s98"><NamedCell ss:Name="_FilterDatabase"/></Cell>
    <Cell ss:StyleID="s99"><NamedCell ss:Name="_FilterDatabase"/></Cell>
    <Cell ss:StyleID="s100"><NamedCell ss:Name="_FilterDatabase"/></Cell>
    <Cell ss:StyleID="s100"><NamedCell ss:Name="_FilterDatabase"/></Cell>
    <Cell ss:StyleID="s101"><NamedCell ss:Name="_FilterDatabase"/></Cell>
    <Cell ss:StyleID="s102"><NamedCell ss:Name="_FilterDatabase"/></Cell>
   </Row>
   <Row ss:AutoFitHeight="0">
    <Cell ss:StyleID="s103"><NamedCell ss:Name="_FilterDatabase"/></Cell>
    <Cell ss:StyleID="s121"><NamedCell ss:Name="_FilterDatabase"/></Cell>
    <Cell ss:StyleID="s121"><NamedCell ss:Name="_FilterDatabase"/></Cell>
    <Cell ss:StyleID="s105"><Data ss:Type="String">PlanDefinition.action</Data><NamedCell
      ss:Name="_FilterDatabase"/></Cell>
    <Cell ss:StyleID="s106"><NamedCell ss:Name="_FilterDatabase"/></Cell>
    <Cell ss:StyleID="s122"><NamedCell ss:Name="_FilterDatabase"/></Cell>
    <Cell ss:StyleID="s122"><NamedCell ss:Name="_FilterDatabase"/></Cell>
    <Cell ss:StyleID="s106"><NamedCell ss:Name="_FilterDatabase"/></Cell>
    <Cell ss:StyleID="s122"><NamedCell ss:Name="_FilterDatabase"/></Cell>
    <Cell ss:StyleID="s122"><NamedCell ss:Name="_FilterDatabase"/></Cell>
    <Cell ss:StyleID="s122"><NamedCell ss:Name="_FilterDatabase"/></Cell>
    <Cell ss:StyleID="s122"><NamedCell ss:Name="_FilterDatabase"/></Cell>
    <Cell ss:StyleID="s122"><NamedCell ss:Name="_FilterDatabase"/></Cell>
    <Cell ss:StyleID="s122"><NamedCell ss:Name="_FilterDatabase"/></Cell>
    <Cell ss:StyleID="s106"><NamedCell ss:Name="_FilterDatabase"/></Cell>
    <Cell ss:StyleID="s107"><NamedCell ss:Name="_FilterDatabase"/></Cell>
    <Cell ss:StyleID="s108"><NamedCell ss:Name="_FilterDatabase"/></Cell>
    <Cell ss:StyleID="s107"><NamedCell ss:Name="_FilterDatabase"/></Cell>
    <Cell ss:StyleID="s108"><NamedCell ss:Name="_FilterDatabase"/></Cell>
    <Cell ss:StyleID="s123"><NamedCell ss:Name="_FilterDatabase"/></Cell>
    <Cell ss:StyleID="s109"><NamedCell ss:Name="_FilterDatabase"/></Cell>
    <Cell ss:StyleID="s109"><NamedCell ss:Name="_FilterDatabase"/></Cell>
    <Cell ss:StyleID="s124"><NamedCell ss:Name="_FilterDatabase"/></Cell>
    <Cell ss:StyleID="s110"><NamedCell ss:Name="_FilterDatabase"/></Cell>
   </Row>
   <Row ss:AutoFitHeight="0">
    <Cell ss:StyleID="s103"><NamedCell ss:Name="_FilterDatabase"/></Cell>
    <Cell ss:StyleID="s104"><Data ss:Type="String">label</Data><NamedCell
      ss:Name="_FilterDatabase"/></Cell>
    <Cell ss:StyleID="s104"><NamedCell ss:Name="_FilterDatabase"/></Cell>
    <Cell ss:StyleID="s105"><Data ss:Type="String">PlanDefinition.action.action</Data><NamedCell
      ss:Name="_FilterDatabase"/></Cell>
    <Cell ss:StyleID="s106"><NamedCell ss:Name="_FilterDatabase"/></Cell>
    <Cell ss:StyleID="s106"><Data ss:Type="String">1..*</Data><NamedCell
      ss:Name="_FilterDatabase"/></Cell>
    <Cell ss:StyleID="s106"><NamedCell ss:Name="_FilterDatabase"/></Cell>
    <Cell ss:StyleID="s106"><NamedCell ss:Name="_FilterDatabase"/></Cell>
    <Cell ss:StyleID="s106"><NamedCell ss:Name="_FilterDatabase"/></Cell>
    <Cell ss:StyleID="s106"><NamedCell ss:Name="_FilterDatabase"/></Cell>
    <Cell ss:StyleID="s106"><NamedCell ss:Name="_FilterDatabase"/></Cell>
    <Cell ss:StyleID="s106"><NamedCell ss:Name="_FilterDatabase"/></Cell>
    <Cell ss:StyleID="s106"><NamedCell ss:Name="_FilterDatabase"/></Cell>
    <Cell ss:StyleID="s106"><NamedCell ss:Name="_FilterDatabase"/></Cell>
    <Cell ss:StyleID="s106"><NamedCell ss:Name="_FilterDatabase"/></Cell>
    <Cell ss:StyleID="s107"><NamedCell ss:Name="_FilterDatabase"/></Cell>
    <Cell ss:StyleID="s108"><NamedCell ss:Name="_FilterDatabase"/></Cell>
    <Cell ss:StyleID="s107"><NamedCell ss:Name="_FilterDatabase"/></Cell>
    <Cell ss:StyleID="s108"><NamedCell ss:Name="_FilterDatabase"/></Cell>
    <Cell ss:StyleID="s109"><NamedCell ss:Name="_FilterDatabase"/></Cell>
    <Cell ss:StyleID="s109"><NamedCell ss:Name="_FilterDatabase"/></Cell>
    <Cell ss:StyleID="s109"><NamedCell ss:Name="_FilterDatabase"/></Cell>
    <Cell ss:StyleID="s109"><NamedCell ss:Name="_FilterDatabase"/></Cell>
    <Cell ss:StyleID="s110"><NamedCell ss:Name="_FilterDatabase"/></Cell>
   </Row>
   <Row ss:AutoFitHeight="0">
    <Cell ss:StyleID="s103"><Data ss:Type="String">subtask1</Data><NamedCell
      ss:Name="_FilterDatabase"/></Cell>
    <Cell ss:StyleID="s84"><NamedCell ss:Name="_FilterDatabase"/></Cell>
    <Cell ss:StyleID="s104"><NamedCell ss:Name="_FilterDatabase"/></Cell>
    <Cell ss:StyleID="s105"><Data ss:Type="String">PlanDefinition.action.action</Data><NamedCell
      ss:Name="_FilterDatabase"/></Cell>
    <Cell ss:StyleID="s106"><NamedCell ss:Name="_FilterDatabase"/></Cell>
    <Cell ss:StyleID="s106"><Data ss:Type="String">0..1</Data><NamedCell
      ss:Name="_FilterDatabase"/></Cell>
    <Cell ss:StyleID="s106"><NamedCell ss:Name="_FilterDatabase"/></Cell>
    <Cell ss:StyleID="s106"><NamedCell ss:Name="_FilterDatabase"/></Cell>
    <Cell ss:StyleID="s106"><NamedCell ss:Name="_FilterDatabase"/></Cell>
    <Cell ss:StyleID="s106"><NamedCell ss:Name="_FilterDatabase"/></Cell>
    <Cell ss:StyleID="s106"><NamedCell ss:Name="_FilterDatabase"/></Cell>
    <Cell ss:StyleID="s106"><NamedCell ss:Name="_FilterDatabase"/></Cell>
    <Cell ss:StyleID="s106"><NamedCell ss:Name="_FilterDatabase"/></Cell>
    <Cell ss:StyleID="s106"><NamedCell ss:Name="_FilterDatabase"/></Cell>
    <Cell ss:StyleID="s106"><NamedCell ss:Name="_FilterDatabase"/></Cell>
    <Cell ss:StyleID="s107"><NamedCell ss:Name="_FilterDatabase"/></Cell>
    <Cell ss:StyleID="s108"><NamedCell ss:Name="_FilterDatabase"/></Cell>
    <Cell ss:StyleID="s107"><NamedCell ss:Name="_FilterDatabase"/></Cell>
    <Cell ss:StyleID="s108"><NamedCell ss:Name="_FilterDatabase"/></Cell>
    <Cell ss:StyleID="s109"><NamedCell ss:Name="_FilterDatabase"/></Cell>
    <Cell ss:StyleID="s109"><NamedCell ss:Name="_FilterDatabase"/></Cell>
    <Cell ss:StyleID="s109"><NamedCell ss:Name="_FilterDatabase"/></Cell>
    <Cell ss:StyleID="s109"><NamedCell ss:Name="_FilterDatabase"/></Cell>
    <Cell ss:StyleID="s110"><NamedCell ss:Name="_FilterDatabase"/></Cell>
   </Row>
   <Row ss:AutoFitHeight="0">
    <Cell ss:StyleID="s103"><NamedCell ss:Name="_FilterDatabase"/></Cell>
    <Cell ss:StyleID="s104"><NamedCell ss:Name="_FilterDatabase"/></Cell>
    <Cell ss:StyleID="s104"><NamedCell ss:Name="_FilterDatabase"/></Cell>
    <Cell ss:StyleID="Default"><Data ss:Type="String">PlanDefinition.action.action.label</Data><NamedCell
      ss:Name="_FilterDatabase"/></Cell>
    <Cell ss:StyleID="s106"><NamedCell ss:Name="_FilterDatabase"/></Cell>
    <Cell ss:StyleID="s106"><Data ss:Type="String">1..1</Data><NamedCell
      ss:Name="_FilterDatabase"/></Cell>
    <Cell ss:StyleID="s106"><NamedCell ss:Name="_FilterDatabase"/></Cell>
    <Cell ss:StyleID="s106"><Data ss:Type="String">string</Data><NamedCell
      ss:Name="_FilterDatabase"/></Cell>
    <Cell ss:StyleID="s106"><NamedCell ss:Name="_FilterDatabase"/></Cell>
    <Cell ss:StyleID="s106"><NamedCell ss:Name="_FilterDatabase"/></Cell>
    <Cell ss:StyleID="s106"><Data ss:Type="String">slice1</Data><NamedCell
      ss:Name="_FilterDatabase"/></Cell>
    <Cell ss:StyleID="s106"><NamedCell ss:Name="_FilterDatabase"/></Cell>
    <Cell ss:StyleID="s106"><NamedCell ss:Name="_FilterDatabase"/></Cell>
    <Cell ss:StyleID="s106"><NamedCell ss:Name="_FilterDatabase"/></Cell>
    <Cell ss:StyleID="s106"><NamedCell ss:Name="_FilterDatabase"/></Cell>
    <Cell ss:StyleID="s107"><NamedCell ss:Name="_FilterDatabase"/></Cell>
    <Cell ss:StyleID="s108"><NamedCell ss:Name="_FilterDatabase"/></Cell>
    <Cell ss:StyleID="s107"><NamedCell ss:Name="_FilterDatabase"/></Cell>
    <Cell ss:StyleID="s108"><NamedCell ss:Name="_FilterDatabase"/></Cell>
    <Cell ss:StyleID="s109"><NamedCell ss:Name="_FilterDatabase"/></Cell>
    <Cell ss:StyleID="s109"><NamedCell ss:Name="_FilterDatabase"/></Cell>
    <Cell ss:StyleID="s109"><NamedCell ss:Name="_FilterDatabase"/></Cell>
    <Cell ss:StyleID="s109"><NamedCell ss:Name="_FilterDatabase"/></Cell>
    <Cell ss:StyleID="s110"><NamedCell ss:Name="_FilterDatabase"/></Cell>
   </Row>
   <Row ss:AutoFitHeight="0">
    <Cell ss:StyleID="s103"><Data ss:Type="String">subtask2</Data><NamedCell
      ss:Name="_FilterDatabase"/></Cell>
    <Cell ss:StyleID="s104"><NamedCell ss:Name="_FilterDatabase"/></Cell>
    <Cell ss:StyleID="s104"><NamedCell ss:Name="_FilterDatabase"/></Cell>
    <Cell ss:StyleID="s105"><Data ss:Type="String">PlanDefinition.action.action</Data><NamedCell
      ss:Name="_FilterDatabase"/></Cell>
    <Cell ss:StyleID="s106"><NamedCell ss:Name="_FilterDatabase"/></Cell>
    <Cell ss:StyleID="s106"><Data ss:Type="String">0..1</Data><NamedCell
      ss:Name="_FilterDatabase"/></Cell>
    <Cell ss:StyleID="s106"><NamedCell ss:Name="_FilterDatabase"/></Cell>
    <Cell ss:StyleID="s106"><NamedCell ss:Name="_FilterDatabase"/></Cell>
    <Cell ss:StyleID="s106"><NamedCell ss:Name="_FilterDatabase"/></Cell>
    <Cell ss:StyleID="s106"><NamedCell ss:Name="_FilterDatabase"/></Cell>
    <Cell ss:StyleID="s106"><NamedCell ss:Name="_FilterDatabase"/></Cell>
    <Cell ss:StyleID="s106"><NamedCell ss:Name="_FilterDatabase"/></Cell>
    <Cell ss:StyleID="s106"><NamedCell ss:Name="_FilterDatabase"/></Cell>
    <Cell ss:StyleID="s106"><NamedCell ss:Name="_FilterDatabase"/></Cell>
    <Cell ss:StyleID="s106"><NamedCell ss:Name="_FilterDatabase"/></Cell>
    <Cell ss:StyleID="s107"><NamedCell ss:Name="_FilterDatabase"/></Cell>
    <Cell ss:StyleID="s108"><NamedCell ss:Name="_FilterDatabase"/></Cell>
    <Cell ss:StyleID="s107"><NamedCell ss:Name="_FilterDatabase"/></Cell>
    <Cell ss:StyleID="s108"><NamedCell ss:Name="_FilterDatabase"/></Cell>
    <Cell ss:StyleID="s109"><NamedCell ss:Name="_FilterDatabase"/></Cell>
    <Cell ss:StyleID="s109"><NamedCell ss:Name="_FilterDatabase"/></Cell>
    <Cell ss:StyleID="s109"><NamedCell ss:Name="_FilterDatabase"/></Cell>
    <Cell ss:StyleID="s109"><NamedCell ss:Name="_FilterDatabase"/></Cell>
    <Cell ss:StyleID="s110"><NamedCell ss:Name="_FilterDatabase"/></Cell>
   </Row>
   <Row ss:AutoFitHeight="0">
    <Cell ss:StyleID="s103"><NamedCell ss:Name="_FilterDatabase"/></Cell>
    <Cell ss:StyleID="s104"><NamedCell ss:Name="_FilterDatabase"/></Cell>
    <Cell ss:StyleID="s104"><NamedCell ss:Name="_FilterDatabase"/></Cell>
    <Cell ss:StyleID="Default"><Data ss:Type="String">PlanDefinition.action.action.label</Data><NamedCell
      ss:Name="_FilterDatabase"/></Cell>
    <Cell ss:StyleID="s106"><NamedCell ss:Name="_FilterDatabase"/></Cell>
    <Cell ss:StyleID="s106"><Data ss:Type="String">1..1</Data><NamedCell
      ss:Name="_FilterDatabase"/></Cell>
    <Cell ss:StyleID="s106"><NamedCell ss:Name="_FilterDatabase"/></Cell>
    <Cell ss:StyleID="s106"><Data ss:Type="String">string</Data><NamedCell
      ss:Name="_FilterDatabase"/></Cell>
    <Cell ss:StyleID="s106"><NamedCell ss:Name="_FilterDatabase"/></Cell>
    <Cell ss:StyleID="s106"><NamedCell ss:Name="_FilterDatabase"/></Cell>
    <Cell ss:StyleID="s106"><Data ss:Type="String">slice2</Data><NamedCell
      ss:Name="_FilterDatabase"/></Cell>
    <Cell ss:StyleID="s106"><NamedCell ss:Name="_FilterDatabase"/></Cell>
    <Cell ss:StyleID="s106"><NamedCell ss:Name="_FilterDatabase"/></Cell>
    <Cell ss:StyleID="s106"><NamedCell ss:Name="_FilterDatabase"/></Cell>
    <Cell ss:StyleID="s106"><NamedCell ss:Name="_FilterDatabase"/></Cell>
    <Cell ss:StyleID="s107"><NamedCell ss:Name="_FilterDatabase"/></Cell>
    <Cell ss:StyleID="s108"><NamedCell ss:Name="_FilterDatabase"/></Cell>
    <Cell ss:StyleID="s107"><NamedCell ss:Name="_FilterDatabase"/></Cell>
    <Cell ss:StyleID="s108"><NamedCell ss:Name="_FilterDatabase"/></Cell>
    <Cell ss:StyleID="s109"><NamedCell ss:Name="_FilterDatabase"/></Cell>
    <Cell ss:StyleID="s109"><NamedCell ss:Name="_FilterDatabase"/></Cell>
    <Cell ss:StyleID="s109"><NamedCell ss:Name="_FilterDatabase"/></Cell>
    <Cell ss:StyleID="s109"><NamedCell ss:Name="_FilterDatabase"/></Cell>
    <Cell ss:StyleID="s110"><NamedCell ss:Name="_FilterDatabase"/></Cell>
   </Row>
   <Row ss:AutoFitHeight="0">
    <Cell ss:StyleID="s103"><NamedCell ss:Name="_FilterDatabase"/></Cell>
    <Cell ss:StyleID="s104"><NamedCell ss:Name="_FilterDatabase"/></Cell>
    <Cell ss:StyleID="s104"><NamedCell ss:Name="_FilterDatabase"/></Cell>
    <Cell ss:StyleID="s105"><NamedCell ss:Name="_FilterDatabase"/></Cell>
    <Cell ss:StyleID="s106"><NamedCell ss:Name="_FilterDatabase"/></Cell>
    <Cell ss:StyleID="s106"><NamedCell ss:Name="_FilterDatabase"/></Cell>
    <Cell ss:StyleID="s106"><NamedCell ss:Name="_FilterDatabase"/></Cell>
    <Cell ss:StyleID="s106"><NamedCell ss:Name="_FilterDatabase"/></Cell>
    <Cell ss:StyleID="s106"><NamedCell ss:Name="_FilterDatabase"/></Cell>
    <Cell ss:StyleID="s106"><NamedCell ss:Name="_FilterDatabase"/></Cell>
    <Cell ss:StyleID="s106"><NamedCell ss:Name="_FilterDatabase"/></Cell>
    <Cell ss:StyleID="s106"><NamedCell ss:Name="_FilterDatabase"/></Cell>
    <Cell ss:StyleID="s106"><NamedCell ss:Name="_FilterDatabase"/></Cell>
    <Cell ss:StyleID="s106"><NamedCell ss:Name="_FilterDatabase"/></Cell>
    <Cell ss:StyleID="s106"><NamedCell ss:Name="_FilterDatabase"/></Cell>
    <Cell ss:StyleID="s107"><NamedCell ss:Name="_FilterDatabase"/></Cell>
    <Cell ss:StyleID="s108"><NamedCell ss:Name="_FilterDatabase"/></Cell>
    <Cell ss:StyleID="s107"><NamedCell ss:Name="_FilterDatabase"/></Cell>
    <Cell ss:StyleID="s108"><NamedCell ss:Name="_FilterDatabase"/></Cell>
    <Cell ss:StyleID="s109"><NamedCell ss:Name="_FilterDatabase"/></Cell>
    <Cell ss:StyleID="s109"><NamedCell ss:Name="_FilterDatabase"/></Cell>
    <Cell ss:StyleID="s109"><NamedCell ss:Name="_FilterDatabase"/></Cell>
    <Cell ss:StyleID="s109"><NamedCell ss:Name="_FilterDatabase"/></Cell>
    <Cell ss:StyleID="s110"><NamedCell ss:Name="_FilterDatabase"/></Cell>
   </Row>
   <Row ss:AutoFitHeight="0">
    <Cell ss:StyleID="s103"><NamedCell ss:Name="_FilterDatabase"/></Cell>
    <Cell ss:StyleID="s104"><NamedCell ss:Name="_FilterDatabase"/></Cell>
    <Cell ss:StyleID="s104"><NamedCell ss:Name="_FilterDatabase"/></Cell>
    <Cell ss:StyleID="s105"><NamedCell ss:Name="_FilterDatabase"/></Cell>
    <Cell ss:StyleID="s106"><NamedCell ss:Name="_FilterDatabase"/></Cell>
    <Cell ss:StyleID="s106"><NamedCell ss:Name="_FilterDatabase"/></Cell>
    <Cell ss:StyleID="s106"><NamedCell ss:Name="_FilterDatabase"/></Cell>
    <Cell ss:StyleID="s106"><NamedCell ss:Name="_FilterDatabase"/></Cell>
    <Cell ss:StyleID="s106"><NamedCell ss:Name="_FilterDatabase"/></Cell>
    <Cell ss:StyleID="s106"><NamedCell ss:Name="_FilterDatabase"/></Cell>
    <Cell ss:StyleID="s106"><NamedCell ss:Name="_FilterDatabase"/></Cell>
    <Cell ss:StyleID="s106"><NamedCell ss:Name="_FilterDatabase"/></Cell>
    <Cell ss:StyleID="s106"><NamedCell ss:Name="_FilterDatabase"/></Cell>
    <Cell ss:StyleID="s106"><NamedCell ss:Name="_FilterDatabase"/></Cell>
    <Cell ss:StyleID="s106"><NamedCell ss:Name="_FilterDatabase"/></Cell>
    <Cell ss:StyleID="s107"><NamedCell ss:Name="_FilterDatabase"/></Cell>
    <Cell ss:StyleID="s108"><NamedCell ss:Name="_FilterDatabase"/></Cell>
    <Cell ss:StyleID="s107"><NamedCell ss:Name="_FilterDatabase"/></Cell>
    <Cell ss:StyleID="s108"><NamedCell ss:Name="_FilterDatabase"/></Cell>
    <Cell ss:StyleID="s109"><NamedCell ss:Name="_FilterDatabase"/></Cell>
    <Cell ss:StyleID="s109"><NamedCell ss:Name="_FilterDatabase"/></Cell>
    <Cell ss:StyleID="s109"><NamedCell ss:Name="_FilterDatabase"/></Cell>
    <Cell ss:StyleID="s109"><NamedCell ss:Name="_FilterDatabase"/></Cell>
    <Cell ss:StyleID="s110"><NamedCell ss:Name="_FilterDatabase"/></Cell>
   </Row>
   <Row ss:AutoFitHeight="0">
    <Cell ss:StyleID="s103"><NamedCell ss:Name="_FilterDatabase"/></Cell>
    <Cell ss:StyleID="s104"><NamedCell ss:Name="_FilterDatabase"/></Cell>
    <Cell ss:StyleID="s104"><NamedCell ss:Name="_FilterDatabase"/></Cell>
    <Cell ss:StyleID="s105"><NamedCell ss:Name="_FilterDatabase"/></Cell>
    <Cell ss:StyleID="s106"><NamedCell ss:Name="_FilterDatabase"/></Cell>
    <Cell ss:StyleID="s106"><NamedCell ss:Name="_FilterDatabase"/></Cell>
    <Cell ss:StyleID="s106"><NamedCell ss:Name="_FilterDatabase"/></Cell>
    <Cell ss:StyleID="s106"><NamedCell ss:Name="_FilterDatabase"/></Cell>
    <Cell ss:StyleID="s106"><NamedCell ss:Name="_FilterDatabase"/></Cell>
    <Cell ss:StyleID="s106"><NamedCell ss:Name="_FilterDatabase"/></Cell>
    <Cell ss:StyleID="s106"><NamedCell ss:Name="_FilterDatabase"/></Cell>
    <Cell ss:StyleID="s106"><NamedCell ss:Name="_FilterDatabase"/></Cell>
    <Cell ss:StyleID="s106"><NamedCell ss:Name="_FilterDatabase"/></Cell>
    <Cell ss:StyleID="s106"><NamedCell ss:Name="_FilterDatabase"/></Cell>
    <Cell ss:StyleID="s106"><NamedCell ss:Name="_FilterDatabase"/></Cell>
    <Cell ss:StyleID="s107"><NamedCell ss:Name="_FilterDatabase"/></Cell>
    <Cell ss:StyleID="s108"><NamedCell ss:Name="_FilterDatabase"/></Cell>
    <Cell ss:StyleID="s107"><NamedCell ss:Name="_FilterDatabase"/></Cell>
    <Cell ss:StyleID="s108"><NamedCell ss:Name="_FilterDatabase"/></Cell>
    <Cell ss:StyleID="s109"><NamedCell ss:Name="_FilterDatabase"/></Cell>
    <Cell ss:StyleID="s109"><NamedCell ss:Name="_FilterDatabase"/></Cell>
    <Cell ss:StyleID="s109"><NamedCell ss:Name="_FilterDatabase"/></Cell>
    <Cell ss:StyleID="s109"><NamedCell ss:Name="_FilterDatabase"/></Cell>
    <Cell ss:StyleID="s110"><NamedCell ss:Name="_FilterDatabase"/></Cell>
   </Row>
   <Row ss:AutoFitHeight="0">
    <Cell ss:StyleID="s103"><NamedCell ss:Name="_FilterDatabase"/></Cell>
    <Cell ss:StyleID="s104"><NamedCell ss:Name="_FilterDatabase"/></Cell>
    <Cell ss:StyleID="s104"><NamedCell ss:Name="_FilterDatabase"/></Cell>
    <Cell ss:StyleID="s105"><NamedCell ss:Name="_FilterDatabase"/></Cell>
    <Cell ss:StyleID="s106"><NamedCell ss:Name="_FilterDatabase"/></Cell>
    <Cell ss:StyleID="s106"><NamedCell ss:Name="_FilterDatabase"/></Cell>
    <Cell ss:StyleID="s106"><NamedCell ss:Name="_FilterDatabase"/></Cell>
    <Cell ss:StyleID="s106"><NamedCell ss:Name="_FilterDatabase"/></Cell>
    <Cell ss:StyleID="s106"><NamedCell ss:Name="_FilterDatabase"/></Cell>
    <Cell ss:StyleID="s106"><NamedCell ss:Name="_FilterDatabase"/></Cell>
    <Cell ss:StyleID="s106"><NamedCell ss:Name="_FilterDatabase"/></Cell>
    <Cell ss:StyleID="s106"><NamedCell ss:Name="_FilterDatabase"/></Cell>
    <Cell ss:StyleID="s106"><NamedCell ss:Name="_FilterDatabase"/></Cell>
    <Cell ss:StyleID="s106"><NamedCell ss:Name="_FilterDatabase"/></Cell>
    <Cell ss:StyleID="s106"><NamedCell ss:Name="_FilterDatabase"/></Cell>
    <Cell ss:StyleID="s107"><NamedCell ss:Name="_FilterDatabase"/></Cell>
    <Cell ss:StyleID="s108"><NamedCell ss:Name="_FilterDatabase"/></Cell>
    <Cell ss:StyleID="s107"><NamedCell ss:Name="_FilterDatabase"/></Cell>
    <Cell ss:StyleID="s108"><NamedCell ss:Name="_FilterDatabase"/></Cell>
    <Cell ss:StyleID="s109"><NamedCell ss:Name="_FilterDatabase"/></Cell>
    <Cell ss:StyleID="s109"><NamedCell ss:Name="_FilterDatabase"/></Cell>
    <Cell ss:StyleID="s109"><NamedCell ss:Name="_FilterDatabase"/></Cell>
    <Cell ss:StyleID="s109"><NamedCell ss:Name="_FilterDatabase"/></Cell>
    <Cell ss:StyleID="s110"><NamedCell ss:Name="_FilterDatabase"/></Cell>
   </Row>
   <Row ss:AutoFitHeight="0">
    <Cell ss:StyleID="s103"><NamedCell ss:Name="_FilterDatabase"/></Cell>
    <Cell ss:StyleID="s104"><NamedCell ss:Name="_FilterDatabase"/></Cell>
    <Cell ss:StyleID="s104"><NamedCell ss:Name="_FilterDatabase"/></Cell>
    <Cell ss:StyleID="s105"><NamedCell ss:Name="_FilterDatabase"/></Cell>
    <Cell ss:StyleID="s106"><NamedCell ss:Name="_FilterDatabase"/></Cell>
    <Cell ss:StyleID="s106"><NamedCell ss:Name="_FilterDatabase"/></Cell>
    <Cell ss:StyleID="s106"><NamedCell ss:Name="_FilterDatabase"/></Cell>
    <Cell ss:StyleID="s106"><NamedCell ss:Name="_FilterDatabase"/></Cell>
    <Cell ss:StyleID="s106"><NamedCell ss:Name="_FilterDatabase"/></Cell>
    <Cell ss:StyleID="s106"><NamedCell ss:Name="_FilterDatabase"/></Cell>
    <Cell ss:StyleID="s106"><NamedCell ss:Name="_FilterDatabase"/></Cell>
    <Cell ss:StyleID="s106"><NamedCell ss:Name="_FilterDatabase"/></Cell>
    <Cell ss:StyleID="s106"><NamedCell ss:Name="_FilterDatabase"/></Cell>
    <Cell ss:StyleID="s106"><NamedCell ss:Name="_FilterDatabase"/></Cell>
    <Cell ss:StyleID="s106"><NamedCell ss:Name="_FilterDatabase"/></Cell>
    <Cell ss:StyleID="s107"><NamedCell ss:Name="_FilterDatabase"/></Cell>
    <Cell ss:StyleID="s108"><NamedCell ss:Name="_FilterDatabase"/></Cell>
    <Cell ss:StyleID="s107"><NamedCell ss:Name="_FilterDatabase"/></Cell>
    <Cell ss:StyleID="s108"><NamedCell ss:Name="_FilterDatabase"/></Cell>
    <Cell ss:StyleID="s109"><NamedCell ss:Name="_FilterDatabase"/></Cell>
    <Cell ss:StyleID="s109"><NamedCell ss:Name="_FilterDatabase"/></Cell>
    <Cell ss:StyleID="s109"><NamedCell ss:Name="_FilterDatabase"/></Cell>
    <Cell ss:StyleID="s109"><NamedCell ss:Name="_FilterDatabase"/></Cell>
    <Cell ss:StyleID="s110"><NamedCell ss:Name="_FilterDatabase"/></Cell>
   </Row>
   <Row ss:AutoFitHeight="0">
    <Cell ss:StyleID="s103"><NamedCell ss:Name="_FilterDatabase"/></Cell>
    <Cell ss:StyleID="s104"><NamedCell ss:Name="_FilterDatabase"/></Cell>
    <Cell ss:StyleID="s104"><NamedCell ss:Name="_FilterDatabase"/></Cell>
    <Cell ss:StyleID="s105"><NamedCell ss:Name="_FilterDatabase"/></Cell>
    <Cell ss:StyleID="s106"><NamedCell ss:Name="_FilterDatabase"/></Cell>
    <Cell ss:StyleID="s106"><NamedCell ss:Name="_FilterDatabase"/></Cell>
    <Cell ss:StyleID="s106"><NamedCell ss:Name="_FilterDatabase"/></Cell>
    <Cell ss:StyleID="s106"><NamedCell ss:Name="_FilterDatabase"/></Cell>
    <Cell ss:StyleID="s106"><NamedCell ss:Name="_FilterDatabase"/></Cell>
    <Cell ss:StyleID="s106"><NamedCell ss:Name="_FilterDatabase"/></Cell>
    <Cell ss:StyleID="s106"><NamedCell ss:Name="_FilterDatabase"/></Cell>
    <Cell ss:StyleID="s106"><NamedCell ss:Name="_FilterDatabase"/></Cell>
    <Cell ss:StyleID="s106"><NamedCell ss:Name="_FilterDatabase"/></Cell>
    <Cell ss:StyleID="s106"><NamedCell ss:Name="_FilterDatabase"/></Cell>
    <Cell ss:StyleID="s106"><NamedCell ss:Name="_FilterDatabase"/></Cell>
    <Cell ss:StyleID="s107"><NamedCell ss:Name="_FilterDatabase"/></Cell>
    <Cell ss:StyleID="s108"><NamedCell ss:Name="_FilterDatabase"/></Cell>
    <Cell ss:StyleID="s107"><NamedCell ss:Name="_FilterDatabase"/></Cell>
    <Cell ss:StyleID="s108"><NamedCell ss:Name="_FilterDatabase"/></Cell>
    <Cell ss:StyleID="s109"><NamedCell ss:Name="_FilterDatabase"/></Cell>
    <Cell ss:StyleID="s109"><NamedCell ss:Name="_FilterDatabase"/></Cell>
    <Cell ss:StyleID="s109"><NamedCell ss:Name="_FilterDatabase"/></Cell>
    <Cell ss:StyleID="s109"><NamedCell ss:Name="_FilterDatabase"/></Cell>
    <Cell ss:StyleID="s110"><NamedCell ss:Name="_FilterDatabase"/></Cell>
   </Row>
   <Row ss:AutoFitHeight="0">
    <Cell ss:StyleID="s103"><NamedCell ss:Name="_FilterDatabase"/></Cell>
    <Cell ss:StyleID="s104"><NamedCell ss:Name="_FilterDatabase"/></Cell>
    <Cell ss:StyleID="s104"><NamedCell ss:Name="_FilterDatabase"/></Cell>
    <Cell ss:StyleID="s105"><NamedCell ss:Name="_FilterDatabase"/></Cell>
    <Cell ss:StyleID="s106"><NamedCell ss:Name="_FilterDatabase"/></Cell>
    <Cell ss:StyleID="s106"><NamedCell ss:Name="_FilterDatabase"/></Cell>
    <Cell ss:StyleID="s106"><NamedCell ss:Name="_FilterDatabase"/></Cell>
    <Cell ss:StyleID="s106"><NamedCell ss:Name="_FilterDatabase"/></Cell>
    <Cell ss:StyleID="s106"><NamedCell ss:Name="_FilterDatabase"/></Cell>
    <Cell ss:StyleID="s106"><NamedCell ss:Name="_FilterDatabase"/></Cell>
    <Cell ss:StyleID="s106"><NamedCell ss:Name="_FilterDatabase"/></Cell>
    <Cell ss:StyleID="s106"><NamedCell ss:Name="_FilterDatabase"/></Cell>
    <Cell ss:StyleID="s106"><NamedCell ss:Name="_FilterDatabase"/></Cell>
    <Cell ss:StyleID="s106"><NamedCell ss:Name="_FilterDatabase"/></Cell>
    <Cell ss:StyleID="s106"><NamedCell ss:Name="_FilterDatabase"/></Cell>
    <Cell ss:StyleID="s107"><NamedCell ss:Name="_FilterDatabase"/></Cell>
    <Cell ss:StyleID="s108"><NamedCell ss:Name="_FilterDatabase"/></Cell>
    <Cell ss:StyleID="s107"><NamedCell ss:Name="_FilterDatabase"/></Cell>
    <Cell ss:StyleID="s108"><NamedCell ss:Name="_FilterDatabase"/></Cell>
    <Cell ss:StyleID="s109"><NamedCell ss:Name="_FilterDatabase"/></Cell>
    <Cell ss:StyleID="s109"><NamedCell ss:Name="_FilterDatabase"/></Cell>
    <Cell ss:StyleID="s109"><NamedCell ss:Name="_FilterDatabase"/></Cell>
    <Cell ss:StyleID="s109"><NamedCell ss:Name="_FilterDatabase"/></Cell>
    <Cell ss:StyleID="s110"><NamedCell ss:Name="_FilterDatabase"/></Cell>
   </Row>
   <Row ss:AutoFitHeight="0">
    <Cell ss:StyleID="s103"><NamedCell ss:Name="_FilterDatabase"/></Cell>
    <Cell ss:StyleID="s104"><NamedCell ss:Name="_FilterDatabase"/></Cell>
    <Cell ss:StyleID="s104"><NamedCell ss:Name="_FilterDatabase"/></Cell>
    <Cell ss:StyleID="s105"><NamedCell ss:Name="_FilterDatabase"/></Cell>
    <Cell ss:StyleID="s106"><NamedCell ss:Name="_FilterDatabase"/></Cell>
    <Cell ss:StyleID="s106"><NamedCell ss:Name="_FilterDatabase"/></Cell>
    <Cell ss:StyleID="s106"><NamedCell ss:Name="_FilterDatabase"/></Cell>
    <Cell ss:StyleID="s106"><NamedCell ss:Name="_FilterDatabase"/></Cell>
    <Cell ss:StyleID="s106"><NamedCell ss:Name="_FilterDatabase"/></Cell>
    <Cell ss:StyleID="s106"><NamedCell ss:Name="_FilterDatabase"/></Cell>
    <Cell ss:StyleID="s106"><NamedCell ss:Name="_FilterDatabase"/></Cell>
    <Cell ss:StyleID="s106"><NamedCell ss:Name="_FilterDatabase"/></Cell>
    <Cell ss:StyleID="s106"><NamedCell ss:Name="_FilterDatabase"/></Cell>
    <Cell ss:StyleID="s106"><NamedCell ss:Name="_FilterDatabase"/></Cell>
    <Cell ss:StyleID="s106"><NamedCell ss:Name="_FilterDatabase"/></Cell>
    <Cell ss:StyleID="s107"><NamedCell ss:Name="_FilterDatabase"/></Cell>
    <Cell ss:StyleID="s108"><NamedCell ss:Name="_FilterDatabase"/></Cell>
    <Cell ss:StyleID="s107"><NamedCell ss:Name="_FilterDatabase"/></Cell>
    <Cell ss:StyleID="s108"><NamedCell ss:Name="_FilterDatabase"/></Cell>
    <Cell ss:StyleID="s109"><NamedCell ss:Name="_FilterDatabase"/></Cell>
    <Cell ss:StyleID="s109"><NamedCell ss:Name="_FilterDatabase"/></Cell>
    <Cell ss:StyleID="s109"><NamedCell ss:Name="_FilterDatabase"/></Cell>
    <Cell ss:StyleID="s109"><NamedCell ss:Name="_FilterDatabase"/></Cell>
    <Cell ss:StyleID="s110"><NamedCell ss:Name="_FilterDatabase"/></Cell>
   </Row>
   <Row ss:AutoFitHeight="0">
    <Cell ss:StyleID="s103"><NamedCell ss:Name="_FilterDatabase"/></Cell>
    <Cell ss:StyleID="s104"><NamedCell ss:Name="_FilterDatabase"/></Cell>
    <Cell ss:StyleID="s104"><NamedCell ss:Name="_FilterDatabase"/></Cell>
    <Cell ss:StyleID="s105"><NamedCell ss:Name="_FilterDatabase"/></Cell>
    <Cell ss:StyleID="s106"><NamedCell ss:Name="_FilterDatabase"/></Cell>
    <Cell ss:StyleID="s106"><NamedCell ss:Name="_FilterDatabase"/></Cell>
    <Cell ss:StyleID="s106"><NamedCell ss:Name="_FilterDatabase"/></Cell>
    <Cell ss:StyleID="s106"><NamedCell ss:Name="_FilterDatabase"/></Cell>
    <Cell ss:StyleID="s106"><NamedCell ss:Name="_FilterDatabase"/></Cell>
    <Cell ss:StyleID="s106"><NamedCell ss:Name="_FilterDatabase"/></Cell>
    <Cell ss:StyleID="s106"><NamedCell ss:Name="_FilterDatabase"/></Cell>
    <Cell ss:StyleID="s106"><NamedCell ss:Name="_FilterDatabase"/></Cell>
    <Cell ss:StyleID="s106"><NamedCell ss:Name="_FilterDatabase"/></Cell>
    <Cell ss:StyleID="s106"><NamedCell ss:Name="_FilterDatabase"/></Cell>
    <Cell ss:StyleID="s106"><NamedCell ss:Name="_FilterDatabase"/></Cell>
    <Cell ss:StyleID="s107"><NamedCell ss:Name="_FilterDatabase"/></Cell>
    <Cell ss:StyleID="s108"><NamedCell ss:Name="_FilterDatabase"/></Cell>
    <Cell ss:StyleID="s107"><NamedCell ss:Name="_FilterDatabase"/></Cell>
    <Cell ss:StyleID="s108"><NamedCell ss:Name="_FilterDatabase"/></Cell>
    <Cell ss:StyleID="s109"><NamedCell ss:Name="_FilterDatabase"/></Cell>
    <Cell ss:StyleID="s109"><NamedCell ss:Name="_FilterDatabase"/></Cell>
    <Cell ss:StyleID="s109"><NamedCell ss:Name="_FilterDatabase"/></Cell>
    <Cell ss:StyleID="s109"><NamedCell ss:Name="_FilterDatabase"/></Cell>
    <Cell ss:StyleID="s110"><NamedCell ss:Name="_FilterDatabase"/></Cell>
   </Row>
   <Row ss:AutoFitHeight="0">
    <Cell ss:StyleID="s103"><NamedCell ss:Name="_FilterDatabase"/></Cell>
    <Cell ss:StyleID="s104"><NamedCell ss:Name="_FilterDatabase"/></Cell>
    <Cell ss:StyleID="s104"><NamedCell ss:Name="_FilterDatabase"/></Cell>
    <Cell ss:StyleID="s105"><NamedCell ss:Name="_FilterDatabase"/></Cell>
    <Cell ss:StyleID="s106"><NamedCell ss:Name="_FilterDatabase"/></Cell>
    <Cell ss:StyleID="s106"><NamedCell ss:Name="_FilterDatabase"/></Cell>
    <Cell ss:StyleID="s106"><NamedCell ss:Name="_FilterDatabase"/></Cell>
    <Cell ss:StyleID="s106"><NamedCell ss:Name="_FilterDatabase"/></Cell>
    <Cell ss:StyleID="s106"><NamedCell ss:Name="_FilterDatabase"/></Cell>
    <Cell ss:StyleID="s106"><NamedCell ss:Name="_FilterDatabase"/></Cell>
    <Cell ss:StyleID="s106"><NamedCell ss:Name="_FilterDatabase"/></Cell>
    <Cell ss:StyleID="s106"><NamedCell ss:Name="_FilterDatabase"/></Cell>
    <Cell ss:StyleID="s106"><NamedCell ss:Name="_FilterDatabase"/></Cell>
    <Cell ss:StyleID="s106"><NamedCell ss:Name="_FilterDatabase"/></Cell>
    <Cell ss:StyleID="s106"><NamedCell ss:Name="_FilterDatabase"/></Cell>
    <Cell ss:StyleID="s107"><NamedCell ss:Name="_FilterDatabase"/></Cell>
    <Cell ss:StyleID="s108"><NamedCell ss:Name="_FilterDatabase"/></Cell>
    <Cell ss:StyleID="s107"><NamedCell ss:Name="_FilterDatabase"/></Cell>
    <Cell ss:StyleID="s108"><NamedCell ss:Name="_FilterDatabase"/></Cell>
    <Cell ss:StyleID="s109"><NamedCell ss:Name="_FilterDatabase"/></Cell>
    <Cell ss:StyleID="s109"><NamedCell ss:Name="_FilterDatabase"/></Cell>
    <Cell ss:StyleID="s109"><NamedCell ss:Name="_FilterDatabase"/></Cell>
    <Cell ss:StyleID="s109"><NamedCell ss:Name="_FilterDatabase"/></Cell>
    <Cell ss:StyleID="s110"><NamedCell ss:Name="_FilterDatabase"/></Cell>
   </Row>
   <Row ss:AutoFitHeight="0">
    <Cell ss:StyleID="s103"><NamedCell ss:Name="_FilterDatabase"/></Cell>
    <Cell ss:StyleID="s104"><NamedCell ss:Name="_FilterDatabase"/></Cell>
    <Cell ss:StyleID="s104"><NamedCell ss:Name="_FilterDatabase"/></Cell>
    <Cell ss:StyleID="s105"><NamedCell ss:Name="_FilterDatabase"/></Cell>
    <Cell ss:StyleID="s106"><NamedCell ss:Name="_FilterDatabase"/></Cell>
    <Cell ss:StyleID="s106"><NamedCell ss:Name="_FilterDatabase"/></Cell>
    <Cell ss:StyleID="s106"><NamedCell ss:Name="_FilterDatabase"/></Cell>
    <Cell ss:StyleID="s106"><NamedCell ss:Name="_FilterDatabase"/></Cell>
    <Cell ss:StyleID="s106"><NamedCell ss:Name="_FilterDatabase"/></Cell>
    <Cell ss:StyleID="s106"><NamedCell ss:Name="_FilterDatabase"/></Cell>
    <Cell ss:StyleID="s106"><NamedCell ss:Name="_FilterDatabase"/></Cell>
    <Cell ss:StyleID="s106"><NamedCell ss:Name="_FilterDatabase"/></Cell>
    <Cell ss:StyleID="s106"><NamedCell ss:Name="_FilterDatabase"/></Cell>
    <Cell ss:StyleID="s106"><NamedCell ss:Name="_FilterDatabase"/></Cell>
    <Cell ss:StyleID="s106"><NamedCell ss:Name="_FilterDatabase"/></Cell>
    <Cell ss:StyleID="s107"><NamedCell ss:Name="_FilterDatabase"/></Cell>
    <Cell ss:StyleID="s108"><NamedCell ss:Name="_FilterDatabase"/></Cell>
    <Cell ss:StyleID="s107"><NamedCell ss:Name="_FilterDatabase"/></Cell>
    <Cell ss:StyleID="s108"><NamedCell ss:Name="_FilterDatabase"/></Cell>
    <Cell ss:StyleID="s109"><NamedCell ss:Name="_FilterDatabase"/></Cell>
    <Cell ss:StyleID="s109"><NamedCell ss:Name="_FilterDatabase"/></Cell>
    <Cell ss:StyleID="s109"><NamedCell ss:Name="_FilterDatabase"/></Cell>
    <Cell ss:StyleID="s109"><NamedCell ss:Name="_FilterDatabase"/></Cell>
    <Cell ss:StyleID="s110"><NamedCell ss:Name="_FilterDatabase"/></Cell>
   </Row>
   <Row ss:AutoFitHeight="0">
    <Cell ss:StyleID="s103"><NamedCell ss:Name="_FilterDatabase"/></Cell>
    <Cell ss:StyleID="s104"><NamedCell ss:Name="_FilterDatabase"/></Cell>
    <Cell ss:StyleID="s104"><NamedCell ss:Name="_FilterDatabase"/></Cell>
    <Cell ss:StyleID="s105"><NamedCell ss:Name="_FilterDatabase"/></Cell>
    <Cell ss:StyleID="s106"><NamedCell ss:Name="_FilterDatabase"/></Cell>
    <Cell ss:StyleID="s106"><NamedCell ss:Name="_FilterDatabase"/></Cell>
    <Cell ss:StyleID="s106"><NamedCell ss:Name="_FilterDatabase"/></Cell>
    <Cell ss:StyleID="s106"><NamedCell ss:Name="_FilterDatabase"/></Cell>
    <Cell ss:StyleID="s106"><NamedCell ss:Name="_FilterDatabase"/></Cell>
    <Cell ss:StyleID="s106"><NamedCell ss:Name="_FilterDatabase"/></Cell>
    <Cell ss:StyleID="s106"><NamedCell ss:Name="_FilterDatabase"/></Cell>
    <Cell ss:StyleID="s106"><NamedCell ss:Name="_FilterDatabase"/></Cell>
    <Cell ss:StyleID="s106"><NamedCell ss:Name="_FilterDatabase"/></Cell>
    <Cell ss:StyleID="s106"><NamedCell ss:Name="_FilterDatabase"/></Cell>
    <Cell ss:StyleID="s106"><NamedCell ss:Name="_FilterDatabase"/></Cell>
    <Cell ss:StyleID="s107"><NamedCell ss:Name="_FilterDatabase"/></Cell>
    <Cell ss:StyleID="s108"><NamedCell ss:Name="_FilterDatabase"/></Cell>
    <Cell ss:StyleID="s107"><NamedCell ss:Name="_FilterDatabase"/></Cell>
    <Cell ss:StyleID="s108"><NamedCell ss:Name="_FilterDatabase"/></Cell>
    <Cell ss:StyleID="s109"><NamedCell ss:Name="_FilterDatabase"/></Cell>
    <Cell ss:StyleID="s109"><NamedCell ss:Name="_FilterDatabase"/></Cell>
    <Cell ss:StyleID="s109"><NamedCell ss:Name="_FilterDatabase"/></Cell>
    <Cell ss:StyleID="s109"><NamedCell ss:Name="_FilterDatabase"/></Cell>
    <Cell ss:StyleID="s110"><NamedCell ss:Name="_FilterDatabase"/></Cell>
   </Row>
   <Row ss:AutoFitHeight="0">
    <Cell ss:StyleID="s103"><NamedCell ss:Name="_FilterDatabase"/></Cell>
    <Cell ss:StyleID="s104"><NamedCell ss:Name="_FilterDatabase"/></Cell>
    <Cell ss:StyleID="s104"><NamedCell ss:Name="_FilterDatabase"/></Cell>
    <Cell ss:StyleID="s105"><NamedCell ss:Name="_FilterDatabase"/></Cell>
    <Cell ss:StyleID="s106"><NamedCell ss:Name="_FilterDatabase"/></Cell>
    <Cell ss:StyleID="s106"><NamedCell ss:Name="_FilterDatabase"/></Cell>
    <Cell ss:StyleID="s106"><NamedCell ss:Name="_FilterDatabase"/></Cell>
    <Cell ss:StyleID="s106"><NamedCell ss:Name="_FilterDatabase"/></Cell>
    <Cell ss:StyleID="s106"><NamedCell ss:Name="_FilterDatabase"/></Cell>
    <Cell ss:StyleID="s106"><NamedCell ss:Name="_FilterDatabase"/></Cell>
    <Cell ss:StyleID="s106"><NamedCell ss:Name="_FilterDatabase"/></Cell>
    <Cell ss:StyleID="s106"><NamedCell ss:Name="_FilterDatabase"/></Cell>
    <Cell ss:StyleID="s106"><NamedCell ss:Name="_FilterDatabase"/></Cell>
    <Cell ss:StyleID="s106"><NamedCell ss:Name="_FilterDatabase"/></Cell>
    <Cell ss:StyleID="s106"><NamedCell ss:Name="_FilterDatabase"/></Cell>
    <Cell ss:StyleID="s107"><NamedCell ss:Name="_FilterDatabase"/></Cell>
    <Cell ss:StyleID="s108"><NamedCell ss:Name="_FilterDatabase"/></Cell>
    <Cell ss:StyleID="s107"><NamedCell ss:Name="_FilterDatabase"/></Cell>
    <Cell ss:StyleID="s108"><NamedCell ss:Name="_FilterDatabase"/></Cell>
    <Cell ss:StyleID="s109"><NamedCell ss:Name="_FilterDatabase"/></Cell>
    <Cell ss:StyleID="s109"><NamedCell ss:Name="_FilterDatabase"/></Cell>
    <Cell ss:StyleID="s109"><NamedCell ss:Name="_FilterDatabase"/></Cell>
    <Cell ss:StyleID="s109"><NamedCell ss:Name="_FilterDatabase"/></Cell>
    <Cell ss:StyleID="s110"><NamedCell ss:Name="_FilterDatabase"/></Cell>
   </Row>
   <Row ss:AutoFitHeight="0">
    <Cell ss:StyleID="s103"><NamedCell ss:Name="_FilterDatabase"/></Cell>
    <Cell ss:StyleID="s104"><NamedCell ss:Name="_FilterDatabase"/></Cell>
    <Cell ss:StyleID="s104"><NamedCell ss:Name="_FilterDatabase"/></Cell>
    <Cell ss:StyleID="s105"><NamedCell ss:Name="_FilterDatabase"/></Cell>
    <Cell ss:StyleID="s106"><NamedCell ss:Name="_FilterDatabase"/></Cell>
    <Cell ss:StyleID="s106"><NamedCell ss:Name="_FilterDatabase"/></Cell>
    <Cell ss:StyleID="s106"><NamedCell ss:Name="_FilterDatabase"/></Cell>
    <Cell ss:StyleID="s106"><NamedCell ss:Name="_FilterDatabase"/></Cell>
    <Cell ss:StyleID="s106"><NamedCell ss:Name="_FilterDatabase"/></Cell>
    <Cell ss:StyleID="s106"><NamedCell ss:Name="_FilterDatabase"/></Cell>
    <Cell ss:StyleID="s106"><NamedCell ss:Name="_FilterDatabase"/></Cell>
    <Cell ss:StyleID="s106"><NamedCell ss:Name="_FilterDatabase"/></Cell>
    <Cell ss:StyleID="s106"><NamedCell ss:Name="_FilterDatabase"/></Cell>
    <Cell ss:StyleID="s106"><NamedCell ss:Name="_FilterDatabase"/></Cell>
    <Cell ss:StyleID="s106"><NamedCell ss:Name="_FilterDatabase"/></Cell>
    <Cell ss:StyleID="s107"><NamedCell ss:Name="_FilterDatabase"/></Cell>
    <Cell ss:StyleID="s108"><NamedCell ss:Name="_FilterDatabase"/></Cell>
    <Cell ss:StyleID="s107"><NamedCell ss:Name="_FilterDatabase"/></Cell>
    <Cell ss:StyleID="s108"><NamedCell ss:Name="_FilterDatabase"/></Cell>
    <Cell ss:StyleID="s109"><NamedCell ss:Name="_FilterDatabase"/></Cell>
    <Cell ss:StyleID="s109"><NamedCell ss:Name="_FilterDatabase"/></Cell>
    <Cell ss:StyleID="s109"><NamedCell ss:Name="_FilterDatabase"/></Cell>
    <Cell ss:StyleID="s109"><NamedCell ss:Name="_FilterDatabase"/></Cell>
    <Cell ss:StyleID="s110"><NamedCell ss:Name="_FilterDatabase"/></Cell>
   </Row>
   <Row ss:AutoFitHeight="0">
    <Cell ss:StyleID="s103"><NamedCell ss:Name="_FilterDatabase"/></Cell>
    <Cell ss:StyleID="s104"><NamedCell ss:Name="_FilterDatabase"/></Cell>
    <Cell ss:StyleID="s104"><NamedCell ss:Name="_FilterDatabase"/></Cell>
    <Cell ss:StyleID="s105"><NamedCell ss:Name="_FilterDatabase"/></Cell>
    <Cell ss:StyleID="s106"><NamedCell ss:Name="_FilterDatabase"/></Cell>
    <Cell ss:StyleID="s106"><NamedCell ss:Name="_FilterDatabase"/></Cell>
    <Cell ss:StyleID="s106"><NamedCell ss:Name="_FilterDatabase"/></Cell>
    <Cell ss:StyleID="s106"><NamedCell ss:Name="_FilterDatabase"/></Cell>
    <Cell ss:StyleID="s106"><NamedCell ss:Name="_FilterDatabase"/></Cell>
    <Cell ss:StyleID="s106"><NamedCell ss:Name="_FilterDatabase"/></Cell>
    <Cell ss:StyleID="s106"><NamedCell ss:Name="_FilterDatabase"/></Cell>
    <Cell ss:StyleID="s106"><NamedCell ss:Name="_FilterDatabase"/></Cell>
    <Cell ss:StyleID="s106"><NamedCell ss:Name="_FilterDatabase"/></Cell>
    <Cell ss:StyleID="s106"><NamedCell ss:Name="_FilterDatabase"/></Cell>
    <Cell ss:StyleID="s106"><NamedCell ss:Name="_FilterDatabase"/></Cell>
    <Cell ss:StyleID="s107"><NamedCell ss:Name="_FilterDatabase"/></Cell>
    <Cell ss:StyleID="s108"><NamedCell ss:Name="_FilterDatabase"/></Cell>
    <Cell ss:StyleID="s107"><NamedCell ss:Name="_FilterDatabase"/></Cell>
    <Cell ss:StyleID="s108"><NamedCell ss:Name="_FilterDatabase"/></Cell>
    <Cell ss:StyleID="s109"><NamedCell ss:Name="_FilterDatabase"/></Cell>
    <Cell ss:StyleID="s109"><NamedCell ss:Name="_FilterDatabase"/></Cell>
    <Cell ss:StyleID="s109"><NamedCell ss:Name="_FilterDatabase"/></Cell>
    <Cell ss:StyleID="s109"><NamedCell ss:Name="_FilterDatabase"/></Cell>
    <Cell ss:StyleID="s110"><NamedCell ss:Name="_FilterDatabase"/></Cell>
   </Row>
   <Row ss:AutoFitHeight="0">
    <Cell ss:StyleID="s103"><NamedCell ss:Name="_FilterDatabase"/></Cell>
    <Cell ss:StyleID="s104"><NamedCell ss:Name="_FilterDatabase"/></Cell>
    <Cell ss:StyleID="s104"><NamedCell ss:Name="_FilterDatabase"/></Cell>
    <Cell ss:StyleID="s105"><NamedCell ss:Name="_FilterDatabase"/></Cell>
    <Cell ss:StyleID="s106"><NamedCell ss:Name="_FilterDatabase"/></Cell>
    <Cell ss:StyleID="s106"><NamedCell ss:Name="_FilterDatabase"/></Cell>
    <Cell ss:StyleID="s106"><NamedCell ss:Name="_FilterDatabase"/></Cell>
    <Cell ss:StyleID="s106"><NamedCell ss:Name="_FilterDatabase"/></Cell>
    <Cell ss:StyleID="s106"><NamedCell ss:Name="_FilterDatabase"/></Cell>
    <Cell ss:StyleID="s106"><NamedCell ss:Name="_FilterDatabase"/></Cell>
    <Cell ss:StyleID="s106"><NamedCell ss:Name="_FilterDatabase"/></Cell>
    <Cell ss:StyleID="s106"><NamedCell ss:Name="_FilterDatabase"/></Cell>
    <Cell ss:StyleID="s106"><NamedCell ss:Name="_FilterDatabase"/></Cell>
    <Cell ss:StyleID="s106"><NamedCell ss:Name="_FilterDatabase"/></Cell>
    <Cell ss:StyleID="s106"><NamedCell ss:Name="_FilterDatabase"/></Cell>
    <Cell ss:StyleID="s107"><NamedCell ss:Name="_FilterDatabase"/></Cell>
    <Cell ss:StyleID="s108"><NamedCell ss:Name="_FilterDatabase"/></Cell>
    <Cell ss:StyleID="s107"><NamedCell ss:Name="_FilterDatabase"/></Cell>
    <Cell ss:StyleID="s108"><NamedCell ss:Name="_FilterDatabase"/></Cell>
    <Cell ss:StyleID="s109"><NamedCell ss:Name="_FilterDatabase"/></Cell>
    <Cell ss:StyleID="s109"><NamedCell ss:Name="_FilterDatabase"/></Cell>
    <Cell ss:StyleID="s109"><NamedCell ss:Name="_FilterDatabase"/></Cell>
    <Cell ss:StyleID="s109"><NamedCell ss:Name="_FilterDatabase"/></Cell>
    <Cell ss:StyleID="s110"><NamedCell ss:Name="_FilterDatabase"/></Cell>
   </Row>
   <Row ss:AutoFitHeight="0">
    <Cell ss:StyleID="s103"><NamedCell ss:Name="_FilterDatabase"/></Cell>
    <Cell ss:StyleID="s104"><NamedCell ss:Name="_FilterDatabase"/></Cell>
    <Cell ss:StyleID="s104"><NamedCell ss:Name="_FilterDatabase"/></Cell>
    <Cell ss:StyleID="s105"><NamedCell ss:Name="_FilterDatabase"/></Cell>
    <Cell ss:StyleID="s106"><NamedCell ss:Name="_FilterDatabase"/></Cell>
    <Cell ss:StyleID="s106"><NamedCell ss:Name="_FilterDatabase"/></Cell>
    <Cell ss:StyleID="s106"><NamedCell ss:Name="_FilterDatabase"/></Cell>
    <Cell ss:StyleID="s106"><NamedCell ss:Name="_FilterDatabase"/></Cell>
    <Cell ss:StyleID="s106"><NamedCell ss:Name="_FilterDatabase"/></Cell>
    <Cell ss:StyleID="s106"><NamedCell ss:Name="_FilterDatabase"/></Cell>
    <Cell ss:StyleID="s106"><NamedCell ss:Name="_FilterDatabase"/></Cell>
    <Cell ss:StyleID="s106"><NamedCell ss:Name="_FilterDatabase"/></Cell>
    <Cell ss:StyleID="s106"><NamedCell ss:Name="_FilterDatabase"/></Cell>
    <Cell ss:StyleID="s106"><NamedCell ss:Name="_FilterDatabase"/></Cell>
    <Cell ss:StyleID="s106"><NamedCell ss:Name="_FilterDatabase"/></Cell>
    <Cell ss:StyleID="s107"><NamedCell ss:Name="_FilterDatabase"/></Cell>
    <Cell ss:StyleID="s108"><NamedCell ss:Name="_FilterDatabase"/></Cell>
    <Cell ss:StyleID="s107"><NamedCell ss:Name="_FilterDatabase"/></Cell>
    <Cell ss:StyleID="s108"><NamedCell ss:Name="_FilterDatabase"/></Cell>
    <Cell ss:StyleID="s109"><NamedCell ss:Name="_FilterDatabase"/></Cell>
    <Cell ss:StyleID="s109"><NamedCell ss:Name="_FilterDatabase"/></Cell>
    <Cell ss:StyleID="s109"><NamedCell ss:Name="_FilterDatabase"/></Cell>
    <Cell ss:StyleID="s109"><NamedCell ss:Name="_FilterDatabase"/></Cell>
    <Cell ss:StyleID="s110"><NamedCell ss:Name="_FilterDatabase"/></Cell>
   </Row>
   <Row ss:AutoFitHeight="0">
    <Cell ss:StyleID="s103"><NamedCell ss:Name="_FilterDatabase"/></Cell>
    <Cell ss:StyleID="s104"><NamedCell ss:Name="_FilterDatabase"/></Cell>
    <Cell ss:StyleID="s104"><NamedCell ss:Name="_FilterDatabase"/></Cell>
    <Cell ss:StyleID="s105"><NamedCell ss:Name="_FilterDatabase"/></Cell>
    <Cell ss:StyleID="s106"><NamedCell ss:Name="_FilterDatabase"/></Cell>
    <Cell ss:StyleID="s106"><NamedCell ss:Name="_FilterDatabase"/></Cell>
    <Cell ss:StyleID="s106"><NamedCell ss:Name="_FilterDatabase"/></Cell>
    <Cell ss:StyleID="s106"><NamedCell ss:Name="_FilterDatabase"/></Cell>
    <Cell ss:StyleID="s106"><NamedCell ss:Name="_FilterDatabase"/></Cell>
    <Cell ss:StyleID="s106"><NamedCell ss:Name="_FilterDatabase"/></Cell>
    <Cell ss:StyleID="s106"><NamedCell ss:Name="_FilterDatabase"/></Cell>
    <Cell ss:StyleID="s106"><NamedCell ss:Name="_FilterDatabase"/></Cell>
    <Cell ss:StyleID="s106"><NamedCell ss:Name="_FilterDatabase"/></Cell>
    <Cell ss:StyleID="s106"><NamedCell ss:Name="_FilterDatabase"/></Cell>
    <Cell ss:StyleID="s106"><NamedCell ss:Name="_FilterDatabase"/></Cell>
    <Cell ss:StyleID="s107"><NamedCell ss:Name="_FilterDatabase"/></Cell>
    <Cell ss:StyleID="s108"><NamedCell ss:Name="_FilterDatabase"/></Cell>
    <Cell ss:StyleID="s107"><NamedCell ss:Name="_FilterDatabase"/></Cell>
    <Cell ss:StyleID="s108"><NamedCell ss:Name="_FilterDatabase"/></Cell>
    <Cell ss:StyleID="s109"><NamedCell ss:Name="_FilterDatabase"/></Cell>
    <Cell ss:StyleID="s109"><NamedCell ss:Name="_FilterDatabase"/></Cell>
    <Cell ss:StyleID="s109"><NamedCell ss:Name="_FilterDatabase"/></Cell>
    <Cell ss:StyleID="s109"><NamedCell ss:Name="_FilterDatabase"/></Cell>
    <Cell ss:StyleID="s110"><NamedCell ss:Name="_FilterDatabase"/></Cell>
   </Row>
   <Row ss:AutoFitHeight="0">
    <Cell ss:StyleID="s103"><NamedCell ss:Name="_FilterDatabase"/></Cell>
    <Cell ss:StyleID="s104"><NamedCell ss:Name="_FilterDatabase"/></Cell>
    <Cell ss:StyleID="s104"><NamedCell ss:Name="_FilterDatabase"/></Cell>
    <Cell ss:StyleID="s105"><NamedCell ss:Name="_FilterDatabase"/></Cell>
    <Cell ss:StyleID="s106"><NamedCell ss:Name="_FilterDatabase"/></Cell>
    <Cell ss:StyleID="s106"><NamedCell ss:Name="_FilterDatabase"/></Cell>
    <Cell ss:StyleID="s106"><NamedCell ss:Name="_FilterDatabase"/></Cell>
    <Cell ss:StyleID="s106"><NamedCell ss:Name="_FilterDatabase"/></Cell>
    <Cell ss:StyleID="s106"><NamedCell ss:Name="_FilterDatabase"/></Cell>
    <Cell ss:StyleID="s106"><NamedCell ss:Name="_FilterDatabase"/></Cell>
    <Cell ss:StyleID="s106"><NamedCell ss:Name="_FilterDatabase"/></Cell>
    <Cell ss:StyleID="s106"><NamedCell ss:Name="_FilterDatabase"/></Cell>
    <Cell ss:StyleID="s106"><NamedCell ss:Name="_FilterDatabase"/></Cell>
    <Cell ss:StyleID="s106"><NamedCell ss:Name="_FilterDatabase"/></Cell>
    <Cell ss:StyleID="s106"><NamedCell ss:Name="_FilterDatabase"/></Cell>
    <Cell ss:StyleID="s107"><NamedCell ss:Name="_FilterDatabase"/></Cell>
    <Cell ss:StyleID="s108"><NamedCell ss:Name="_FilterDatabase"/></Cell>
    <Cell ss:StyleID="s107"><NamedCell ss:Name="_FilterDatabase"/></Cell>
    <Cell ss:StyleID="s108"><NamedCell ss:Name="_FilterDatabase"/></Cell>
    <Cell ss:StyleID="s109"><NamedCell ss:Name="_FilterDatabase"/></Cell>
    <Cell ss:StyleID="s109"><NamedCell ss:Name="_FilterDatabase"/></Cell>
    <Cell ss:StyleID="s109"><NamedCell ss:Name="_FilterDatabase"/></Cell>
    <Cell ss:StyleID="s109"><NamedCell ss:Name="_FilterDatabase"/></Cell>
    <Cell ss:StyleID="s110"><NamedCell ss:Name="_FilterDatabase"/></Cell>
   </Row>
   <Row ss:AutoFitHeight="0">
    <Cell ss:StyleID="s103"><NamedCell ss:Name="_FilterDatabase"/></Cell>
    <Cell ss:StyleID="s104"><NamedCell ss:Name="_FilterDatabase"/></Cell>
    <Cell ss:StyleID="s104"><NamedCell ss:Name="_FilterDatabase"/></Cell>
    <Cell ss:StyleID="s105"><NamedCell ss:Name="_FilterDatabase"/></Cell>
    <Cell ss:StyleID="s106"><NamedCell ss:Name="_FilterDatabase"/></Cell>
    <Cell ss:StyleID="s106"><NamedCell ss:Name="_FilterDatabase"/></Cell>
    <Cell ss:StyleID="s106"><NamedCell ss:Name="_FilterDatabase"/></Cell>
    <Cell ss:StyleID="s106"><NamedCell ss:Name="_FilterDatabase"/></Cell>
    <Cell ss:StyleID="s106"><NamedCell ss:Name="_FilterDatabase"/></Cell>
    <Cell ss:StyleID="s106"><NamedCell ss:Name="_FilterDatabase"/></Cell>
    <Cell ss:StyleID="s106"><NamedCell ss:Name="_FilterDatabase"/></Cell>
    <Cell ss:StyleID="s106"><NamedCell ss:Name="_FilterDatabase"/></Cell>
    <Cell ss:StyleID="s106"><NamedCell ss:Name="_FilterDatabase"/></Cell>
    <Cell ss:StyleID="s106"><NamedCell ss:Name="_FilterDatabase"/></Cell>
    <Cell ss:StyleID="s106"><NamedCell ss:Name="_FilterDatabase"/></Cell>
    <Cell ss:StyleID="s107"><NamedCell ss:Name="_FilterDatabase"/></Cell>
    <Cell ss:StyleID="s108"><NamedCell ss:Name="_FilterDatabase"/></Cell>
    <Cell ss:StyleID="s107"><NamedCell ss:Name="_FilterDatabase"/></Cell>
    <Cell ss:StyleID="s108"><NamedCell ss:Name="_FilterDatabase"/></Cell>
    <Cell ss:StyleID="s109"><NamedCell ss:Name="_FilterDatabase"/></Cell>
    <Cell ss:StyleID="s109"><NamedCell ss:Name="_FilterDatabase"/></Cell>
    <Cell ss:StyleID="s109"><NamedCell ss:Name="_FilterDatabase"/></Cell>
    <Cell ss:StyleID="s109"><NamedCell ss:Name="_FilterDatabase"/></Cell>
    <Cell ss:StyleID="s110"><NamedCell ss:Name="_FilterDatabase"/></Cell>
   </Row>
   <Row ss:AutoFitHeight="0">
    <Cell ss:StyleID="s103"><NamedCell ss:Name="_FilterDatabase"/></Cell>
    <Cell ss:StyleID="s104"><NamedCell ss:Name="_FilterDatabase"/></Cell>
    <Cell ss:StyleID="s104"><NamedCell ss:Name="_FilterDatabase"/></Cell>
    <Cell ss:StyleID="s105"><NamedCell ss:Name="_FilterDatabase"/></Cell>
    <Cell ss:StyleID="s106"><NamedCell ss:Name="_FilterDatabase"/></Cell>
    <Cell ss:StyleID="s106"><NamedCell ss:Name="_FilterDatabase"/></Cell>
    <Cell ss:StyleID="s106"><NamedCell ss:Name="_FilterDatabase"/></Cell>
    <Cell ss:StyleID="s106"><NamedCell ss:Name="_FilterDatabase"/></Cell>
    <Cell ss:StyleID="s106"><NamedCell ss:Name="_FilterDatabase"/></Cell>
    <Cell ss:StyleID="s106"><NamedCell ss:Name="_FilterDatabase"/></Cell>
    <Cell ss:StyleID="s106"><NamedCell ss:Name="_FilterDatabase"/></Cell>
    <Cell ss:StyleID="s106"><NamedCell ss:Name="_FilterDatabase"/></Cell>
    <Cell ss:StyleID="s106"><NamedCell ss:Name="_FilterDatabase"/></Cell>
    <Cell ss:StyleID="s106"><NamedCell ss:Name="_FilterDatabase"/></Cell>
    <Cell ss:StyleID="s106"><NamedCell ss:Name="_FilterDatabase"/></Cell>
    <Cell ss:StyleID="s107"><NamedCell ss:Name="_FilterDatabase"/></Cell>
    <Cell ss:StyleID="s108"><NamedCell ss:Name="_FilterDatabase"/></Cell>
    <Cell ss:StyleID="s107"><NamedCell ss:Name="_FilterDatabase"/></Cell>
    <Cell ss:StyleID="s108"><NamedCell ss:Name="_FilterDatabase"/></Cell>
    <Cell ss:StyleID="s109"><NamedCell ss:Name="_FilterDatabase"/></Cell>
    <Cell ss:StyleID="s109"><NamedCell ss:Name="_FilterDatabase"/></Cell>
    <Cell ss:StyleID="s109"><NamedCell ss:Name="_FilterDatabase"/></Cell>
    <Cell ss:StyleID="s109"><NamedCell ss:Name="_FilterDatabase"/></Cell>
    <Cell ss:StyleID="s110"><NamedCell ss:Name="_FilterDatabase"/></Cell>
   </Row>
   <Row ss:AutoFitHeight="0">
    <Cell ss:StyleID="s103"><NamedCell ss:Name="_FilterDatabase"/></Cell>
    <Cell ss:StyleID="s104"><NamedCell ss:Name="_FilterDatabase"/></Cell>
    <Cell ss:StyleID="s104"><NamedCell ss:Name="_FilterDatabase"/></Cell>
    <Cell ss:StyleID="s105"><NamedCell ss:Name="_FilterDatabase"/></Cell>
    <Cell ss:StyleID="s106"><NamedCell ss:Name="_FilterDatabase"/></Cell>
    <Cell ss:StyleID="s106"><NamedCell ss:Name="_FilterDatabase"/></Cell>
    <Cell ss:StyleID="s106"><NamedCell ss:Name="_FilterDatabase"/></Cell>
    <Cell ss:StyleID="s106"><NamedCell ss:Name="_FilterDatabase"/></Cell>
    <Cell ss:StyleID="s106"><NamedCell ss:Name="_FilterDatabase"/></Cell>
    <Cell ss:StyleID="s106"><NamedCell ss:Name="_FilterDatabase"/></Cell>
    <Cell ss:StyleID="s106"><NamedCell ss:Name="_FilterDatabase"/></Cell>
    <Cell ss:StyleID="s106"><NamedCell ss:Name="_FilterDatabase"/></Cell>
    <Cell ss:StyleID="s106"><NamedCell ss:Name="_FilterDatabase"/></Cell>
    <Cell ss:StyleID="s106"><NamedCell ss:Name="_FilterDatabase"/></Cell>
    <Cell ss:StyleID="s106"><NamedCell ss:Name="_FilterDatabase"/></Cell>
    <Cell ss:StyleID="s107"><NamedCell ss:Name="_FilterDatabase"/></Cell>
    <Cell ss:StyleID="s108"><NamedCell ss:Name="_FilterDatabase"/></Cell>
    <Cell ss:StyleID="s107"><NamedCell ss:Name="_FilterDatabase"/></Cell>
    <Cell ss:StyleID="s108"><NamedCell ss:Name="_FilterDatabase"/></Cell>
    <Cell ss:StyleID="s109"><NamedCell ss:Name="_FilterDatabase"/></Cell>
    <Cell ss:StyleID="s109"><NamedCell ss:Name="_FilterDatabase"/></Cell>
    <Cell ss:StyleID="s109"><NamedCell ss:Name="_FilterDatabase"/></Cell>
    <Cell ss:StyleID="s109"><NamedCell ss:Name="_FilterDatabase"/></Cell>
    <Cell ss:StyleID="s110"><NamedCell ss:Name="_FilterDatabase"/></Cell>
   </Row>
   <Row ss:AutoFitHeight="0">
    <Cell ss:StyleID="s103"><NamedCell ss:Name="_FilterDatabase"/></Cell>
    <Cell ss:StyleID="s104"><NamedCell ss:Name="_FilterDatabase"/></Cell>
    <Cell ss:StyleID="s104"><NamedCell ss:Name="_FilterDatabase"/></Cell>
    <Cell ss:StyleID="s105"><NamedCell ss:Name="_FilterDatabase"/></Cell>
    <Cell ss:StyleID="s106"><NamedCell ss:Name="_FilterDatabase"/></Cell>
    <Cell ss:StyleID="s106"><NamedCell ss:Name="_FilterDatabase"/></Cell>
    <Cell ss:StyleID="s106"><NamedCell ss:Name="_FilterDatabase"/></Cell>
    <Cell ss:StyleID="s106"><NamedCell ss:Name="_FilterDatabase"/></Cell>
    <Cell ss:StyleID="s106"><NamedCell ss:Name="_FilterDatabase"/></Cell>
    <Cell ss:StyleID="s106"><NamedCell ss:Name="_FilterDatabase"/></Cell>
    <Cell ss:StyleID="s106"><NamedCell ss:Name="_FilterDatabase"/></Cell>
    <Cell ss:StyleID="s106"><NamedCell ss:Name="_FilterDatabase"/></Cell>
    <Cell ss:StyleID="s106"><NamedCell ss:Name="_FilterDatabase"/></Cell>
    <Cell ss:StyleID="s106"><NamedCell ss:Name="_FilterDatabase"/></Cell>
    <Cell ss:StyleID="s106"><NamedCell ss:Name="_FilterDatabase"/></Cell>
    <Cell ss:StyleID="s107"><NamedCell ss:Name="_FilterDatabase"/></Cell>
    <Cell ss:StyleID="s108"><NamedCell ss:Name="_FilterDatabase"/></Cell>
    <Cell ss:StyleID="s107"><NamedCell ss:Name="_FilterDatabase"/></Cell>
    <Cell ss:StyleID="s108"><NamedCell ss:Name="_FilterDatabase"/></Cell>
    <Cell ss:StyleID="s109"><NamedCell ss:Name="_FilterDatabase"/></Cell>
    <Cell ss:StyleID="s109"><NamedCell ss:Name="_FilterDatabase"/></Cell>
    <Cell ss:StyleID="s109"><NamedCell ss:Name="_FilterDatabase"/></Cell>
    <Cell ss:StyleID="s109"><NamedCell ss:Name="_FilterDatabase"/></Cell>
    <Cell ss:StyleID="s110"><NamedCell ss:Name="_FilterDatabase"/></Cell>
   </Row>
   <Row ss:AutoFitHeight="0">
    <Cell ss:StyleID="s103"><NamedCell ss:Name="_FilterDatabase"/></Cell>
    <Cell ss:StyleID="s104"><NamedCell ss:Name="_FilterDatabase"/></Cell>
    <Cell ss:StyleID="s104"><NamedCell ss:Name="_FilterDatabase"/></Cell>
    <Cell ss:StyleID="s105"><NamedCell ss:Name="_FilterDatabase"/></Cell>
    <Cell ss:StyleID="s106"><NamedCell ss:Name="_FilterDatabase"/></Cell>
    <Cell ss:StyleID="s106"><NamedCell ss:Name="_FilterDatabase"/></Cell>
    <Cell ss:StyleID="s106"><NamedCell ss:Name="_FilterDatabase"/></Cell>
    <Cell ss:StyleID="s106"><NamedCell ss:Name="_FilterDatabase"/></Cell>
    <Cell ss:StyleID="s106"><NamedCell ss:Name="_FilterDatabase"/></Cell>
    <Cell ss:StyleID="s106"><NamedCell ss:Name="_FilterDatabase"/></Cell>
    <Cell ss:StyleID="s106"><NamedCell ss:Name="_FilterDatabase"/></Cell>
    <Cell ss:StyleID="s106"><NamedCell ss:Name="_FilterDatabase"/></Cell>
    <Cell ss:StyleID="s106"><NamedCell ss:Name="_FilterDatabase"/></Cell>
    <Cell ss:StyleID="s106"><NamedCell ss:Name="_FilterDatabase"/></Cell>
    <Cell ss:StyleID="s106"><NamedCell ss:Name="_FilterDatabase"/></Cell>
    <Cell ss:StyleID="s107"><NamedCell ss:Name="_FilterDatabase"/></Cell>
    <Cell ss:StyleID="s108"><NamedCell ss:Name="_FilterDatabase"/></Cell>
    <Cell ss:StyleID="s107"><NamedCell ss:Name="_FilterDatabase"/></Cell>
    <Cell ss:StyleID="s108"><NamedCell ss:Name="_FilterDatabase"/></Cell>
    <Cell ss:StyleID="s109"><NamedCell ss:Name="_FilterDatabase"/></Cell>
    <Cell ss:StyleID="s109"><NamedCell ss:Name="_FilterDatabase"/></Cell>
    <Cell ss:StyleID="s109"><NamedCell ss:Name="_FilterDatabase"/></Cell>
    <Cell ss:StyleID="s109"><NamedCell ss:Name="_FilterDatabase"/></Cell>
    <Cell ss:StyleID="s110"><NamedCell ss:Name="_FilterDatabase"/></Cell>
   </Row>
   <Row ss:AutoFitHeight="0">
    <Cell ss:StyleID="s103"><NamedCell ss:Name="_FilterDatabase"/></Cell>
    <Cell ss:StyleID="s104"><NamedCell ss:Name="_FilterDatabase"/></Cell>
    <Cell ss:StyleID="s104"><NamedCell ss:Name="_FilterDatabase"/></Cell>
    <Cell ss:StyleID="s105"><NamedCell ss:Name="_FilterDatabase"/></Cell>
    <Cell ss:StyleID="s106"><NamedCell ss:Name="_FilterDatabase"/></Cell>
    <Cell ss:StyleID="s106"><NamedCell ss:Name="_FilterDatabase"/></Cell>
    <Cell ss:StyleID="s106"><NamedCell ss:Name="_FilterDatabase"/></Cell>
    <Cell ss:StyleID="s106"><NamedCell ss:Name="_FilterDatabase"/></Cell>
    <Cell ss:StyleID="s106"><NamedCell ss:Name="_FilterDatabase"/></Cell>
    <Cell ss:StyleID="s106"><NamedCell ss:Name="_FilterDatabase"/></Cell>
    <Cell ss:StyleID="s106"><NamedCell ss:Name="_FilterDatabase"/></Cell>
    <Cell ss:StyleID="s106"><NamedCell ss:Name="_FilterDatabase"/></Cell>
    <Cell ss:StyleID="s106"><NamedCell ss:Name="_FilterDatabase"/></Cell>
    <Cell ss:StyleID="s106"><NamedCell ss:Name="_FilterDatabase"/></Cell>
    <Cell ss:StyleID="s106"><NamedCell ss:Name="_FilterDatabase"/></Cell>
    <Cell ss:StyleID="s107"><NamedCell ss:Name="_FilterDatabase"/></Cell>
    <Cell ss:StyleID="s108"><NamedCell ss:Name="_FilterDatabase"/></Cell>
    <Cell ss:StyleID="s107"><NamedCell ss:Name="_FilterDatabase"/></Cell>
    <Cell ss:StyleID="s108"><NamedCell ss:Name="_FilterDatabase"/></Cell>
    <Cell ss:StyleID="s109"><NamedCell ss:Name="_FilterDatabase"/></Cell>
    <Cell ss:StyleID="s109"><NamedCell ss:Name="_FilterDatabase"/></Cell>
    <Cell ss:StyleID="s109"><NamedCell ss:Name="_FilterDatabase"/></Cell>
    <Cell ss:StyleID="s109"><NamedCell ss:Name="_FilterDatabase"/></Cell>
    <Cell ss:StyleID="s110"><NamedCell ss:Name="_FilterDatabase"/></Cell>
   </Row>
   <Row ss:AutoFitHeight="0">
    <Cell ss:StyleID="s103"><NamedCell ss:Name="_FilterDatabase"/></Cell>
    <Cell ss:StyleID="s104"><NamedCell ss:Name="_FilterDatabase"/></Cell>
    <Cell ss:StyleID="s104"><NamedCell ss:Name="_FilterDatabase"/></Cell>
    <Cell ss:StyleID="s105"><NamedCell ss:Name="_FilterDatabase"/></Cell>
    <Cell ss:StyleID="s106"><NamedCell ss:Name="_FilterDatabase"/></Cell>
    <Cell ss:StyleID="s106"><NamedCell ss:Name="_FilterDatabase"/></Cell>
    <Cell ss:StyleID="s106"><NamedCell ss:Name="_FilterDatabase"/></Cell>
    <Cell ss:StyleID="s106"><NamedCell ss:Name="_FilterDatabase"/></Cell>
    <Cell ss:StyleID="s106"><NamedCell ss:Name="_FilterDatabase"/></Cell>
    <Cell ss:StyleID="s106"><NamedCell ss:Name="_FilterDatabase"/></Cell>
    <Cell ss:StyleID="s106"><NamedCell ss:Name="_FilterDatabase"/></Cell>
    <Cell ss:StyleID="s106"><NamedCell ss:Name="_FilterDatabase"/></Cell>
    <Cell ss:StyleID="s106"><NamedCell ss:Name="_FilterDatabase"/></Cell>
    <Cell ss:StyleID="s106"><NamedCell ss:Name="_FilterDatabase"/></Cell>
    <Cell ss:StyleID="s106"><NamedCell ss:Name="_FilterDatabase"/></Cell>
    <Cell ss:StyleID="s107"><NamedCell ss:Name="_FilterDatabase"/></Cell>
    <Cell ss:StyleID="s108"><NamedCell ss:Name="_FilterDatabase"/></Cell>
    <Cell ss:StyleID="s107"><NamedCell ss:Name="_FilterDatabase"/></Cell>
    <Cell ss:StyleID="s108"><NamedCell ss:Name="_FilterDatabase"/></Cell>
    <Cell ss:StyleID="s109"><NamedCell ss:Name="_FilterDatabase"/></Cell>
    <Cell ss:StyleID="s109"><NamedCell ss:Name="_FilterDatabase"/></Cell>
    <Cell ss:StyleID="s109"><NamedCell ss:Name="_FilterDatabase"/></Cell>
    <Cell ss:StyleID="s109"><NamedCell ss:Name="_FilterDatabase"/></Cell>
    <Cell ss:StyleID="s110"><NamedCell ss:Name="_FilterDatabase"/></Cell>
   </Row>
   <Row ss:AutoFitHeight="0">
    <Cell ss:StyleID="s103"><NamedCell ss:Name="_FilterDatabase"/></Cell>
    <Cell ss:StyleID="s104"><NamedCell ss:Name="_FilterDatabase"/></Cell>
    <Cell ss:StyleID="s104"><NamedCell ss:Name="_FilterDatabase"/></Cell>
    <Cell ss:StyleID="s105"><NamedCell ss:Name="_FilterDatabase"/></Cell>
    <Cell ss:StyleID="s106"><NamedCell ss:Name="_FilterDatabase"/></Cell>
    <Cell ss:StyleID="s106"><NamedCell ss:Name="_FilterDatabase"/></Cell>
    <Cell ss:StyleID="s106"><NamedCell ss:Name="_FilterDatabase"/></Cell>
    <Cell ss:StyleID="s106"><NamedCell ss:Name="_FilterDatabase"/></Cell>
    <Cell ss:StyleID="s106"><NamedCell ss:Name="_FilterDatabase"/></Cell>
    <Cell ss:StyleID="s106"><NamedCell ss:Name="_FilterDatabase"/></Cell>
    <Cell ss:StyleID="s106"><NamedCell ss:Name="_FilterDatabase"/></Cell>
    <Cell ss:StyleID="s106"><NamedCell ss:Name="_FilterDatabase"/></Cell>
    <Cell ss:StyleID="s106"><NamedCell ss:Name="_FilterDatabase"/></Cell>
    <Cell ss:StyleID="s106"><NamedCell ss:Name="_FilterDatabase"/></Cell>
    <Cell ss:StyleID="s106"><NamedCell ss:Name="_FilterDatabase"/></Cell>
    <Cell ss:StyleID="s107"><NamedCell ss:Name="_FilterDatabase"/></Cell>
    <Cell ss:StyleID="s108"><NamedCell ss:Name="_FilterDatabase"/></Cell>
    <Cell ss:StyleID="s107"><NamedCell ss:Name="_FilterDatabase"/></Cell>
    <Cell ss:StyleID="s108"><NamedCell ss:Name="_FilterDatabase"/></Cell>
    <Cell ss:StyleID="s109"><NamedCell ss:Name="_FilterDatabase"/></Cell>
    <Cell ss:StyleID="s109"><NamedCell ss:Name="_FilterDatabase"/></Cell>
    <Cell ss:StyleID="s109"><NamedCell ss:Name="_FilterDatabase"/></Cell>
    <Cell ss:StyleID="s109"><NamedCell ss:Name="_FilterDatabase"/></Cell>
    <Cell ss:StyleID="s110"><NamedCell ss:Name="_FilterDatabase"/></Cell>
   </Row>
   <Row ss:AutoFitHeight="0">
    <Cell ss:StyleID="s103"><NamedCell ss:Name="_FilterDatabase"/></Cell>
    <Cell ss:StyleID="s104"><NamedCell ss:Name="_FilterDatabase"/></Cell>
    <Cell ss:StyleID="s104"><NamedCell ss:Name="_FilterDatabase"/></Cell>
    <Cell ss:StyleID="s105"><NamedCell ss:Name="_FilterDatabase"/></Cell>
    <Cell ss:StyleID="s106"><NamedCell ss:Name="_FilterDatabase"/></Cell>
    <Cell ss:StyleID="s106"><NamedCell ss:Name="_FilterDatabase"/></Cell>
    <Cell ss:StyleID="s106"><NamedCell ss:Name="_FilterDatabase"/></Cell>
    <Cell ss:StyleID="s106"><NamedCell ss:Name="_FilterDatabase"/></Cell>
    <Cell ss:StyleID="s106"><NamedCell ss:Name="_FilterDatabase"/></Cell>
    <Cell ss:StyleID="s106"><NamedCell ss:Name="_FilterDatabase"/></Cell>
    <Cell ss:StyleID="s106"><NamedCell ss:Name="_FilterDatabase"/></Cell>
    <Cell ss:StyleID="s106"><NamedCell ss:Name="_FilterDatabase"/></Cell>
    <Cell ss:StyleID="s106"><NamedCell ss:Name="_FilterDatabase"/></Cell>
    <Cell ss:StyleID="s106"><NamedCell ss:Name="_FilterDatabase"/></Cell>
    <Cell ss:StyleID="s106"><NamedCell ss:Name="_FilterDatabase"/></Cell>
    <Cell ss:StyleID="s107"><NamedCell ss:Name="_FilterDatabase"/></Cell>
    <Cell ss:StyleID="s108"><NamedCell ss:Name="_FilterDatabase"/></Cell>
    <Cell ss:StyleID="s107"><NamedCell ss:Name="_FilterDatabase"/></Cell>
    <Cell ss:StyleID="s108"><NamedCell ss:Name="_FilterDatabase"/></Cell>
    <Cell ss:StyleID="s109"><NamedCell ss:Name="_FilterDatabase"/></Cell>
    <Cell ss:StyleID="s109"><NamedCell ss:Name="_FilterDatabase"/></Cell>
    <Cell ss:StyleID="s109"><NamedCell ss:Name="_FilterDatabase"/></Cell>
    <Cell ss:StyleID="s109"><NamedCell ss:Name="_FilterDatabase"/></Cell>
    <Cell ss:StyleID="s110"><NamedCell ss:Name="_FilterDatabase"/></Cell>
   </Row>
   <Row ss:AutoFitHeight="0">
    <Cell ss:StyleID="s103"><NamedCell ss:Name="_FilterDatabase"/></Cell>
    <Cell ss:StyleID="s104"><NamedCell ss:Name="_FilterDatabase"/></Cell>
    <Cell ss:StyleID="s104"><NamedCell ss:Name="_FilterDatabase"/></Cell>
    <Cell ss:StyleID="s105"><NamedCell ss:Name="_FilterDatabase"/></Cell>
    <Cell ss:StyleID="s106"><NamedCell ss:Name="_FilterDatabase"/></Cell>
    <Cell ss:StyleID="s106"><NamedCell ss:Name="_FilterDatabase"/></Cell>
    <Cell ss:StyleID="s106"><NamedCell ss:Name="_FilterDatabase"/></Cell>
    <Cell ss:StyleID="s106"><NamedCell ss:Name="_FilterDatabase"/></Cell>
    <Cell ss:StyleID="s106"><NamedCell ss:Name="_FilterDatabase"/></Cell>
    <Cell ss:StyleID="s106"><NamedCell ss:Name="_FilterDatabase"/></Cell>
    <Cell ss:StyleID="s106"><NamedCell ss:Name="_FilterDatabase"/></Cell>
    <Cell ss:StyleID="s106"><NamedCell ss:Name="_FilterDatabase"/></Cell>
    <Cell ss:StyleID="s106"><NamedCell ss:Name="_FilterDatabase"/></Cell>
    <Cell ss:StyleID="s106"><NamedCell ss:Name="_FilterDatabase"/></Cell>
    <Cell ss:StyleID="s106"><NamedCell ss:Name="_FilterDatabase"/></Cell>
    <Cell ss:StyleID="s107"><NamedCell ss:Name="_FilterDatabase"/></Cell>
    <Cell ss:StyleID="s108"><NamedCell ss:Name="_FilterDatabase"/></Cell>
    <Cell ss:StyleID="s107"><NamedCell ss:Name="_FilterDatabase"/></Cell>
    <Cell ss:StyleID="s108"><NamedCell ss:Name="_FilterDatabase"/></Cell>
    <Cell ss:StyleID="s109"><NamedCell ss:Name="_FilterDatabase"/></Cell>
    <Cell ss:StyleID="s109"><NamedCell ss:Name="_FilterDatabase"/></Cell>
    <Cell ss:StyleID="s109"><NamedCell ss:Name="_FilterDatabase"/></Cell>
    <Cell ss:StyleID="s109"><NamedCell ss:Name="_FilterDatabase"/></Cell>
    <Cell ss:StyleID="s110"><NamedCell ss:Name="_FilterDatabase"/></Cell>
   </Row>
   <Row ss:AutoFitHeight="0">
    <Cell ss:StyleID="s103"><NamedCell ss:Name="_FilterDatabase"/></Cell>
    <Cell ss:StyleID="s104"><NamedCell ss:Name="_FilterDatabase"/></Cell>
    <Cell ss:StyleID="s104"><NamedCell ss:Name="_FilterDatabase"/></Cell>
    <Cell ss:StyleID="s105"><NamedCell ss:Name="_FilterDatabase"/></Cell>
    <Cell ss:StyleID="s106"><NamedCell ss:Name="_FilterDatabase"/></Cell>
    <Cell ss:StyleID="s106"><NamedCell ss:Name="_FilterDatabase"/></Cell>
    <Cell ss:StyleID="s106"><NamedCell ss:Name="_FilterDatabase"/></Cell>
    <Cell ss:StyleID="s106"><NamedCell ss:Name="_FilterDatabase"/></Cell>
    <Cell ss:StyleID="s106"><NamedCell ss:Name="_FilterDatabase"/></Cell>
    <Cell ss:StyleID="s106"><NamedCell ss:Name="_FilterDatabase"/></Cell>
    <Cell ss:StyleID="s106"><NamedCell ss:Name="_FilterDatabase"/></Cell>
    <Cell ss:StyleID="s106"><NamedCell ss:Name="_FilterDatabase"/></Cell>
    <Cell ss:StyleID="s106"><NamedCell ss:Name="_FilterDatabase"/></Cell>
    <Cell ss:StyleID="s106"><NamedCell ss:Name="_FilterDatabase"/></Cell>
    <Cell ss:StyleID="s106"><NamedCell ss:Name="_FilterDatabase"/></Cell>
    <Cell ss:StyleID="s107"><NamedCell ss:Name="_FilterDatabase"/></Cell>
    <Cell ss:StyleID="s108"><NamedCell ss:Name="_FilterDatabase"/></Cell>
    <Cell ss:StyleID="s107"><NamedCell ss:Name="_FilterDatabase"/></Cell>
    <Cell ss:StyleID="s108"><NamedCell ss:Name="_FilterDatabase"/></Cell>
    <Cell ss:StyleID="s109"><NamedCell ss:Name="_FilterDatabase"/></Cell>
    <Cell ss:StyleID="s109"><NamedCell ss:Name="_FilterDatabase"/></Cell>
    <Cell ss:StyleID="s109"><NamedCell ss:Name="_FilterDatabase"/></Cell>
    <Cell ss:StyleID="s109"><NamedCell ss:Name="_FilterDatabase"/></Cell>
    <Cell ss:StyleID="s110"><NamedCell ss:Name="_FilterDatabase"/></Cell>
   </Row>
   <Row ss:AutoFitHeight="0">
    <Cell ss:StyleID="s103"><NamedCell ss:Name="_FilterDatabase"/></Cell>
    <Cell ss:StyleID="s104"><NamedCell ss:Name="_FilterDatabase"/></Cell>
    <Cell ss:StyleID="s104"><NamedCell ss:Name="_FilterDatabase"/></Cell>
    <Cell ss:StyleID="s105"><NamedCell ss:Name="_FilterDatabase"/></Cell>
    <Cell ss:StyleID="s106"><NamedCell ss:Name="_FilterDatabase"/></Cell>
    <Cell ss:StyleID="s106"><NamedCell ss:Name="_FilterDatabase"/></Cell>
    <Cell ss:StyleID="s106"><NamedCell ss:Name="_FilterDatabase"/></Cell>
    <Cell ss:StyleID="s106"><NamedCell ss:Name="_FilterDatabase"/></Cell>
    <Cell ss:StyleID="s106"><NamedCell ss:Name="_FilterDatabase"/></Cell>
    <Cell ss:StyleID="s106"><NamedCell ss:Name="_FilterDatabase"/></Cell>
    <Cell ss:StyleID="s106"><NamedCell ss:Name="_FilterDatabase"/></Cell>
    <Cell ss:StyleID="s106"><NamedCell ss:Name="_FilterDatabase"/></Cell>
    <Cell ss:StyleID="s106"><NamedCell ss:Name="_FilterDatabase"/></Cell>
    <Cell ss:StyleID="s106"><NamedCell ss:Name="_FilterDatabase"/></Cell>
    <Cell ss:StyleID="s106"><NamedCell ss:Name="_FilterDatabase"/></Cell>
    <Cell ss:StyleID="s107"><NamedCell ss:Name="_FilterDatabase"/></Cell>
    <Cell ss:StyleID="s108"><NamedCell ss:Name="_FilterDatabase"/></Cell>
    <Cell ss:StyleID="s107"><NamedCell ss:Name="_FilterDatabase"/></Cell>
    <Cell ss:StyleID="s108"><NamedCell ss:Name="_FilterDatabase"/></Cell>
    <Cell ss:StyleID="s109"><NamedCell ss:Name="_FilterDatabase"/></Cell>
    <Cell ss:StyleID="s109"><NamedCell ss:Name="_FilterDatabase"/></Cell>
    <Cell ss:StyleID="s109"><NamedCell ss:Name="_FilterDatabase"/></Cell>
    <Cell ss:StyleID="s109"><NamedCell ss:Name="_FilterDatabase"/></Cell>
    <Cell ss:StyleID="s110"><NamedCell ss:Name="_FilterDatabase"/></Cell>
   </Row>
   <Row ss:AutoFitHeight="0">
    <Cell ss:StyleID="s103"><NamedCell ss:Name="_FilterDatabase"/></Cell>
    <Cell ss:StyleID="s104"><NamedCell ss:Name="_FilterDatabase"/></Cell>
    <Cell ss:StyleID="s104"><NamedCell ss:Name="_FilterDatabase"/></Cell>
    <Cell ss:StyleID="s105"><NamedCell ss:Name="_FilterDatabase"/></Cell>
    <Cell ss:StyleID="s106"><NamedCell ss:Name="_FilterDatabase"/></Cell>
    <Cell ss:StyleID="s106"><NamedCell ss:Name="_FilterDatabase"/></Cell>
    <Cell ss:StyleID="s106"><NamedCell ss:Name="_FilterDatabase"/></Cell>
    <Cell ss:StyleID="s106"><NamedCell ss:Name="_FilterDatabase"/></Cell>
    <Cell ss:StyleID="s106"><NamedCell ss:Name="_FilterDatabase"/></Cell>
    <Cell ss:StyleID="s106"><NamedCell ss:Name="_FilterDatabase"/></Cell>
    <Cell ss:StyleID="s106"><NamedCell ss:Name="_FilterDatabase"/></Cell>
    <Cell ss:StyleID="s106"><NamedCell ss:Name="_FilterDatabase"/></Cell>
    <Cell ss:StyleID="s106"><NamedCell ss:Name="_FilterDatabase"/></Cell>
    <Cell ss:StyleID="s106"><NamedCell ss:Name="_FilterDatabase"/></Cell>
    <Cell ss:StyleID="s106"><NamedCell ss:Name="_FilterDatabase"/></Cell>
    <Cell ss:StyleID="s107"><NamedCell ss:Name="_FilterDatabase"/></Cell>
    <Cell ss:StyleID="s108"><NamedCell ss:Name="_FilterDatabase"/></Cell>
    <Cell ss:StyleID="s107"><NamedCell ss:Name="_FilterDatabase"/></Cell>
    <Cell ss:StyleID="s108"><NamedCell ss:Name="_FilterDatabase"/></Cell>
    <Cell ss:StyleID="s109"><NamedCell ss:Name="_FilterDatabase"/></Cell>
    <Cell ss:StyleID="s109"><NamedCell ss:Name="_FilterDatabase"/></Cell>
    <Cell ss:StyleID="s109"><NamedCell ss:Name="_FilterDatabase"/></Cell>
    <Cell ss:StyleID="s109"><NamedCell ss:Name="_FilterDatabase"/></Cell>
    <Cell ss:StyleID="s110"><NamedCell ss:Name="_FilterDatabase"/></Cell>
   </Row>
   <Row ss:AutoFitHeight="0">
    <Cell ss:StyleID="s103"><NamedCell ss:Name="_FilterDatabase"/></Cell>
    <Cell ss:StyleID="s104"><NamedCell ss:Name="_FilterDatabase"/></Cell>
    <Cell ss:StyleID="s104"><NamedCell ss:Name="_FilterDatabase"/></Cell>
    <Cell ss:StyleID="s105"><NamedCell ss:Name="_FilterDatabase"/></Cell>
    <Cell ss:StyleID="s106"><NamedCell ss:Name="_FilterDatabase"/></Cell>
    <Cell ss:StyleID="s106"><NamedCell ss:Name="_FilterDatabase"/></Cell>
    <Cell ss:StyleID="s106"><NamedCell ss:Name="_FilterDatabase"/></Cell>
    <Cell ss:StyleID="s106"><NamedCell ss:Name="_FilterDatabase"/></Cell>
    <Cell ss:StyleID="s106"><NamedCell ss:Name="_FilterDatabase"/></Cell>
    <Cell ss:StyleID="s106"><NamedCell ss:Name="_FilterDatabase"/></Cell>
    <Cell ss:StyleID="s106"><NamedCell ss:Name="_FilterDatabase"/></Cell>
    <Cell ss:StyleID="s106"><NamedCell ss:Name="_FilterDatabase"/></Cell>
    <Cell ss:StyleID="s106"><NamedCell ss:Name="_FilterDatabase"/></Cell>
    <Cell ss:StyleID="s106"><NamedCell ss:Name="_FilterDatabase"/></Cell>
    <Cell ss:StyleID="s106"><NamedCell ss:Name="_FilterDatabase"/></Cell>
    <Cell ss:StyleID="s107"><NamedCell ss:Name="_FilterDatabase"/></Cell>
    <Cell ss:StyleID="s108"><NamedCell ss:Name="_FilterDatabase"/></Cell>
    <Cell ss:StyleID="s107"><NamedCell ss:Name="_FilterDatabase"/></Cell>
    <Cell ss:StyleID="s108"><NamedCell ss:Name="_FilterDatabase"/></Cell>
    <Cell ss:StyleID="s109"><NamedCell ss:Name="_FilterDatabase"/></Cell>
    <Cell ss:StyleID="s109"><NamedCell ss:Name="_FilterDatabase"/></Cell>
    <Cell ss:StyleID="s109"><NamedCell ss:Name="_FilterDatabase"/></Cell>
    <Cell ss:StyleID="s109"><NamedCell ss:Name="_FilterDatabase"/></Cell>
    <Cell ss:StyleID="s110"><NamedCell ss:Name="_FilterDatabase"/></Cell>
   </Row>
   <Row ss:AutoFitHeight="0">
    <Cell ss:StyleID="s103"><NamedCell ss:Name="_FilterDatabase"/></Cell>
    <Cell ss:StyleID="s104"><NamedCell ss:Name="_FilterDatabase"/></Cell>
    <Cell ss:StyleID="s104"><NamedCell ss:Name="_FilterDatabase"/></Cell>
    <Cell ss:StyleID="s105"><NamedCell ss:Name="_FilterDatabase"/></Cell>
    <Cell ss:StyleID="s106"><NamedCell ss:Name="_FilterDatabase"/></Cell>
    <Cell ss:StyleID="s106"><NamedCell ss:Name="_FilterDatabase"/></Cell>
    <Cell ss:StyleID="s106"><NamedCell ss:Name="_FilterDatabase"/></Cell>
    <Cell ss:StyleID="s106"><NamedCell ss:Name="_FilterDatabase"/></Cell>
    <Cell ss:StyleID="s106"><NamedCell ss:Name="_FilterDatabase"/></Cell>
    <Cell ss:StyleID="s106"><NamedCell ss:Name="_FilterDatabase"/></Cell>
    <Cell ss:StyleID="s106"><NamedCell ss:Name="_FilterDatabase"/></Cell>
    <Cell ss:StyleID="s106"><NamedCell ss:Name="_FilterDatabase"/></Cell>
    <Cell ss:StyleID="s106"><NamedCell ss:Name="_FilterDatabase"/></Cell>
    <Cell ss:StyleID="s106"><NamedCell ss:Name="_FilterDatabase"/></Cell>
    <Cell ss:StyleID="s106"><NamedCell ss:Name="_FilterDatabase"/></Cell>
    <Cell ss:StyleID="s107"><NamedCell ss:Name="_FilterDatabase"/></Cell>
    <Cell ss:StyleID="s108"><NamedCell ss:Name="_FilterDatabase"/></Cell>
    <Cell ss:StyleID="s107"><NamedCell ss:Name="_FilterDatabase"/></Cell>
    <Cell ss:StyleID="s108"><NamedCell ss:Name="_FilterDatabase"/></Cell>
    <Cell ss:StyleID="s109"><NamedCell ss:Name="_FilterDatabase"/></Cell>
    <Cell ss:StyleID="s109"><NamedCell ss:Name="_FilterDatabase"/></Cell>
    <Cell ss:StyleID="s109"><NamedCell ss:Name="_FilterDatabase"/></Cell>
    <Cell ss:StyleID="s109"><NamedCell ss:Name="_FilterDatabase"/></Cell>
    <Cell ss:StyleID="s110"><NamedCell ss:Name="_FilterDatabase"/></Cell>
   </Row>
   <Row ss:AutoFitHeight="0">
    <Cell ss:StyleID="s103"><NamedCell ss:Name="_FilterDatabase"/></Cell>
    <Cell ss:StyleID="s104"><NamedCell ss:Name="_FilterDatabase"/></Cell>
    <Cell ss:StyleID="s104"><NamedCell ss:Name="_FilterDatabase"/></Cell>
    <Cell ss:StyleID="s105"><NamedCell ss:Name="_FilterDatabase"/></Cell>
    <Cell ss:StyleID="s106"><NamedCell ss:Name="_FilterDatabase"/></Cell>
    <Cell ss:StyleID="s106"><NamedCell ss:Name="_FilterDatabase"/></Cell>
    <Cell ss:StyleID="s106"><NamedCell ss:Name="_FilterDatabase"/></Cell>
    <Cell ss:StyleID="s106"><NamedCell ss:Name="_FilterDatabase"/></Cell>
    <Cell ss:StyleID="s106"><NamedCell ss:Name="_FilterDatabase"/></Cell>
    <Cell ss:StyleID="s106"><NamedCell ss:Name="_FilterDatabase"/></Cell>
    <Cell ss:StyleID="s106"><NamedCell ss:Name="_FilterDatabase"/></Cell>
    <Cell ss:StyleID="s106"><NamedCell ss:Name="_FilterDatabase"/></Cell>
    <Cell ss:StyleID="s106"><NamedCell ss:Name="_FilterDatabase"/></Cell>
    <Cell ss:StyleID="s106"><NamedCell ss:Name="_FilterDatabase"/></Cell>
    <Cell ss:StyleID="s106"><NamedCell ss:Name="_FilterDatabase"/></Cell>
    <Cell ss:StyleID="s107"><NamedCell ss:Name="_FilterDatabase"/></Cell>
    <Cell ss:StyleID="s108"><NamedCell ss:Name="_FilterDatabase"/></Cell>
    <Cell ss:StyleID="s107"><NamedCell ss:Name="_FilterDatabase"/></Cell>
    <Cell ss:StyleID="s108"><NamedCell ss:Name="_FilterDatabase"/></Cell>
    <Cell ss:StyleID="s109"><NamedCell ss:Name="_FilterDatabase"/></Cell>
    <Cell ss:StyleID="s109"><NamedCell ss:Name="_FilterDatabase"/></Cell>
    <Cell ss:StyleID="s109"><NamedCell ss:Name="_FilterDatabase"/></Cell>
    <Cell ss:StyleID="s109"><NamedCell ss:Name="_FilterDatabase"/></Cell>
    <Cell ss:StyleID="s110"><NamedCell ss:Name="_FilterDatabase"/></Cell>
   </Row>
   <Row ss:AutoFitHeight="0">
    <Cell ss:StyleID="s103"><NamedCell ss:Name="_FilterDatabase"/></Cell>
    <Cell ss:StyleID="s104"><NamedCell ss:Name="_FilterDatabase"/></Cell>
    <Cell ss:StyleID="s104"><NamedCell ss:Name="_FilterDatabase"/></Cell>
    <Cell ss:StyleID="s105"><NamedCell ss:Name="_FilterDatabase"/></Cell>
    <Cell ss:StyleID="s106"><NamedCell ss:Name="_FilterDatabase"/></Cell>
    <Cell ss:StyleID="s106"><NamedCell ss:Name="_FilterDatabase"/></Cell>
    <Cell ss:StyleID="s106"><NamedCell ss:Name="_FilterDatabase"/></Cell>
    <Cell ss:StyleID="s106"><NamedCell ss:Name="_FilterDatabase"/></Cell>
    <Cell ss:StyleID="s106"><NamedCell ss:Name="_FilterDatabase"/></Cell>
    <Cell ss:StyleID="s106"><NamedCell ss:Name="_FilterDatabase"/></Cell>
    <Cell ss:StyleID="s106"><NamedCell ss:Name="_FilterDatabase"/></Cell>
    <Cell ss:StyleID="s106"><NamedCell ss:Name="_FilterDatabase"/></Cell>
    <Cell ss:StyleID="s106"><NamedCell ss:Name="_FilterDatabase"/></Cell>
    <Cell ss:StyleID="s106"><NamedCell ss:Name="_FilterDatabase"/></Cell>
    <Cell ss:StyleID="s106"><NamedCell ss:Name="_FilterDatabase"/></Cell>
    <Cell ss:StyleID="s107"><NamedCell ss:Name="_FilterDatabase"/></Cell>
    <Cell ss:StyleID="s108"><NamedCell ss:Name="_FilterDatabase"/></Cell>
    <Cell ss:StyleID="s107"><NamedCell ss:Name="_FilterDatabase"/></Cell>
    <Cell ss:StyleID="s108"><NamedCell ss:Name="_FilterDatabase"/></Cell>
    <Cell ss:StyleID="s109"><NamedCell ss:Name="_FilterDatabase"/></Cell>
    <Cell ss:StyleID="s109"><NamedCell ss:Name="_FilterDatabase"/></Cell>
    <Cell ss:StyleID="s109"><NamedCell ss:Name="_FilterDatabase"/></Cell>
    <Cell ss:StyleID="s109"><NamedCell ss:Name="_FilterDatabase"/></Cell>
    <Cell ss:StyleID="s110"><NamedCell ss:Name="_FilterDatabase"/></Cell>
   </Row>
   <Row ss:AutoFitHeight="0">
    <Cell ss:StyleID="s103"><NamedCell ss:Name="_FilterDatabase"/></Cell>
    <Cell ss:StyleID="s104"><NamedCell ss:Name="_FilterDatabase"/></Cell>
    <Cell ss:StyleID="s104"><NamedCell ss:Name="_FilterDatabase"/></Cell>
    <Cell ss:StyleID="s105"><NamedCell ss:Name="_FilterDatabase"/></Cell>
    <Cell ss:StyleID="s106"><NamedCell ss:Name="_FilterDatabase"/></Cell>
    <Cell ss:StyleID="s106"><NamedCell ss:Name="_FilterDatabase"/></Cell>
    <Cell ss:StyleID="s106"><NamedCell ss:Name="_FilterDatabase"/></Cell>
    <Cell ss:StyleID="s106"><NamedCell ss:Name="_FilterDatabase"/></Cell>
    <Cell ss:StyleID="s106"><NamedCell ss:Name="_FilterDatabase"/></Cell>
    <Cell ss:StyleID="s106"><NamedCell ss:Name="_FilterDatabase"/></Cell>
    <Cell ss:StyleID="s106"><NamedCell ss:Name="_FilterDatabase"/></Cell>
    <Cell ss:StyleID="s106"><NamedCell ss:Name="_FilterDatabase"/></Cell>
    <Cell ss:StyleID="s106"><NamedCell ss:Name="_FilterDatabase"/></Cell>
    <Cell ss:StyleID="s106"><NamedCell ss:Name="_FilterDatabase"/></Cell>
    <Cell ss:StyleID="s106"><NamedCell ss:Name="_FilterDatabase"/></Cell>
    <Cell ss:StyleID="s107"><NamedCell ss:Name="_FilterDatabase"/></Cell>
    <Cell ss:StyleID="s108"><NamedCell ss:Name="_FilterDatabase"/></Cell>
    <Cell ss:StyleID="s107"><NamedCell ss:Name="_FilterDatabase"/></Cell>
    <Cell ss:StyleID="s108"><NamedCell ss:Name="_FilterDatabase"/></Cell>
    <Cell ss:StyleID="s109"><NamedCell ss:Name="_FilterDatabase"/></Cell>
    <Cell ss:StyleID="s109"><NamedCell ss:Name="_FilterDatabase"/></Cell>
    <Cell ss:StyleID="s109"><NamedCell ss:Name="_FilterDatabase"/></Cell>
    <Cell ss:StyleID="s109"><NamedCell ss:Name="_FilterDatabase"/></Cell>
    <Cell ss:StyleID="s110"><NamedCell ss:Name="_FilterDatabase"/></Cell>
   </Row>
   <Row ss:AutoFitHeight="0">
    <Cell ss:StyleID="s103"><NamedCell ss:Name="_FilterDatabase"/></Cell>
    <Cell ss:StyleID="s104"><NamedCell ss:Name="_FilterDatabase"/></Cell>
    <Cell ss:StyleID="s104"><NamedCell ss:Name="_FilterDatabase"/></Cell>
    <Cell ss:StyleID="s105"><NamedCell ss:Name="_FilterDatabase"/></Cell>
    <Cell ss:StyleID="s106"><NamedCell ss:Name="_FilterDatabase"/></Cell>
    <Cell ss:StyleID="s106"><NamedCell ss:Name="_FilterDatabase"/></Cell>
    <Cell ss:StyleID="s106"><NamedCell ss:Name="_FilterDatabase"/></Cell>
    <Cell ss:StyleID="s106"><NamedCell ss:Name="_FilterDatabase"/></Cell>
    <Cell ss:StyleID="s106"><NamedCell ss:Name="_FilterDatabase"/></Cell>
    <Cell ss:StyleID="s106"><NamedCell ss:Name="_FilterDatabase"/></Cell>
    <Cell ss:StyleID="s106"><NamedCell ss:Name="_FilterDatabase"/></Cell>
    <Cell ss:StyleID="s106"><NamedCell ss:Name="_FilterDatabase"/></Cell>
    <Cell ss:StyleID="s106"><NamedCell ss:Name="_FilterDatabase"/></Cell>
    <Cell ss:StyleID="s106"><NamedCell ss:Name="_FilterDatabase"/></Cell>
    <Cell ss:StyleID="s106"><NamedCell ss:Name="_FilterDatabase"/></Cell>
    <Cell ss:StyleID="s107"><NamedCell ss:Name="_FilterDatabase"/></Cell>
    <Cell ss:StyleID="s108"><NamedCell ss:Name="_FilterDatabase"/></Cell>
    <Cell ss:StyleID="s107"><NamedCell ss:Name="_FilterDatabase"/></Cell>
    <Cell ss:StyleID="s108"><NamedCell ss:Name="_FilterDatabase"/></Cell>
    <Cell ss:StyleID="s109"><NamedCell ss:Name="_FilterDatabase"/></Cell>
    <Cell ss:StyleID="s109"><NamedCell ss:Name="_FilterDatabase"/></Cell>
    <Cell ss:StyleID="s109"><NamedCell ss:Name="_FilterDatabase"/></Cell>
    <Cell ss:StyleID="s109"><NamedCell ss:Name="_FilterDatabase"/></Cell>
    <Cell ss:StyleID="s110"><NamedCell ss:Name="_FilterDatabase"/></Cell>
   </Row>
   <Row ss:AutoFitHeight="0">
    <Cell ss:StyleID="s103"><NamedCell ss:Name="_FilterDatabase"/></Cell>
    <Cell ss:StyleID="s104"><NamedCell ss:Name="_FilterDatabase"/></Cell>
    <Cell ss:StyleID="s104"><NamedCell ss:Name="_FilterDatabase"/></Cell>
    <Cell ss:StyleID="s105"><NamedCell ss:Name="_FilterDatabase"/></Cell>
    <Cell ss:StyleID="s106"><NamedCell ss:Name="_FilterDatabase"/></Cell>
    <Cell ss:StyleID="s106"><NamedCell ss:Name="_FilterDatabase"/></Cell>
    <Cell ss:StyleID="s106"><NamedCell ss:Name="_FilterDatabase"/></Cell>
    <Cell ss:StyleID="s106"><NamedCell ss:Name="_FilterDatabase"/></Cell>
    <Cell ss:StyleID="s106"><NamedCell ss:Name="_FilterDatabase"/></Cell>
    <Cell ss:StyleID="s106"><NamedCell ss:Name="_FilterDatabase"/></Cell>
    <Cell ss:StyleID="s106"><NamedCell ss:Name="_FilterDatabase"/></Cell>
    <Cell ss:StyleID="s106"><NamedCell ss:Name="_FilterDatabase"/></Cell>
    <Cell ss:StyleID="s106"><NamedCell ss:Name="_FilterDatabase"/></Cell>
    <Cell ss:StyleID="s106"><NamedCell ss:Name="_FilterDatabase"/></Cell>
    <Cell ss:StyleID="s106"><NamedCell ss:Name="_FilterDatabase"/></Cell>
    <Cell ss:StyleID="s107"><NamedCell ss:Name="_FilterDatabase"/></Cell>
    <Cell ss:StyleID="s108"><NamedCell ss:Name="_FilterDatabase"/></Cell>
    <Cell ss:StyleID="s107"><NamedCell ss:Name="_FilterDatabase"/></Cell>
    <Cell ss:StyleID="s108"><NamedCell ss:Name="_FilterDatabase"/></Cell>
    <Cell ss:StyleID="s109"><NamedCell ss:Name="_FilterDatabase"/></Cell>
    <Cell ss:StyleID="s109"><NamedCell ss:Name="_FilterDatabase"/></Cell>
    <Cell ss:StyleID="s109"><NamedCell ss:Name="_FilterDatabase"/></Cell>
    <Cell ss:StyleID="s109"><NamedCell ss:Name="_FilterDatabase"/></Cell>
    <Cell ss:StyleID="s110"><NamedCell ss:Name="_FilterDatabase"/></Cell>
   </Row>
   <Row ss:AutoFitHeight="0">
    <Cell ss:StyleID="s103"><NamedCell ss:Name="_FilterDatabase"/></Cell>
    <Cell ss:StyleID="s104"><NamedCell ss:Name="_FilterDatabase"/></Cell>
    <Cell ss:StyleID="s104"><NamedCell ss:Name="_FilterDatabase"/></Cell>
    <Cell ss:StyleID="s105"><NamedCell ss:Name="_FilterDatabase"/></Cell>
    <Cell ss:StyleID="s106"><NamedCell ss:Name="_FilterDatabase"/></Cell>
    <Cell ss:StyleID="s106"><NamedCell ss:Name="_FilterDatabase"/></Cell>
    <Cell ss:StyleID="s106"><NamedCell ss:Name="_FilterDatabase"/></Cell>
    <Cell ss:StyleID="s106"><NamedCell ss:Name="_FilterDatabase"/></Cell>
    <Cell ss:StyleID="s106"><NamedCell ss:Name="_FilterDatabase"/></Cell>
    <Cell ss:StyleID="s106"><NamedCell ss:Name="_FilterDatabase"/></Cell>
    <Cell ss:StyleID="s106"><NamedCell ss:Name="_FilterDatabase"/></Cell>
    <Cell ss:StyleID="s106"><NamedCell ss:Name="_FilterDatabase"/></Cell>
    <Cell ss:StyleID="s106"><NamedCell ss:Name="_FilterDatabase"/></Cell>
    <Cell ss:StyleID="s106"><NamedCell ss:Name="_FilterDatabase"/></Cell>
    <Cell ss:StyleID="s106"><NamedCell ss:Name="_FilterDatabase"/></Cell>
    <Cell ss:StyleID="s107"><NamedCell ss:Name="_FilterDatabase"/></Cell>
    <Cell ss:StyleID="s108"><NamedCell ss:Name="_FilterDatabase"/></Cell>
    <Cell ss:StyleID="s107"><NamedCell ss:Name="_FilterDatabase"/></Cell>
    <Cell ss:StyleID="s108"><NamedCell ss:Name="_FilterDatabase"/></Cell>
    <Cell ss:StyleID="s109"><NamedCell ss:Name="_FilterDatabase"/></Cell>
    <Cell ss:StyleID="s109"><NamedCell ss:Name="_FilterDatabase"/></Cell>
    <Cell ss:StyleID="s109"><NamedCell ss:Name="_FilterDatabase"/></Cell>
    <Cell ss:StyleID="s109"><NamedCell ss:Name="_FilterDatabase"/></Cell>
    <Cell ss:StyleID="s110"><NamedCell ss:Name="_FilterDatabase"/></Cell>
   </Row>
   <Row ss:AutoFitHeight="0">
    <Cell ss:StyleID="s103"><NamedCell ss:Name="_FilterDatabase"/></Cell>
    <Cell ss:StyleID="s104"><NamedCell ss:Name="_FilterDatabase"/></Cell>
    <Cell ss:StyleID="s104"><NamedCell ss:Name="_FilterDatabase"/></Cell>
    <Cell ss:StyleID="s105"><NamedCell ss:Name="_FilterDatabase"/></Cell>
    <Cell ss:StyleID="s106"><NamedCell ss:Name="_FilterDatabase"/></Cell>
    <Cell ss:StyleID="s106"><NamedCell ss:Name="_FilterDatabase"/></Cell>
    <Cell ss:StyleID="s106"><NamedCell ss:Name="_FilterDatabase"/></Cell>
    <Cell ss:StyleID="s106"><NamedCell ss:Name="_FilterDatabase"/></Cell>
    <Cell ss:StyleID="s106"><NamedCell ss:Name="_FilterDatabase"/></Cell>
    <Cell ss:StyleID="s106"><NamedCell ss:Name="_FilterDatabase"/></Cell>
    <Cell ss:StyleID="s106"><NamedCell ss:Name="_FilterDatabase"/></Cell>
    <Cell ss:StyleID="s106"><NamedCell ss:Name="_FilterDatabase"/></Cell>
    <Cell ss:StyleID="s106"><NamedCell ss:Name="_FilterDatabase"/></Cell>
    <Cell ss:StyleID="s106"><NamedCell ss:Name="_FilterDatabase"/></Cell>
    <Cell ss:StyleID="s106"><NamedCell ss:Name="_FilterDatabase"/></Cell>
    <Cell ss:StyleID="s107"><NamedCell ss:Name="_FilterDatabase"/></Cell>
    <Cell ss:StyleID="s108"><NamedCell ss:Name="_FilterDatabase"/></Cell>
    <Cell ss:StyleID="s107"><NamedCell ss:Name="_FilterDatabase"/></Cell>
    <Cell ss:StyleID="s108"><NamedCell ss:Name="_FilterDatabase"/></Cell>
    <Cell ss:StyleID="s109"><NamedCell ss:Name="_FilterDatabase"/></Cell>
    <Cell ss:StyleID="s109"><NamedCell ss:Name="_FilterDatabase"/></Cell>
    <Cell ss:StyleID="s109"><NamedCell ss:Name="_FilterDatabase"/></Cell>
    <Cell ss:StyleID="s109"><NamedCell ss:Name="_FilterDatabase"/></Cell>
    <Cell ss:StyleID="s110"><NamedCell ss:Name="_FilterDatabase"/></Cell>
   </Row>
   <Row ss:AutoFitHeight="0">
    <Cell ss:StyleID="s103"><NamedCell ss:Name="_FilterDatabase"/></Cell>
    <Cell ss:StyleID="s104"><NamedCell ss:Name="_FilterDatabase"/></Cell>
    <Cell ss:StyleID="s104"><NamedCell ss:Name="_FilterDatabase"/></Cell>
    <Cell ss:StyleID="s105"><NamedCell ss:Name="_FilterDatabase"/></Cell>
    <Cell ss:StyleID="s106"><NamedCell ss:Name="_FilterDatabase"/></Cell>
    <Cell ss:StyleID="s106"><NamedCell ss:Name="_FilterDatabase"/></Cell>
    <Cell ss:StyleID="s106"><NamedCell ss:Name="_FilterDatabase"/></Cell>
    <Cell ss:StyleID="s106"><NamedCell ss:Name="_FilterDatabase"/></Cell>
    <Cell ss:StyleID="s106"><NamedCell ss:Name="_FilterDatabase"/></Cell>
    <Cell ss:StyleID="s106"><NamedCell ss:Name="_FilterDatabase"/></Cell>
    <Cell ss:StyleID="s106"><NamedCell ss:Name="_FilterDatabase"/></Cell>
    <Cell ss:StyleID="s106"><NamedCell ss:Name="_FilterDatabase"/></Cell>
    <Cell ss:StyleID="s106"><NamedCell ss:Name="_FilterDatabase"/></Cell>
    <Cell ss:StyleID="s106"><NamedCell ss:Name="_FilterDatabase"/></Cell>
    <Cell ss:StyleID="s106"><NamedCell ss:Name="_FilterDatabase"/></Cell>
    <Cell ss:StyleID="s107"><NamedCell ss:Name="_FilterDatabase"/></Cell>
    <Cell ss:StyleID="s108"><NamedCell ss:Name="_FilterDatabase"/></Cell>
    <Cell ss:StyleID="s107"><NamedCell ss:Name="_FilterDatabase"/></Cell>
    <Cell ss:StyleID="s108"><NamedCell ss:Name="_FilterDatabase"/></Cell>
    <Cell ss:StyleID="s109"><NamedCell ss:Name="_FilterDatabase"/></Cell>
    <Cell ss:StyleID="s109"><NamedCell ss:Name="_FilterDatabase"/></Cell>
    <Cell ss:StyleID="s109"><NamedCell ss:Name="_FilterDatabase"/></Cell>
    <Cell ss:StyleID="s109"><NamedCell ss:Name="_FilterDatabase"/></Cell>
    <Cell ss:StyleID="s110"><NamedCell ss:Name="_FilterDatabase"/></Cell>
   </Row>
   <Row ss:AutoFitHeight="0">
    <Cell ss:StyleID="s103"><NamedCell ss:Name="_FilterDatabase"/></Cell>
    <Cell ss:StyleID="s104"><NamedCell ss:Name="_FilterDatabase"/></Cell>
    <Cell ss:StyleID="s104"><NamedCell ss:Name="_FilterDatabase"/></Cell>
    <Cell ss:StyleID="s105"><NamedCell ss:Name="_FilterDatabase"/></Cell>
    <Cell ss:StyleID="s106"><NamedCell ss:Name="_FilterDatabase"/></Cell>
    <Cell ss:StyleID="s106"><NamedCell ss:Name="_FilterDatabase"/></Cell>
    <Cell ss:StyleID="s106"><NamedCell ss:Name="_FilterDatabase"/></Cell>
    <Cell ss:StyleID="s106"><NamedCell ss:Name="_FilterDatabase"/></Cell>
    <Cell ss:StyleID="s106"><NamedCell ss:Name="_FilterDatabase"/></Cell>
    <Cell ss:StyleID="s106"><NamedCell ss:Name="_FilterDatabase"/></Cell>
    <Cell ss:StyleID="s106"><NamedCell ss:Name="_FilterDatabase"/></Cell>
    <Cell ss:StyleID="s106"><NamedCell ss:Name="_FilterDatabase"/></Cell>
    <Cell ss:StyleID="s106"><NamedCell ss:Name="_FilterDatabase"/></Cell>
    <Cell ss:StyleID="s106"><NamedCell ss:Name="_FilterDatabase"/></Cell>
    <Cell ss:StyleID="s106"><NamedCell ss:Name="_FilterDatabase"/></Cell>
    <Cell ss:StyleID="s107"><NamedCell ss:Name="_FilterDatabase"/></Cell>
    <Cell ss:StyleID="s108"><NamedCell ss:Name="_FilterDatabase"/></Cell>
    <Cell ss:StyleID="s107"><NamedCell ss:Name="_FilterDatabase"/></Cell>
    <Cell ss:StyleID="s108"><NamedCell ss:Name="_FilterDatabase"/></Cell>
    <Cell ss:StyleID="s109"><NamedCell ss:Name="_FilterDatabase"/></Cell>
    <Cell ss:StyleID="s109"><NamedCell ss:Name="_FilterDatabase"/></Cell>
    <Cell ss:StyleID="s109"><NamedCell ss:Name="_FilterDatabase"/></Cell>
    <Cell ss:StyleID="s109"><NamedCell ss:Name="_FilterDatabase"/></Cell>
    <Cell ss:StyleID="s110"><NamedCell ss:Name="_FilterDatabase"/></Cell>
   </Row>
   <Row ss:AutoFitHeight="0">
    <Cell ss:StyleID="s103"><NamedCell ss:Name="_FilterDatabase"/></Cell>
    <Cell ss:StyleID="s104"><NamedCell ss:Name="_FilterDatabase"/></Cell>
    <Cell ss:StyleID="s104"><NamedCell ss:Name="_FilterDatabase"/></Cell>
    <Cell ss:StyleID="s105"><NamedCell ss:Name="_FilterDatabase"/></Cell>
    <Cell ss:StyleID="s106"><NamedCell ss:Name="_FilterDatabase"/></Cell>
    <Cell ss:StyleID="s106"><NamedCell ss:Name="_FilterDatabase"/></Cell>
    <Cell ss:StyleID="s106"><NamedCell ss:Name="_FilterDatabase"/></Cell>
    <Cell ss:StyleID="s106"><NamedCell ss:Name="_FilterDatabase"/></Cell>
    <Cell ss:StyleID="s106"><NamedCell ss:Name="_FilterDatabase"/></Cell>
    <Cell ss:StyleID="s106"><NamedCell ss:Name="_FilterDatabase"/></Cell>
    <Cell ss:StyleID="s106"><NamedCell ss:Name="_FilterDatabase"/></Cell>
    <Cell ss:StyleID="s106"><NamedCell ss:Name="_FilterDatabase"/></Cell>
    <Cell ss:StyleID="s106"><NamedCell ss:Name="_FilterDatabase"/></Cell>
    <Cell ss:StyleID="s106"><NamedCell ss:Name="_FilterDatabase"/></Cell>
    <Cell ss:StyleID="s106"><NamedCell ss:Name="_FilterDatabase"/></Cell>
    <Cell ss:StyleID="s107"><NamedCell ss:Name="_FilterDatabase"/></Cell>
    <Cell ss:StyleID="s108"><NamedCell ss:Name="_FilterDatabase"/></Cell>
    <Cell ss:StyleID="s107"><NamedCell ss:Name="_FilterDatabase"/></Cell>
    <Cell ss:StyleID="s108"><NamedCell ss:Name="_FilterDatabase"/></Cell>
    <Cell ss:StyleID="s109"><NamedCell ss:Name="_FilterDatabase"/></Cell>
    <Cell ss:StyleID="s109"><NamedCell ss:Name="_FilterDatabase"/></Cell>
    <Cell ss:StyleID="s109"><NamedCell ss:Name="_FilterDatabase"/></Cell>
    <Cell ss:StyleID="s109"><NamedCell ss:Name="_FilterDatabase"/></Cell>
    <Cell ss:StyleID="s110"><NamedCell ss:Name="_FilterDatabase"/></Cell>
   </Row>
   <Row ss:AutoFitHeight="0">
    <Cell ss:StyleID="s103"><NamedCell ss:Name="_FilterDatabase"/></Cell>
    <Cell ss:StyleID="s104"><NamedCell ss:Name="_FilterDatabase"/></Cell>
    <Cell ss:StyleID="s104"><NamedCell ss:Name="_FilterDatabase"/></Cell>
    <Cell ss:StyleID="s105"><NamedCell ss:Name="_FilterDatabase"/></Cell>
    <Cell ss:StyleID="s106"><NamedCell ss:Name="_FilterDatabase"/></Cell>
    <Cell ss:StyleID="s106"><NamedCell ss:Name="_FilterDatabase"/></Cell>
    <Cell ss:StyleID="s106"><NamedCell ss:Name="_FilterDatabase"/></Cell>
    <Cell ss:StyleID="s106"><NamedCell ss:Name="_FilterDatabase"/></Cell>
    <Cell ss:StyleID="s106"><NamedCell ss:Name="_FilterDatabase"/></Cell>
    <Cell ss:StyleID="s106"><NamedCell ss:Name="_FilterDatabase"/></Cell>
    <Cell ss:StyleID="s106"><NamedCell ss:Name="_FilterDatabase"/></Cell>
    <Cell ss:StyleID="s106"><NamedCell ss:Name="_FilterDatabase"/></Cell>
    <Cell ss:StyleID="s106"><NamedCell ss:Name="_FilterDatabase"/></Cell>
    <Cell ss:StyleID="s106"><NamedCell ss:Name="_FilterDatabase"/></Cell>
    <Cell ss:StyleID="s106"><NamedCell ss:Name="_FilterDatabase"/></Cell>
    <Cell ss:StyleID="s107"><NamedCell ss:Name="_FilterDatabase"/></Cell>
    <Cell ss:StyleID="s108"><NamedCell ss:Name="_FilterDatabase"/></Cell>
    <Cell ss:StyleID="s107"><NamedCell ss:Name="_FilterDatabase"/></Cell>
    <Cell ss:StyleID="s108"><NamedCell ss:Name="_FilterDatabase"/></Cell>
    <Cell ss:StyleID="s109"><NamedCell ss:Name="_FilterDatabase"/></Cell>
    <Cell ss:StyleID="s109"><NamedCell ss:Name="_FilterDatabase"/></Cell>
    <Cell ss:StyleID="s109"><NamedCell ss:Name="_FilterDatabase"/></Cell>
    <Cell ss:StyleID="s109"><NamedCell ss:Name="_FilterDatabase"/></Cell>
    <Cell ss:StyleID="s110"><NamedCell ss:Name="_FilterDatabase"/></Cell>
   </Row>
   <Row ss:AutoFitHeight="0">
    <Cell ss:StyleID="s103"><NamedCell ss:Name="_FilterDatabase"/></Cell>
    <Cell ss:StyleID="s104"><NamedCell ss:Name="_FilterDatabase"/></Cell>
    <Cell ss:StyleID="s104"><NamedCell ss:Name="_FilterDatabase"/></Cell>
    <Cell ss:StyleID="s105"><NamedCell ss:Name="_FilterDatabase"/></Cell>
    <Cell ss:StyleID="s106"><NamedCell ss:Name="_FilterDatabase"/></Cell>
    <Cell ss:StyleID="s106"><NamedCell ss:Name="_FilterDatabase"/></Cell>
    <Cell ss:StyleID="s106"><NamedCell ss:Name="_FilterDatabase"/></Cell>
    <Cell ss:StyleID="s106"><NamedCell ss:Name="_FilterDatabase"/></Cell>
    <Cell ss:StyleID="s106"><NamedCell ss:Name="_FilterDatabase"/></Cell>
    <Cell ss:StyleID="s106"><NamedCell ss:Name="_FilterDatabase"/></Cell>
    <Cell ss:StyleID="s106"><NamedCell ss:Name="_FilterDatabase"/></Cell>
    <Cell ss:StyleID="s106"><NamedCell ss:Name="_FilterDatabase"/></Cell>
    <Cell ss:StyleID="s106"><NamedCell ss:Name="_FilterDatabase"/></Cell>
    <Cell ss:StyleID="s106"><NamedCell ss:Name="_FilterDatabase"/></Cell>
    <Cell ss:StyleID="s106"><NamedCell ss:Name="_FilterDatabase"/></Cell>
    <Cell ss:StyleID="s107"><NamedCell ss:Name="_FilterDatabase"/></Cell>
    <Cell ss:StyleID="s108"><NamedCell ss:Name="_FilterDatabase"/></Cell>
    <Cell ss:StyleID="s107"><NamedCell ss:Name="_FilterDatabase"/></Cell>
    <Cell ss:StyleID="s108"><NamedCell ss:Name="_FilterDatabase"/></Cell>
    <Cell ss:StyleID="s109"><NamedCell ss:Name="_FilterDatabase"/></Cell>
    <Cell ss:StyleID="s109"><NamedCell ss:Name="_FilterDatabase"/></Cell>
    <Cell ss:StyleID="s109"><NamedCell ss:Name="_FilterDatabase"/></Cell>
    <Cell ss:StyleID="s109"><NamedCell ss:Name="_FilterDatabase"/></Cell>
    <Cell ss:StyleID="s110"><NamedCell ss:Name="_FilterDatabase"/></Cell>
   </Row>
   <Row ss:AutoFitHeight="0">
    <Cell ss:StyleID="s103"><NamedCell ss:Name="_FilterDatabase"/></Cell>
    <Cell ss:StyleID="s104"><NamedCell ss:Name="_FilterDatabase"/></Cell>
    <Cell ss:StyleID="s104"><NamedCell ss:Name="_FilterDatabase"/></Cell>
    <Cell ss:StyleID="s105"><NamedCell ss:Name="_FilterDatabase"/></Cell>
    <Cell ss:StyleID="s106"><NamedCell ss:Name="_FilterDatabase"/></Cell>
    <Cell ss:StyleID="s106"><NamedCell ss:Name="_FilterDatabase"/></Cell>
    <Cell ss:StyleID="s106"><NamedCell ss:Name="_FilterDatabase"/></Cell>
    <Cell ss:StyleID="s106"><NamedCell ss:Name="_FilterDatabase"/></Cell>
    <Cell ss:StyleID="s106"><NamedCell ss:Name="_FilterDatabase"/></Cell>
    <Cell ss:StyleID="s106"><NamedCell ss:Name="_FilterDatabase"/></Cell>
    <Cell ss:StyleID="s106"><NamedCell ss:Name="_FilterDatabase"/></Cell>
    <Cell ss:StyleID="s106"><NamedCell ss:Name="_FilterDatabase"/></Cell>
    <Cell ss:StyleID="s106"><NamedCell ss:Name="_FilterDatabase"/></Cell>
    <Cell ss:StyleID="s106"><NamedCell ss:Name="_FilterDatabase"/></Cell>
    <Cell ss:StyleID="s106"><NamedCell ss:Name="_FilterDatabase"/></Cell>
    <Cell ss:StyleID="s107"><NamedCell ss:Name="_FilterDatabase"/></Cell>
    <Cell ss:StyleID="s108"><NamedCell ss:Name="_FilterDatabase"/></Cell>
    <Cell ss:StyleID="s107"><NamedCell ss:Name="_FilterDatabase"/></Cell>
    <Cell ss:StyleID="s108"><NamedCell ss:Name="_FilterDatabase"/></Cell>
    <Cell ss:StyleID="s109"><NamedCell ss:Name="_FilterDatabase"/></Cell>
    <Cell ss:StyleID="s109"><NamedCell ss:Name="_FilterDatabase"/></Cell>
    <Cell ss:StyleID="s109"><NamedCell ss:Name="_FilterDatabase"/></Cell>
    <Cell ss:StyleID="s109"><NamedCell ss:Name="_FilterDatabase"/></Cell>
    <Cell ss:StyleID="s110"><NamedCell ss:Name="_FilterDatabase"/></Cell>
   </Row>
   <Row ss:AutoFitHeight="0">
    <Cell ss:StyleID="s103"><NamedCell ss:Name="_FilterDatabase"/></Cell>
    <Cell ss:StyleID="s104"><NamedCell ss:Name="_FilterDatabase"/></Cell>
    <Cell ss:StyleID="s104"><NamedCell ss:Name="_FilterDatabase"/></Cell>
    <Cell ss:StyleID="s105"><NamedCell ss:Name="_FilterDatabase"/></Cell>
    <Cell ss:StyleID="s106"><NamedCell ss:Name="_FilterDatabase"/></Cell>
    <Cell ss:StyleID="s106"><NamedCell ss:Name="_FilterDatabase"/></Cell>
    <Cell ss:StyleID="s106"><NamedCell ss:Name="_FilterDatabase"/></Cell>
    <Cell ss:StyleID="s106"><NamedCell ss:Name="_FilterDatabase"/></Cell>
    <Cell ss:StyleID="s106"><NamedCell ss:Name="_FilterDatabase"/></Cell>
    <Cell ss:StyleID="s106"><NamedCell ss:Name="_FilterDatabase"/></Cell>
    <Cell ss:StyleID="s106"><NamedCell ss:Name="_FilterDatabase"/></Cell>
    <Cell ss:StyleID="s106"><NamedCell ss:Name="_FilterDatabase"/></Cell>
    <Cell ss:StyleID="s106"><NamedCell ss:Name="_FilterDatabase"/></Cell>
    <Cell ss:StyleID="s106"><NamedCell ss:Name="_FilterDatabase"/></Cell>
    <Cell ss:StyleID="s106"><NamedCell ss:Name="_FilterDatabase"/></Cell>
    <Cell ss:StyleID="s107"><NamedCell ss:Name="_FilterDatabase"/></Cell>
    <Cell ss:StyleID="s108"><NamedCell ss:Name="_FilterDatabase"/></Cell>
    <Cell ss:StyleID="s107"><NamedCell ss:Name="_FilterDatabase"/></Cell>
    <Cell ss:StyleID="s108"><NamedCell ss:Name="_FilterDatabase"/></Cell>
    <Cell ss:StyleID="s109"><NamedCell ss:Name="_FilterDatabase"/></Cell>
    <Cell ss:StyleID="s109"><NamedCell ss:Name="_FilterDatabase"/></Cell>
    <Cell ss:StyleID="s109"><NamedCell ss:Name="_FilterDatabase"/></Cell>
    <Cell ss:StyleID="s109"><NamedCell ss:Name="_FilterDatabase"/></Cell>
    <Cell ss:StyleID="s110"><NamedCell ss:Name="_FilterDatabase"/></Cell>
   </Row>
   <Row ss:AutoFitHeight="0">
    <Cell ss:StyleID="s103"><NamedCell ss:Name="_FilterDatabase"/></Cell>
    <Cell ss:StyleID="s104"><NamedCell ss:Name="_FilterDatabase"/></Cell>
    <Cell ss:StyleID="s104"><NamedCell ss:Name="_FilterDatabase"/></Cell>
    <Cell ss:StyleID="s105"><NamedCell ss:Name="_FilterDatabase"/></Cell>
    <Cell ss:StyleID="s106"><NamedCell ss:Name="_FilterDatabase"/></Cell>
    <Cell ss:StyleID="s106"><NamedCell ss:Name="_FilterDatabase"/></Cell>
    <Cell ss:StyleID="s106"><NamedCell ss:Name="_FilterDatabase"/></Cell>
    <Cell ss:StyleID="s106"><NamedCell ss:Name="_FilterDatabase"/></Cell>
    <Cell ss:StyleID="s106"><NamedCell ss:Name="_FilterDatabase"/></Cell>
    <Cell ss:StyleID="s106"><NamedCell ss:Name="_FilterDatabase"/></Cell>
    <Cell ss:StyleID="s106"><NamedCell ss:Name="_FilterDatabase"/></Cell>
    <Cell ss:StyleID="s106"><NamedCell ss:Name="_FilterDatabase"/></Cell>
    <Cell ss:StyleID="s106"><NamedCell ss:Name="_FilterDatabase"/></Cell>
    <Cell ss:StyleID="s106"><NamedCell ss:Name="_FilterDatabase"/></Cell>
    <Cell ss:StyleID="s106"><NamedCell ss:Name="_FilterDatabase"/></Cell>
    <Cell ss:StyleID="s107"><NamedCell ss:Name="_FilterDatabase"/></Cell>
    <Cell ss:StyleID="s108"><NamedCell ss:Name="_FilterDatabase"/></Cell>
    <Cell ss:StyleID="s107"><NamedCell ss:Name="_FilterDatabase"/></Cell>
    <Cell ss:StyleID="s108"><NamedCell ss:Name="_FilterDatabase"/></Cell>
    <Cell ss:StyleID="s109"><NamedCell ss:Name="_FilterDatabase"/></Cell>
    <Cell ss:StyleID="s109"><NamedCell ss:Name="_FilterDatabase"/></Cell>
    <Cell ss:StyleID="s109"><NamedCell ss:Name="_FilterDatabase"/></Cell>
    <Cell ss:StyleID="s109"><NamedCell ss:Name="_FilterDatabase"/></Cell>
    <Cell ss:StyleID="s110"><NamedCell ss:Name="_FilterDatabase"/></Cell>
   </Row>
   <Row ss:AutoFitHeight="0">
    <Cell ss:StyleID="s103"><NamedCell ss:Name="_FilterDatabase"/></Cell>
    <Cell ss:StyleID="s104"><NamedCell ss:Name="_FilterDatabase"/></Cell>
    <Cell ss:StyleID="s104"><NamedCell ss:Name="_FilterDatabase"/></Cell>
    <Cell ss:StyleID="s105"><NamedCell ss:Name="_FilterDatabase"/></Cell>
    <Cell ss:StyleID="s106"><NamedCell ss:Name="_FilterDatabase"/></Cell>
    <Cell ss:StyleID="s106"><NamedCell ss:Name="_FilterDatabase"/></Cell>
    <Cell ss:StyleID="s106"><NamedCell ss:Name="_FilterDatabase"/></Cell>
    <Cell ss:StyleID="s106"><NamedCell ss:Name="_FilterDatabase"/></Cell>
    <Cell ss:StyleID="s106"><NamedCell ss:Name="_FilterDatabase"/></Cell>
    <Cell ss:StyleID="s106"><NamedCell ss:Name="_FilterDatabase"/></Cell>
    <Cell ss:StyleID="s106"><NamedCell ss:Name="_FilterDatabase"/></Cell>
    <Cell ss:StyleID="s106"><NamedCell ss:Name="_FilterDatabase"/></Cell>
    <Cell ss:StyleID="s106"><NamedCell ss:Name="_FilterDatabase"/></Cell>
    <Cell ss:StyleID="s106"><NamedCell ss:Name="_FilterDatabase"/></Cell>
    <Cell ss:StyleID="s106"><NamedCell ss:Name="_FilterDatabase"/></Cell>
    <Cell ss:StyleID="s107"><NamedCell ss:Name="_FilterDatabase"/></Cell>
    <Cell ss:StyleID="s108"><NamedCell ss:Name="_FilterDatabase"/></Cell>
    <Cell ss:StyleID="s107"><NamedCell ss:Name="_FilterDatabase"/></Cell>
    <Cell ss:StyleID="s108"><NamedCell ss:Name="_FilterDatabase"/></Cell>
    <Cell ss:StyleID="s109"><NamedCell ss:Name="_FilterDatabase"/></Cell>
    <Cell ss:StyleID="s109"><NamedCell ss:Name="_FilterDatabase"/></Cell>
    <Cell ss:StyleID="s109"><NamedCell ss:Name="_FilterDatabase"/></Cell>
    <Cell ss:StyleID="s109"><NamedCell ss:Name="_FilterDatabase"/></Cell>
    <Cell ss:StyleID="s110"><NamedCell ss:Name="_FilterDatabase"/></Cell>
   </Row>
   <Row ss:AutoFitHeight="0">
    <Cell ss:StyleID="s113"><NamedCell ss:Name="_FilterDatabase"/></Cell>
    <Cell ss:StyleID="s114"><NamedCell ss:Name="_FilterDatabase"/></Cell>
    <Cell ss:StyleID="s114"><NamedCell ss:Name="_FilterDatabase"/></Cell>
    <Cell ss:StyleID="s115"><NamedCell ss:Name="_FilterDatabase"/></Cell>
    <Cell ss:StyleID="s116"><NamedCell ss:Name="_FilterDatabase"/></Cell>
    <Cell ss:StyleID="s116"><NamedCell ss:Name="_FilterDatabase"/></Cell>
    <Cell ss:StyleID="s116"><NamedCell ss:Name="_FilterDatabase"/></Cell>
    <Cell ss:StyleID="s116"><NamedCell ss:Name="_FilterDatabase"/></Cell>
    <Cell ss:StyleID="s116"><NamedCell ss:Name="_FilterDatabase"/></Cell>
    <Cell ss:StyleID="s116"><NamedCell ss:Name="_FilterDatabase"/></Cell>
    <Cell ss:StyleID="s116"><NamedCell ss:Name="_FilterDatabase"/></Cell>
    <Cell ss:StyleID="s116"><NamedCell ss:Name="_FilterDatabase"/></Cell>
    <Cell ss:StyleID="s116"><NamedCell ss:Name="_FilterDatabase"/></Cell>
    <Cell ss:StyleID="s116"><NamedCell ss:Name="_FilterDatabase"/></Cell>
    <Cell ss:StyleID="s116"><NamedCell ss:Name="_FilterDatabase"/></Cell>
    <Cell ss:StyleID="s117"><NamedCell ss:Name="_FilterDatabase"/></Cell>
    <Cell ss:StyleID="s118"><NamedCell ss:Name="_FilterDatabase"/></Cell>
    <Cell ss:StyleID="s117"><NamedCell ss:Name="_FilterDatabase"/></Cell>
    <Cell ss:StyleID="s118"><NamedCell ss:Name="_FilterDatabase"/></Cell>
    <Cell ss:StyleID="s119"><NamedCell ss:Name="_FilterDatabase"/></Cell>
    <Cell ss:StyleID="s119"><NamedCell ss:Name="_FilterDatabase"/></Cell>
    <Cell ss:StyleID="s119"><NamedCell ss:Name="_FilterDatabase"/></Cell>
    <Cell ss:StyleID="s119"><NamedCell ss:Name="_FilterDatabase"/></Cell>
    <Cell ss:StyleID="s120"><NamedCell ss:Name="_FilterDatabase"/></Cell>
   </Row>
   <Row ss:AutoFitHeight="0"/>
  </Table>
  <WorksheetOptions xmlns="urn:schemas-microsoft-com:office:excel">
   <PageSetup>
    <Header x:Margin="0.3"/>
    <Footer x:Margin="0.3"/>
    <PageMargins x:Bottom="0.75" x:Left="0.7" x:Right="0.7" x:Top="0.75"/>
   </PageSetup>
   <Unsynced/>
   <Print>
    <ValidPrinterInfo/>
    <HorizontalResolution>600</HorizontalResolution>
    <VerticalResolution>600</VerticalResolution>
   </Print>
   <Selected/>
   <FreezePanes/>
   <FrozenNoSplit/>
   <SplitHorizontal>1</SplitHorizontal>
   <TopRowBottomPane>1</TopRowBottomPane>
   <SplitVertical>4</SplitVertical>
   <LeftColumnRightPane>4</LeftColumnRightPane>
   <ActivePane>0</ActivePane>
   <Panes>
    <Pane>
     <Number>3</Number>
    </Pane>
    <Pane>
     <Number>1</Number>
     <ActiveCol>1</ActiveCol>
    </Pane>
    <Pane>
     <Number>2</Number>
    </Pane>
    <Pane>
     <Number>0</Number>
     <ActiveRow>6</ActiveRow>
     <ActiveCol>3</ActiveCol>
    </Pane>
   </Panes>
   <ProtectObjects>False</ProtectObjects>
   <ProtectScenarios>False</ProtectScenarios>
   <x:PageLayoutZoom>0</x:PageLayoutZoom>
  </WorksheetOptions>
  <AutoFilter x:Range="R1C1:R59C24"
   xmlns="urn:schemas-microsoft-com:office:excel">
  </AutoFilter>
 </Worksheet>
</Workbook>
