<ValueSet xmlns="http://hl7.org/fhir">
  <id value="test-ig-vsext"/>
  <url value="http://hl7.org/fhir/test/ValueSet/test-ig-vsext"/>
  <version value="0.1"/>
  <name value="Test IG Value Set (from SNOMED CT)"/>
  <status value="draft"/>
  <experimental value="true"/>
  <publisher value="HL7 International"/>
  <contact>
    <name value="FHIR project team"/>
    <telecom>
      <system value="other"/>
      <value value="http://hl7.org/fhir"/>
    </telecom>
  </contact>
  <date value="2016-06-13"/>
  <description value="Example value set for testing IG publication issues. This value set tests use of SNOMED CT"/>

  <compose>
    <include>
      <system value="http://snomed.info/sct"/>
      <filter>
        <property value="concept"/>
        <op value="is-a"/>
        <value value="404684003"/>
      </filter>
    </include>
  </compose>
</ValueSet>
