<Bundle xmlns="http://hl7.org/fhir">
  <id value="test-ig-bnd"/>
  <type value="collection"/>
  <entry>
    <resource>
      <ValueSet xmlns="http://hl7.org/fhir">
        <id value="test-ig-bnd1"/>
        <url value="http://hl7.org/fhir/test/ValueSet/test-ig-bnd1"/>
        <version value="0.1"/>
        <name value="Test IG Value Set (Bundle 1)"/>
        <status value="draft"/>
        <experimental value="true"/>
        <publisher value="HL7 International"/>
        <contact>
          <name value="FHIR project team"/>
          <telecom>
            <system value="other"/>
            <value value="http://hl7.org/fhir"/>
          </telecom>
        </contact>
        <date value="2016-01-28"/>
        <description value="Example value set for testing IG publication issues"/>

        <compose>
          <include>
            <system value="http://hl7.org/fhir/CodeSystem/test-ig-cs"/>
            <concept>
              <code value="code 1"/>
            </concept>
            <concept>
              <code value="code 2"/>
            </concept>
          </include>
        </compose>
      </ValueSet>
    </resource>
  </entry>
  <entry>
    <resource>
      <ValueSet xmlns="http://hl7.org/fhir">
        <id value="test-ig-bnd2"/>
        <url value="http://hl7.org/fhir/test/ValueSet/test-ig-bnd2"/>
        <version value="0.1"/>
        <name value="Test IG Value Set (Bundle 2)"/>
        <status value="draft"/>
        <experimental value="true"/>
        <publisher value="HL7 International"/>
        <contact>
          <name value="FHIR project team"/>
          <telecom>
            <system value="other"/>
            <value value="http://hl7.org/fhir"/>
          </telecom>
        </contact>
        <date value="2016-01-28"/>
        <description value="Example value set for testing IG publication issues"/>

        <compose>
          <include>
            <system value="http://hl7.org/fhir/CodeSystem/test-ig-cs"/>
            <concept>
              <code value="code 1"/>
            </concept>
            <concept>
              <code value="code 3"/>
            </concept>
          </include>
        </compose>
      </ValueSet>
    </resource>
  </entry>
</Bundle>
